<?xml version="1.0" encoding="UTF-8"?>
<coverage generated="1700493739150" clover="3.2.0">
  <project timestamp="1700493739150" name="All files">
    <metrics statements="177" coveredstatements="73" conditionals="113" coveredconditionals="30" methods="87" coveredmethods="41" elements="377" coveredelements="144" complexity="0" loc="177" ncloc="177" packages="1" files="7" classes="7"/>
    <file name="answers-Services.ts" path="C:\Users\fcvit\OneDrive\Desktop\Webutvikling\Prosjektoppgave-H23-1\server\src\services\answers-Services.ts">
      <metrics statements="46" coveredstatements="9" conditionals="25" coveredconditionals="2" methods="24" coveredmethods="6"/>
      <line num="20" count="1" type="stmt"/>
      <line num="21" count="1" type="stmt"/>
      <line num="25" count="1" type="cond" truecount="1" falsecount="1"/>
      <line num="26" count="1" type="stmt"/>
      <line num="36" count="1" type="stmt"/>
      <line num="37" count="1" type="stmt"/>
      <line num="41" count="1" type="cond" truecount="1" falsecount="1"/>
      <line num="42" count="1" type="stmt"/>
      <line num="52" count="0" type="stmt"/>
      <line num="53" count="0" type="stmt"/>
      <line num="57" count="0" type="cond" truecount="0" falsecount="2"/>
      <line num="58" count="0" type="cond" truecount="0" falsecount="2"/>
      <line num="59" count="0" type="stmt"/>
      <line num="69" count="0" type="stmt"/>
      <line num="70" count="0" type="stmt"/>
      <line num="74" count="0" type="cond" truecount="0" falsecount="2"/>
      <line num="75" count="0" type="cond" truecount="0" falsecount="2"/>
      <line num="76" count="0" type="stmt"/>
      <line num="86" count="0" type="stmt"/>
      <line num="87" count="0" type="stmt"/>
      <line num="91" count="0" type="cond" truecount="0" falsecount="2"/>
      <line num="92" count="0" type="stmt"/>
      <line num="94" count="0" type="cond" truecount="0" falsecount="2"/>
      <line num="95" count="0" type="stmt"/>
      <line num="97" count="0" type="stmt"/>
      <line num="104" count="0" type="stmt"/>
      <line num="105" count="0" type="stmt"/>
      <line num="109" count="0" type="cond" truecount="0" falsecount="2"/>
      <line num="110" count="0" type="stmt"/>
      <line num="112" count="0" type="stmt"/>
      <line num="123" count="0" type="cond" truecount="0" falsecount="3"/>
      <line num="125" count="0" type="stmt"/>
      <line num="126" count="0" type="stmt"/>
      <line num="128" count="0" type="stmt"/>
      <line num="129" count="0" type="stmt"/>
      <line num="131" count="0" type="stmt"/>
      <line num="134" count="0" type="stmt"/>
      <line num="135" count="0" type="stmt"/>
      <line num="146" count="0" type="cond" truecount="0" falsecount="2"/>
      <line num="147" count="0" type="stmt"/>
      <line num="154" count="0" type="stmt"/>
      <line num="155" count="0" type="stmt"/>
      <line num="162" count="0" type="stmt"/>
      <line num="163" count="0" type="cond" truecount="0" falsecount="2"/>
      <line num="164" count="0" type="stmt"/>
      <line num="170" count="1" type="stmt"/>
    </file>
    <file name="comments-Services.ts" path="C:\Users\fcvit\OneDrive\Desktop\Webutvikling\Prosjektoppgave-H23-1\server\src\services\comments-Services.ts">
      <metrics statements="25" coveredstatements="11" conditionals="18" coveredconditionals="4" methods="15" coveredmethods="6"/>
      <line num="20" count="1" type="stmt"/>
      <line num="21" count="1" type="stmt"/>
      <line num="25" count="1" type="cond" truecount="1" falsecount="1"/>
      <line num="26" count="1" type="stmt"/>
      <line num="36" count="0" type="stmt"/>
      <line num="37" count="0" type="stmt"/>
      <line num="41" count="0" type="cond" truecount="0" falsecount="2"/>
      <line num="42" count="0" type="stmt"/>
      <line num="57" count="1" type="stmt"/>
      <line num="58" count="1" type="cond" truecount="1" falsecount="1"/>
      <line num="59" count="1" type="cond" truecount="1" falsecount="1"/>
      <line num="60" count="1" type="stmt"/>
      <line num="64" count="1" type="cond" truecount="1" falsecount="1"/>
      <line num="65" count="1" type="stmt"/>
      <line num="75" count="0" type="stmt"/>
      <line num="76" count="0" type="stmt"/>
      <line num="80" count="0" type="cond" truecount="0" falsecount="2"/>
      <line num="81" count="0" type="cond" truecount="0" falsecount="2"/>
      <line num="82" count="0" type="stmt"/>
      <line num="92" count="0" type="stmt"/>
      <line num="93" count="0" type="stmt"/>
      <line num="97" count="0" type="cond" truecount="0" falsecount="2"/>
      <line num="98" count="0" type="cond" truecount="0" falsecount="2"/>
      <line num="99" count="0" type="stmt"/>
      <line num="106" count="1" type="stmt"/>
    </file>
    <file name="favorites-Services.ts" path="C:\Users\fcvit\OneDrive\Desktop\Webutvikling\Prosjektoppgave-H23-1\server\src\services\favorites-Services.ts">
      <metrics statements="15" coveredstatements="10" conditionals="8" coveredconditionals="3" methods="6" coveredmethods="6"/>
      <line num="9" count="1" type="stmt"/>
      <line num="10" count="1" type="stmt"/>
      <line num="14" count="1" type="cond" truecount="1" falsecount="1"/>
      <line num="16" count="0" type="cond" truecount="0" falsecount="2"/>
      <line num="17" count="0" type="stmt"/>
      <line num="19" count="0" type="stmt"/>
      <line num="21" count="1" type="stmt"/>
      <line num="31" count="1" type="stmt"/>
      <line num="32" count="1" type="stmt"/>
      <line num="36" count="1" type="cond" truecount="1" falsecount="1"/>
      <line num="37" count="0" type="stmt"/>
      <line num="39" count="1" type="cond" truecount="1" falsecount="1"/>
      <line num="40" count="0" type="stmt"/>
      <line num="42" count="1" type="stmt"/>
      <line num="49" count="1" type="stmt"/>
    </file>
    <file name="questions-Services.ts" path="C:\Users\fcvit\OneDrive\Desktop\Webutvikling\Prosjektoppgave-H23-1\server\src\services\questions-Services.ts">
      <metrics statements="44" coveredstatements="15" conditionals="24" coveredconditionals="8" methods="21" coveredmethods="9"/>
      <line num="20" count="0" type="stmt"/>
      <line num="21" count="0" type="stmt"/>
      <line num="25" count="0" type="cond" truecount="0" falsecount="2"/>
      <line num="27" count="0" type="stmt"/>
      <line num="37" count="2" type="stmt"/>
      <line num="38" count="2" type="stmt"/>
      <line num="42" count="2" type="cond" truecount="2" falsecount="0"/>
      <line num="43" count="1" type="stmt"/>
      <line num="53" count="2" type="stmt"/>
      <line num="54" count="2" type="stmt"/>
      <line num="58" count="2" type="cond" truecount="2" falsecount="0"/>
      <line num="59" count="1" type="cond" truecount="1" falsecount="1"/>
      <line num="60" count="0" type="stmt"/>
      <line num="62" count="1" type="stmt"/>
      <line num="72" count="2" type="stmt"/>
      <line num="73" count="2" type="stmt"/>
      <line num="77" count="2" type="cond" truecount="2" falsecount="0"/>
      <line num="78" count="1" type="cond" truecount="1" falsecount="1"/>
      <line num="79" count="0" type="stmt"/>
      <line num="81" count="1" type="stmt"/>
      <line num="93" count="0" type="stmt"/>
      <line num="94" count="0" type="stmt"/>
      <line num="96" count="0" type="stmt"/>
      <line num="106" count="0" type="cond" truecount="0" falsecount="2"/>
      <line num="109" count="0" type="cond" truecount="0" falsecount="2"/>
      <line num="111" count="0" type="stmt"/>
      <line num="114" count="0" type="stmt"/>
      <line num="147" count="0" type="cond" truecount="0" falsecount="4"/>
      <line num="149" count="0" type="stmt"/>
      <line num="150" count="0" type="stmt"/>
      <line num="152" count="0" type="stmt"/>
      <line num="153" count="0" type="stmt"/>
      <line num="155" count="0" type="stmt"/>
      <line num="156" count="0" type="stmt"/>
      <line num="159" count="0" type="stmt"/>
      <line num="162" count="0" type="stmt"/>
      <line num="163" count="0" type="stmt"/>
      <line num="176" count="0" type="cond" truecount="0" falsecount="2"/>
      <line num="177" count="0" type="stmt"/>
      <line num="184" count="0" type="stmt"/>
      <line num="185" count="0" type="stmt"/>
      <line num="192" count="0" type="cond" truecount="0" falsecount="2"/>
      <line num="193" count="0" type="stmt"/>
      <line num="200" count="1" type="stmt"/>
    </file>
    <file name="tags-Services.ts" path="C:\Users\fcvit\OneDrive\Desktop\Webutvikling\Prosjektoppgave-H23-1\server\src\services\tags-Services.ts">
      <metrics statements="20" coveredstatements="9" conditionals="16" coveredconditionals="2" methods="12" coveredmethods="6"/>
      <line num="14" count="1" type="stmt"/>
      <line num="15" count="1" type="stmt"/>
      <line num="16" count="1" type="cond" truecount="1" falsecount="1"/>
      <line num="17" count="1" type="stmt"/>
      <line num="26" count="1" type="stmt"/>
      <line num="27" count="1" type="stmt"/>
      <line num="31" count="1" type="cond" truecount="1" falsecount="1"/>
      <line num="32" count="1" type="stmt"/>
      <line num="42" count="0" type="stmt"/>
      <line num="43" count="0" type="stmt"/>
      <line num="47" count="0" type="cond" truecount="0" falsecount="2"/>
      <line num="48" count="0" type="stmt"/>
      <line num="59" count="0" type="cond" truecount="0" falsecount="2"/>
      <line num="60" count="0" type="cond" truecount="0" falsecount="2"/>
      <line num="61" count="0" type="cond" truecount="0" falsecount="2"/>
      <line num="63" count="0" type="stmt"/>
      <line num="64" count="0" type="stmt"/>
      <line num="74" count="0" type="cond" truecount="0" falsecount="2"/>
      <line num="75" count="0" type="stmt"/>
      <line num="82" count="1" type="stmt"/>
    </file>
    <file name="users-Services.ts" path="C:\Users\fcvit\OneDrive\Desktop\Webutvikling\Prosjektoppgave-H23-1\server\src\services\users-Services.ts">
      <metrics statements="11" coveredstatements="10" conditionals="10" coveredconditionals="7" methods="4" coveredmethods="4"/>
      <line num="6" count="1" type="stmt"/>
      <line num="7" count="1" type="stmt"/>
      <line num="12" count="1" type="stmt"/>
      <line num="13" count="1" type="stmt"/>
      <line num="18" count="2" type="stmt"/>
      <line num="19" count="2" type="cond" truecount="1" falsecount="1"/>
      <line num="21" count="2" type="cond" truecount="3" falsecount="1"/>
      <line num="22" count="2" type="stmt"/>
      <line num="23" count="2" type="cond" truecount="3" falsecount="1"/>
      <line num="24" count="2" type="stmt"/>
      <line num="27" count="0" type="stmt"/>
    </file>
    <file name="votes-Services.ts" path="C:\Users\fcvit\OneDrive\Desktop\Webutvikling\Prosjektoppgave-H23-1\server\src\services\votes-Services.ts">
      <metrics statements="16" coveredstatements="9" conditionals="12" coveredconditionals="4" methods="5" coveredmethods="4"/>
      <line num="9" count="1" type="cond" truecount="1" falsecount="1"/>
      <line num="10" count="1" type="stmt"/>
      <line num="12" count="1" type="stmt"/>
      <line num="16" count="1" type="cond" truecount="1" falsecount="1"/>
      <line num="17" count="0" type="stmt"/>
      <line num="19" count="1" type="cond" truecount="1" falsecount="1"/>
      <line num="20" count="0" type="stmt"/>
      <line num="21" count="0" type="stmt"/>
      <line num="25" count="0" type="cond" truecount="0" falsecount="2"/>
      <line num="26" count="0" type="cond" truecount="0" falsecount="2"/>
      <line num="27" count="0" type="stmt"/>
      <line num="29" count="0" type="stmt"/>
      <line num="34" count="1" type="stmt"/>
      <line num="38" count="1" type="cond" truecount="1" falsecount="1"/>
      <line num="39" count="1" type="stmt"/>
      <line num="49" count="1" type="stmt"/>
    </file>
  </project>
</coverage>
