{"C:\\Users\\fcvit\\OneDrive\\Desktop\\Webutvikling\\Prosjektoppgave-H23-1\\server\\src\\services\\answers-Services.ts": {"path":"C:\\Users\\fcvit\\OneDrive\\Desktop\\Webutvikling\\Prosjektoppgave-H23-1\\server\\src\\services\\answers-Services.ts","statementMap":{"0":{"start":{"line":20,"column":4},"end":{"line":29,"column":7}},"1":{"start":{"line":21,"column":6},"end":{"line":28,"column":8}},"2":{"start":{"line":25,"column":10},"end":{"line":26,"column":44}},"3":{"start":{"line":25,"column":21},"end":{"line":25,"column":35}},"4":{"start":{"line":26,"column":15},"end":{"line":26,"column":44}},"5":{"start":{"line":36,"column":4},"end":{"line":45,"column":7}},"6":{"start":{"line":37,"column":6},"end":{"line":44,"column":8}},"7":{"start":{"line":41,"column":10},"end":{"line":42,"column":41}},"8":{"start":{"line":41,"column":21},"end":{"line":41,"column":35}},"9":{"start":{"line":42,"column":15},"end":{"line":42,"column":41}},"10":{"start":{"line":52,"column":4},"end":{"line":62,"column":7}},"11":{"start":{"line":53,"column":6},"end":{"line":61,"column":8}},"12":{"start":{"line":57,"column":10},"end":{"line":59,"column":25}},"13":{"start":{"line":57,"column":21},"end":{"line":57,"column":35}},"14":{"start":{"line":58,"column":15},"end":{"line":59,"column":25}},"15":{"start":{"line":58,"column":47},"end":{"line":58,"column":91}},"16":{"start":{"line":59,"column":15},"end":{"line":59,"column":25}},"17":{"start":{"line":69,"column":4},"end":{"line":79,"column":7}},"18":{"start":{"line":70,"column":6},"end":{"line":78,"column":8}},"19":{"start":{"line":74,"column":10},"end":{"line":76,"column":25}},"20":{"start":{"line":74,"column":21},"end":{"line":74,"column":35}},"21":{"start":{"line":75,"column":15},"end":{"line":76,"column":25}},"22":{"start":{"line":75,"column":47},"end":{"line":75,"column":91}},"23":{"start":{"line":76,"column":15},"end":{"line":76,"column":25}},"24":{"start":{"line":86,"column":4},"end":{"line":100,"column":7}},"25":{"start":{"line":87,"column":6},"end":{"line":99,"column":8}},"26":{"start":{"line":91,"column":10},"end":{"line":93,"column":11}},"27":{"start":{"line":92,"column":12},"end":{"line":92,"column":33}},"28":{"start":{"line":94,"column":10},"end":{"line":96,"column":11}},"29":{"start":{"line":95,"column":12},"end":{"line":95,"column":74}},"30":{"start":{"line":97,"column":10},"end":{"line":97,"column":20}},"31":{"start":{"line":104,"column":4},"end":{"line":115,"column":7}},"32":{"start":{"line":105,"column":6},"end":{"line":114,"column":8}},"33":{"start":{"line":109,"column":10},"end":{"line":111,"column":11}},"34":{"start":{"line":110,"column":12},"end":{"line":110,"column":33}},"35":{"start":{"line":112,"column":10},"end":{"line":112,"column":39}},"36":{"start":{"line":123,"column":4},"end":{"line":132,"column":5}},"37":{"start":{"line":125,"column":8},"end":{"line":125,"column":63}},"38":{"start":{"line":126,"column":8},"end":{"line":126,"column":14}},"39":{"start":{"line":128,"column":8},"end":{"line":128,"column":64}},"40":{"start":{"line":129,"column":8},"end":{"line":129,"column":14}},"41":{"start":{"line":131,"column":8},"end":{"line":131,"column":43}},"42":{"start":{"line":134,"column":4},"end":{"line":150,"column":7}},"43":{"start":{"line":135,"column":6},"end":{"line":149,"column":8}},"44":{"start":{"line":146,"column":10},"end":{"line":146,"column":42}},"45":{"start":{"line":146,"column":21},"end":{"line":146,"column":42}},"46":{"start":{"line":147,"column":10},"end":{"line":147,"column":39}},"47":{"start":{"line":154,"column":4},"end":{"line":166,"column":7}},"48":{"start":{"line":155,"column":20},"end":{"line":161,"column":5}},"49":{"start":{"line":162,"column":6},"end":{"line":165,"column":9}},"50":{"start":{"line":163,"column":8},"end":{"line":163,"column":40}},"51":{"start":{"line":163,"column":19},"end":{"line":163,"column":40}},"52":{"start":{"line":164,"column":8},"end":{"line":164,"column":18}},"53":{"start":{"line":170,"column":22},"end":{"line":170,"column":41}}},"fnMap":{"0":{"name":"(anonymous_0)","decl":{"start":{"line":19,"column":2},"end":{"line":19,"column":3}},"loc":{"start":{"line":19,"column":63},"end":{"line":30,"column":3}},"line":19},"1":{"name":"(anonymous_1)","decl":{"start":{"line":20,"column":23},"end":{"line":20,"column":24}},"loc":{"start":{"line":20,"column":44},"end":{"line":29,"column":5}},"line":20},"2":{"name":"(anonymous_2)","decl":{"start":{"line":24,"column":8},"end":{"line":24,"column":9}},"loc":{"start":{"line":24,"column":45},"end":{"line":27,"column":9}},"line":24},"3":{"name":"(anonymous_3)","decl":{"start":{"line":35,"column":2},"end":{"line":35,"column":3}},"loc":{"start":{"line":35,"column":82},"end":{"line":46,"column":3}},"line":35},"4":{"name":"(anonymous_4)","decl":{"start":{"line":36,"column":23},"end":{"line":36,"column":24}},"loc":{"start":{"line":36,"column":44},"end":{"line":45,"column":5}},"line":36},"5":{"name":"(anonymous_5)","decl":{"start":{"line":40,"column":8},"end":{"line":40,"column":9}},"loc":{"start":{"line":40,"column":45},"end":{"line":43,"column":9}},"line":40},"6":{"name":"(anonymous_6)","decl":{"start":{"line":51,"column":2},"end":{"line":51,"column":3}},"loc":{"start":{"line":51,"column":65},"end":{"line":63,"column":3}},"line":51},"7":{"name":"(anonymous_7)","decl":{"start":{"line":52,"column":23},"end":{"line":52,"column":24}},"loc":{"start":{"line":52,"column":44},"end":{"line":62,"column":5}},"line":52},"8":{"name":"(anonymous_8)","decl":{"start":{"line":56,"column":8},"end":{"line":56,"column":9}},"loc":{"start":{"line":56,"column":45},"end":{"line":60,"column":9}},"line":56},"9":{"name":"(anonymous_9)","decl":{"start":{"line":68,"column":2},"end":{"line":68,"column":3}},"loc":{"start":{"line":68,"column":48},"end":{"line":80,"column":3}},"line":68},"10":{"name":"(anonymous_10)","decl":{"start":{"line":69,"column":23},"end":{"line":69,"column":24}},"loc":{"start":{"line":69,"column":44},"end":{"line":79,"column":5}},"line":69},"11":{"name":"(anonymous_11)","decl":{"start":{"line":73,"column":8},"end":{"line":73,"column":9}},"loc":{"start":{"line":73,"column":45},"end":{"line":77,"column":9}},"line":73},"12":{"name":"(anonymous_12)","decl":{"start":{"line":85,"column":2},"end":{"line":85,"column":3}},"loc":{"start":{"line":85,"column":76},"end":{"line":101,"column":3}},"line":85},"13":{"name":"(anonymous_13)","decl":{"start":{"line":86,"column":23},"end":{"line":86,"column":24}},"loc":{"start":{"line":86,"column":44},"end":{"line":100,"column":5}},"line":86},"14":{"name":"(anonymous_14)","decl":{"start":{"line":90,"column":8},"end":{"line":90,"column":9}},"loc":{"start":{"line":90,"column":45},"end":{"line":98,"column":9}},"line":90},"15":{"name":"(anonymous_15)","decl":{"start":{"line":103,"column":2},"end":{"line":103,"column":3}},"loc":{"start":{"line":103,"column":56},"end":{"line":116,"column":3}},"line":103},"16":{"name":"(anonymous_16)","decl":{"start":{"line":104,"column":23},"end":{"line":104,"column":24}},"loc":{"start":{"line":104,"column":44},"end":{"line":115,"column":5}},"line":104},"17":{"name":"(anonymous_17)","decl":{"start":{"line":108,"column":8},"end":{"line":108,"column":9}},"loc":{"start":{"line":108,"column":45},"end":{"line":113,"column":9}},"line":108},"18":{"name":"(anonymous_18)","decl":{"start":{"line":121,"column":2},"end":{"line":121,"column":3}},"loc":{"start":{"line":121,"column":88},"end":{"line":151,"column":3}},"line":121},"19":{"name":"(anonymous_19)","decl":{"start":{"line":134,"column":33},"end":{"line":134,"column":34}},"loc":{"start":{"line":134,"column":54},"end":{"line":150,"column":5}},"line":134},"20":{"name":"(anonymous_20)","decl":{"start":{"line":145,"column":8},"end":{"line":145,"column":9}},"loc":{"start":{"line":145,"column":45},"end":{"line":148,"column":9}},"line":145},"21":{"name":"(anonymous_21)","decl":{"start":{"line":153,"column":2},"end":{"line":153,"column":3}},"loc":{"start":{"line":153,"column":53},"end":{"line":167,"column":3}},"line":153},"22":{"name":"(anonymous_22)","decl":{"start":{"line":154,"column":23},"end":{"line":154,"column":24}},"loc":{"start":{"line":154,"column":44},"end":{"line":166,"column":5}},"line":154},"23":{"name":"(anonymous_23)","decl":{"start":{"line":162,"column":36},"end":{"line":162,"column":37}},"loc":{"start":{"line":162,"column":73},"end":{"line":165,"column":7}},"line":162}},"branchMap":{"0":{"loc":{"start":{"line":25,"column":10},"end":{"line":26,"column":44}},"type":"if","locations":[{"start":{"line":25,"column":10},"end":{"line":26,"column":44}},{"start":{"line":26,"column":15},"end":{"line":26,"column":44}}],"line":25},"1":{"loc":{"start":{"line":41,"column":10},"end":{"line":42,"column":41}},"type":"if","locations":[{"start":{"line":41,"column":10},"end":{"line":42,"column":41}},{"start":{"line":42,"column":15},"end":{"line":42,"column":41}}],"line":41},"2":{"loc":{"start":{"line":57,"column":10},"end":{"line":59,"column":25}},"type":"if","locations":[{"start":{"line":57,"column":10},"end":{"line":59,"column":25}},{"start":{"line":58,"column":15},"end":{"line":59,"column":25}}],"line":57},"3":{"loc":{"start":{"line":58,"column":15},"end":{"line":59,"column":25}},"type":"if","locations":[{"start":{"line":58,"column":15},"end":{"line":59,"column":25}},{"start":{"line":59,"column":15},"end":{"line":59,"column":25}}],"line":58},"4":{"loc":{"start":{"line":74,"column":10},"end":{"line":76,"column":25}},"type":"if","locations":[{"start":{"line":74,"column":10},"end":{"line":76,"column":25}},{"start":{"line":75,"column":15},"end":{"line":76,"column":25}}],"line":74},"5":{"loc":{"start":{"line":75,"column":15},"end":{"line":76,"column":25}},"type":"if","locations":[{"start":{"line":75,"column":15},"end":{"line":76,"column":25}},{"start":{"line":76,"column":15},"end":{"line":76,"column":25}}],"line":75},"6":{"loc":{"start":{"line":91,"column":10},"end":{"line":93,"column":11}},"type":"if","locations":[{"start":{"line":91,"column":10},"end":{"line":93,"column":11}},{"start":{},"end":{}}],"line":91},"7":{"loc":{"start":{"line":94,"column":10},"end":{"line":96,"column":11}},"type":"if","locations":[{"start":{"line":94,"column":10},"end":{"line":96,"column":11}},{"start":{},"end":{}}],"line":94},"8":{"loc":{"start":{"line":109,"column":10},"end":{"line":111,"column":11}},"type":"if","locations":[{"start":{"line":109,"column":10},"end":{"line":111,"column":11}},{"start":{},"end":{}}],"line":109},"9":{"loc":{"start":{"line":123,"column":4},"end":{"line":132,"column":5}},"type":"switch","locations":[{"start":{"line":124,"column":6},"end":{"line":126,"column":14}},{"start":{"line":127,"column":6},"end":{"line":129,"column":14}},{"start":{"line":130,"column":6},"end":{"line":131,"column":43}}],"line":123},"10":{"loc":{"start":{"line":146,"column":10},"end":{"line":146,"column":42}},"type":"if","locations":[{"start":{"line":146,"column":10},"end":{"line":146,"column":42}},{"start":{},"end":{}}],"line":146},"11":{"loc":{"start":{"line":163,"column":8},"end":{"line":163,"column":40}},"type":"if","locations":[{"start":{"line":163,"column":8},"end":{"line":163,"column":40}},{"start":{},"end":{}}],"line":163}},"s":{"0":1,"1":1,"2":1,"3":0,"4":1,"5":1,"6":1,"7":1,"8":0,"9":1,"10":0,"11":0,"12":0,"13":0,"14":0,"15":0,"16":0,"17":0,"18":0,"19":0,"20":0,"21":0,"22":0,"23":0,"24":0,"25":0,"26":0,"27":0,"28":0,"29":0,"30":0,"31":0,"32":0,"33":0,"34":0,"35":0,"36":0,"37":0,"38":0,"39":0,"40":0,"41":0,"42":0,"43":0,"44":0,"45":0,"46":0,"47":0,"48":0,"49":0,"50":0,"51":0,"52":0,"53":1},"f":{"0":1,"1":1,"2":1,"3":1,"4":1,"5":1,"6":0,"7":0,"8":0,"9":0,"10":0,"11":0,"12":0,"13":0,"14":0,"15":0,"16":0,"17":0,"18":0,"19":0,"20":0,"21":0,"22":0,"23":0},"b":{"0":[0,1],"1":[0,1],"2":[0,0],"3":[0,0],"4":[0,0],"5":[0,0],"6":[0,0],"7":[0,0],"8":[0,0],"9":[0,0,0],"10":[0,0],"11":[0,0]},"_coverageSchema":"1a1c01bbd47fc00a2c39e90264f33305004495a9","hash":"28461e5149bc32a04808a374c6759ea74ad6939c"}
,"C:\\Users\\fcvit\\OneDrive\\Desktop\\Webutvikling\\Prosjektoppgave-H23-1\\server\\src\\services\\comments-Services.ts": {"path":"C:\\Users\\fcvit\\OneDrive\\Desktop\\Webutvikling\\Prosjektoppgave-H23-1\\server\\src\\services\\comments-Services.ts","statementMap":{"0":{"start":{"line":20,"column":4},"end":{"line":29,"column":7}},"1":{"start":{"line":21,"column":6},"end":{"line":28,"column":8}},"2":{"start":{"line":25,"column":10},"end":{"line":25,"column":42}},"3":{"start":{"line":25,"column":21},"end":{"line":25,"column":42}},"4":{"start":{"line":26,"column":10},"end":{"line":26,"column":40}},"5":{"start":{"line":36,"column":4},"end":{"line":45,"column":7}},"6":{"start":{"line":37,"column":6},"end":{"line":44,"column":8}},"7":{"start":{"line":41,"column":10},"end":{"line":41,"column":42}},"8":{"start":{"line":41,"column":21},"end":{"line":41,"column":42}},"9":{"start":{"line":42,"column":10},"end":{"line":42,"column":40}},"10":{"start":{"line":57,"column":4},"end":{"line":68,"column":7}},"11":{"start":{"line":58,"column":21},"end":{"line":58,"column":93}},"12":{"start":{"line":59,"column":21},"end":{"line":59,"column":93}},"13":{"start":{"line":60,"column":6},"end":{"line":67,"column":8}},"14":{"start":{"line":64,"column":10},"end":{"line":64,"column":42}},"15":{"start":{"line":64,"column":21},"end":{"line":64,"column":42}},"16":{"start":{"line":65,"column":10},"end":{"line":65,"column":36}},"17":{"start":{"line":75,"column":4},"end":{"line":85,"column":7}},"18":{"start":{"line":76,"column":6},"end":{"line":84,"column":8}},"19":{"start":{"line":80,"column":10},"end":{"line":80,"column":42}},"20":{"start":{"line":80,"column":21},"end":{"line":80,"column":42}},"21":{"start":{"line":81,"column":10},"end":{"line":81,"column":94}},"22":{"start":{"line":81,"column":42},"end":{"line":81,"column":94}},"23":{"start":{"line":82,"column":10},"end":{"line":82,"column":20}},"24":{"start":{"line":92,"column":4},"end":{"line":102,"column":7}},"25":{"start":{"line":93,"column":6},"end":{"line":101,"column":8}},"26":{"start":{"line":97,"column":10},"end":{"line":97,"column":42}},"27":{"start":{"line":97,"column":21},"end":{"line":97,"column":42}},"28":{"start":{"line":98,"column":10},"end":{"line":98,"column":94}},"29":{"start":{"line":98,"column":42},"end":{"line":98,"column":94}},"30":{"start":{"line":99,"column":10},"end":{"line":99,"column":20}},"31":{"start":{"line":106,"column":23},"end":{"line":106,"column":43}}},"fnMap":{"0":{"name":"(anonymous_0)","decl":{"start":{"line":19,"column":2},"end":{"line":19,"column":3}},"loc":{"start":{"line":19,"column":64},"end":{"line":30,"column":3}},"line":19},"1":{"name":"(anonymous_1)","decl":{"start":{"line":20,"column":23},"end":{"line":20,"column":24}},"loc":{"start":{"line":20,"column":44},"end":{"line":29,"column":5}},"line":20},"2":{"name":"(anonymous_2)","decl":{"start":{"line":24,"column":8},"end":{"line":24,"column":9}},"loc":{"start":{"line":24,"column":45},"end":{"line":27,"column":9}},"line":24},"3":{"name":"(anonymous_3)","decl":{"start":{"line":35,"column":2},"end":{"line":35,"column":3}},"loc":{"start":{"line":35,"column":60},"end":{"line":46,"column":3}},"line":35},"4":{"name":"(anonymous_4)","decl":{"start":{"line":36,"column":23},"end":{"line":36,"column":24}},"loc":{"start":{"line":36,"column":44},"end":{"line":45,"column":5}},"line":36},"5":{"name":"(anonymous_5)","decl":{"start":{"line":40,"column":8},"end":{"line":40,"column":9}},"loc":{"start":{"line":40,"column":45},"end":{"line":43,"column":9}},"line":40},"6":{"name":"(anonymous_6)","decl":{"start":{"line":51,"column":2},"end":{"line":51,"column":3}},"loc":{"start":{"line":56,"column":21},"end":{"line":69,"column":3}},"line":56},"7":{"name":"(anonymous_7)","decl":{"start":{"line":57,"column":23},"end":{"line":57,"column":24}},"loc":{"start":{"line":57,"column":44},"end":{"line":68,"column":5}},"line":57},"8":{"name":"(anonymous_8)","decl":{"start":{"line":63,"column":8},"end":{"line":63,"column":9}},"loc":{"start":{"line":63,"column":45},"end":{"line":66,"column":9}},"line":63},"9":{"name":"(anonymous_9)","decl":{"start":{"line":74,"column":2},"end":{"line":74,"column":3}},"loc":{"start":{"line":74,"column":67},"end":{"line":86,"column":3}},"line":74},"10":{"name":"(anonymous_10)","decl":{"start":{"line":75,"column":23},"end":{"line":75,"column":24}},"loc":{"start":{"line":75,"column":44},"end":{"line":85,"column":5}},"line":75},"11":{"name":"(anonymous_11)","decl":{"start":{"line":79,"column":8},"end":{"line":79,"column":9}},"loc":{"start":{"line":79,"column":45},"end":{"line":83,"column":9}},"line":79},"12":{"name":"(anonymous_12)","decl":{"start":{"line":91,"column":2},"end":{"line":91,"column":3}},"loc":{"start":{"line":91,"column":50},"end":{"line":103,"column":3}},"line":91},"13":{"name":"(anonymous_13)","decl":{"start":{"line":92,"column":23},"end":{"line":92,"column":24}},"loc":{"start":{"line":92,"column":44},"end":{"line":102,"column":5}},"line":92},"14":{"name":"(anonymous_14)","decl":{"start":{"line":96,"column":8},"end":{"line":96,"column":9}},"loc":{"start":{"line":96,"column":45},"end":{"line":100,"column":9}},"line":96}},"branchMap":{"0":{"loc":{"start":{"line":25,"column":10},"end":{"line":25,"column":42}},"type":"if","locations":[{"start":{"line":25,"column":10},"end":{"line":25,"column":42}},{"start":{},"end":{}}],"line":25},"1":{"loc":{"start":{"line":41,"column":10},"end":{"line":41,"column":42}},"type":"if","locations":[{"start":{"line":41,"column":10},"end":{"line":41,"column":42}},{"start":{},"end":{}}],"line":41},"2":{"loc":{"start":{"line":58,"column":21},"end":{"line":58,"column":93}},"type":"cond-expr","locations":[{"start":{"line":58,"column":34},"end":{"line":58,"column":63}},{"start":{"line":58,"column":66},"end":{"line":58,"column":93}}],"line":58},"3":{"loc":{"start":{"line":59,"column":21},"end":{"line":59,"column":93}},"type":"cond-expr","locations":[{"start":{"line":59,"column":34},"end":{"line":59,"column":63}},{"start":{"line":59,"column":66},"end":{"line":59,"column":93}}],"line":59},"4":{"loc":{"start":{"line":64,"column":10},"end":{"line":64,"column":42}},"type":"if","locations":[{"start":{"line":64,"column":10},"end":{"line":64,"column":42}},{"start":{},"end":{}}],"line":64},"5":{"loc":{"start":{"line":80,"column":10},"end":{"line":80,"column":42}},"type":"if","locations":[{"start":{"line":80,"column":10},"end":{"line":80,"column":42}},{"start":{},"end":{}}],"line":80},"6":{"loc":{"start":{"line":81,"column":10},"end":{"line":81,"column":94}},"type":"if","locations":[{"start":{"line":81,"column":10},"end":{"line":81,"column":94}},{"start":{},"end":{}}],"line":81},"7":{"loc":{"start":{"line":97,"column":10},"end":{"line":97,"column":42}},"type":"if","locations":[{"start":{"line":97,"column":10},"end":{"line":97,"column":42}},{"start":{},"end":{}}],"line":97},"8":{"loc":{"start":{"line":98,"column":10},"end":{"line":98,"column":94}},"type":"if","locations":[{"start":{"line":98,"column":10},"end":{"line":98,"column":94}},{"start":{},"end":{}}],"line":98}},"s":{"0":1,"1":1,"2":1,"3":0,"4":1,"5":0,"6":0,"7":0,"8":0,"9":0,"10":1,"11":1,"12":1,"13":1,"14":1,"15":0,"16":1,"17":0,"18":0,"19":0,"20":0,"21":0,"22":0,"23":0,"24":0,"25":0,"26":0,"27":0,"28":0,"29":0,"30":0,"31":1},"f":{"0":1,"1":1,"2":1,"3":0,"4":0,"5":0,"6":1,"7":1,"8":1,"9":0,"10":0,"11":0,"12":0,"13":0,"14":0},"b":{"0":[0,1],"1":[0,0],"2":[1,0],"3":[1,0],"4":[0,1],"5":[0,0],"6":[0,0],"7":[0,0],"8":[0,0]},"_coverageSchema":"1a1c01bbd47fc00a2c39e90264f33305004495a9","hash":"952e7236501633daa8eff5fad715a60f6008f04b"}
,"C:\\Users\\fcvit\\OneDrive\\Desktop\\Webutvikling\\Prosjektoppgave-H23-1\\server\\src\\services\\favorites-Services.ts": {"path":"C:\\Users\\fcvit\\OneDrive\\Desktop\\Webutvikling\\Prosjektoppgave-H23-1\\server\\src\\services\\favorites-Services.ts","statementMap":{"0":{"start":{"line":9,"column":4},"end":{"line":24,"column":7}},"1":{"start":{"line":10,"column":6},"end":{"line":23,"column":8}},"2":{"start":{"line":14,"column":10},"end":{"line":20,"column":11}},"3":{"start":{"line":16,"column":12},"end":{"line":18,"column":13}},"4":{"start":{"line":17,"column":14},"end":{"line":17,"column":80}},"5":{"start":{"line":19,"column":12},"end":{"line":19,"column":33}},"6":{"start":{"line":21,"column":10},"end":{"line":21,"column":20}},"7":{"start":{"line":31,"column":4},"end":{"line":45,"column":7}},"8":{"start":{"line":32,"column":6},"end":{"line":44,"column":8}},"9":{"start":{"line":36,"column":10},"end":{"line":38,"column":11}},"10":{"start":{"line":37,"column":12},"end":{"line":37,"column":33}},"11":{"start":{"line":39,"column":10},"end":{"line":41,"column":11}},"12":{"start":{"line":40,"column":12},"end":{"line":40,"column":72}},"13":{"start":{"line":42,"column":10},"end":{"line":42,"column":20}},"14":{"start":{"line":49,"column":24},"end":{"line":49,"column":45}}},"fnMap":{"0":{"name":"(anonymous_0)","decl":{"start":{"line":8,"column":2},"end":{"line":8,"column":3}},"loc":{"start":{"line":8,"column":63},"end":{"line":25,"column":3}},"line":8},"1":{"name":"(anonymous_1)","decl":{"start":{"line":9,"column":23},"end":{"line":9,"column":24}},"loc":{"start":{"line":9,"column":44},"end":{"line":24,"column":5}},"line":9},"2":{"name":"(anonymous_2)","decl":{"start":{"line":13,"column":8},"end":{"line":13,"column":9}},"loc":{"start":{"line":13,"column":45},"end":{"line":22,"column":9}},"line":13},"3":{"name":"(anonymous_3)","decl":{"start":{"line":30,"column":2},"end":{"line":30,"column":3}},"loc":{"start":{"line":30,"column":66},"end":{"line":46,"column":3}},"line":30},"4":{"name":"(anonymous_4)","decl":{"start":{"line":31,"column":23},"end":{"line":31,"column":24}},"loc":{"start":{"line":31,"column":44},"end":{"line":45,"column":5}},"line":31},"5":{"name":"(anonymous_5)","decl":{"start":{"line":35,"column":8},"end":{"line":35,"column":9}},"loc":{"start":{"line":35,"column":45},"end":{"line":43,"column":9}},"line":35}},"branchMap":{"0":{"loc":{"start":{"line":14,"column":10},"end":{"line":20,"column":11}},"type":"if","locations":[{"start":{"line":14,"column":10},"end":{"line":20,"column":11}},{"start":{},"end":{}}],"line":14},"1":{"loc":{"start":{"line":16,"column":12},"end":{"line":18,"column":13}},"type":"if","locations":[{"start":{"line":16,"column":12},"end":{"line":18,"column":13}},{"start":{},"end":{}}],"line":16},"2":{"loc":{"start":{"line":36,"column":10},"end":{"line":38,"column":11}},"type":"if","locations":[{"start":{"line":36,"column":10},"end":{"line":38,"column":11}},{"start":{},"end":{}}],"line":36},"3":{"loc":{"start":{"line":39,"column":10},"end":{"line":41,"column":11}},"type":"if","locations":[{"start":{"line":39,"column":10},"end":{"line":41,"column":11}},{"start":{},"end":{}}],"line":39}},"s":{"0":1,"1":1,"2":1,"3":0,"4":0,"5":0,"6":1,"7":1,"8":1,"9":1,"10":0,"11":1,"12":0,"13":1,"14":1},"f":{"0":1,"1":1,"2":1,"3":1,"4":1,"5":1},"b":{"0":[0,1],"1":[0,0],"2":[0,1],"3":[0,1]},"_coverageSchema":"1a1c01bbd47fc00a2c39e90264f33305004495a9","hash":"09700c619059475de82ea6c4397e9fd033c49bde"}
,"C:\\Users\\fcvit\\OneDrive\\Desktop\\Webutvikling\\Prosjektoppgave-H23-1\\server\\src\\services\\questions-Services.ts": {"path":"C:\\Users\\fcvit\\OneDrive\\Desktop\\Webutvikling\\Prosjektoppgave-H23-1\\server\\src\\services\\questions-Services.ts","statementMap":{"0":{"start":{"line":20,"column":4},"end":{"line":30,"column":7}},"1":{"start":{"line":21,"column":6},"end":{"line":29,"column":8}},"2":{"start":{"line":25,"column":10},"end":{"line":25,"column":42}},"3":{"start":{"line":25,"column":21},"end":{"line":25,"column":42}},"4":{"start":{"line":27,"column":10},"end":{"line":27,"column":42}},"5":{"start":{"line":37,"column":4},"end":{"line":46,"column":7}},"6":{"start":{"line":38,"column":6},"end":{"line":45,"column":8}},"7":{"start":{"line":42,"column":10},"end":{"line":42,"column":42}},"8":{"start":{"line":42,"column":21},"end":{"line":42,"column":42}},"9":{"start":{"line":43,"column":10},"end":{"line":43,"column":36}},"10":{"start":{"line":53,"column":4},"end":{"line":65,"column":7}},"11":{"start":{"line":54,"column":6},"end":{"line":64,"column":8}},"12":{"start":{"line":58,"column":10},"end":{"line":58,"column":42}},"13":{"start":{"line":58,"column":21},"end":{"line":58,"column":42}},"14":{"start":{"line":59,"column":10},"end":{"line":61,"column":11}},"15":{"start":{"line":60,"column":12},"end":{"line":60,"column":65}},"16":{"start":{"line":62,"column":10},"end":{"line":62,"column":20}},"17":{"start":{"line":72,"column":4},"end":{"line":84,"column":7}},"18":{"start":{"line":73,"column":6},"end":{"line":83,"column":8}},"19":{"start":{"line":77,"column":10},"end":{"line":77,"column":42}},"20":{"start":{"line":77,"column":21},"end":{"line":77,"column":42}},"21":{"start":{"line":78,"column":10},"end":{"line":80,"column":11}},"22":{"start":{"line":79,"column":12},"end":{"line":79,"column":65}},"23":{"start":{"line":81,"column":10},"end":{"line":81,"column":20}},"24":{"start":{"line":93,"column":4},"end":{"line":138,"column":7}},"25":{"start":{"line":94,"column":26},"end":{"line":94,"column":43}},"26":{"start":{"line":96,"column":6},"end":{"line":137,"column":8}},"27":{"start":{"line":106,"column":10},"end":{"line":106,"column":42}},"28":{"start":{"line":106,"column":21},"end":{"line":106,"column":42}},"29":{"start":{"line":109,"column":10},"end":{"line":135,"column":11}},"30":{"start":{"line":111,"column":12},"end":{"line":111,"column":24}},"31":{"start":{"line":114,"column":12},"end":{"line":114,"column":84}},"32":{"start":{"line":147,"column":4},"end":{"line":160,"column":5}},"33":{"start":{"line":149,"column":8},"end":{"line":149,"column":63}},"34":{"start":{"line":150,"column":8},"end":{"line":150,"column":14}},"35":{"start":{"line":152,"column":8},"end":{"line":152,"column":63}},"36":{"start":{"line":153,"column":8},"end":{"line":153,"column":14}},"37":{"start":{"line":155,"column":8},"end":{"line":155,"column":71}},"38":{"start":{"line":156,"column":8},"end":{"line":156,"column":14}},"39":{"start":{"line":159,"column":8},"end":{"line":159,"column":45}},"40":{"start":{"line":162,"column":4},"end":{"line":180,"column":7}},"41":{"start":{"line":163,"column":6},"end":{"line":179,"column":8}},"42":{"start":{"line":176,"column":10},"end":{"line":176,"column":42}},"43":{"start":{"line":176,"column":21},"end":{"line":176,"column":42}},"44":{"start":{"line":177,"column":10},"end":{"line":177,"column":41}},"45":{"start":{"line":184,"column":4},"end":{"line":196,"column":7}},"46":{"start":{"line":185,"column":6},"end":{"line":195,"column":8}},"47":{"start":{"line":192,"column":10},"end":{"line":192,"column":42}},"48":{"start":{"line":192,"column":21},"end":{"line":192,"column":42}},"49":{"start":{"line":193,"column":10},"end":{"line":193,"column":41}},"50":{"start":{"line":200,"column":24},"end":{"line":200,"column":45}}},"fnMap":{"0":{"name":"(anonymous_0)","decl":{"start":{"line":19,"column":2},"end":{"line":19,"column":3}},"loc":{"start":{"line":19,"column":18},"end":{"line":31,"column":3}},"line":19},"1":{"name":"(anonymous_1)","decl":{"start":{"line":20,"column":33},"end":{"line":20,"column":34}},"loc":{"start":{"line":20,"column":54},"end":{"line":30,"column":5}},"line":20},"2":{"name":"(anonymous_2)","decl":{"start":{"line":24,"column":8},"end":{"line":24,"column":9}},"loc":{"start":{"line":24,"column":45},"end":{"line":28,"column":9}},"line":24},"3":{"name":"(anonymous_3)","decl":{"start":{"line":36,"column":2},"end":{"line":36,"column":3}},"loc":{"start":{"line":36,"column":58},"end":{"line":47,"column":3}},"line":36},"4":{"name":"(anonymous_4)","decl":{"start":{"line":37,"column":31},"end":{"line":37,"column":32}},"loc":{"start":{"line":37,"column":52},"end":{"line":46,"column":5}},"line":37},"5":{"name":"(anonymous_5)","decl":{"start":{"line":41,"column":8},"end":{"line":41,"column":9}},"loc":{"start":{"line":41,"column":45},"end":{"line":44,"column":9}},"line":41},"6":{"name":"(anonymous_6)","decl":{"start":{"line":52,"column":2},"end":{"line":52,"column":3}},"loc":{"start":{"line":52,"column":53},"end":{"line":66,"column":3}},"line":52},"7":{"name":"(anonymous_7)","decl":{"start":{"line":53,"column":29},"end":{"line":53,"column":30}},"loc":{"start":{"line":53,"column":50},"end":{"line":65,"column":5}},"line":53},"8":{"name":"(anonymous_8)","decl":{"start":{"line":57,"column":8},"end":{"line":57,"column":9}},"loc":{"start":{"line":57,"column":45},"end":{"line":63,"column":9}},"line":57},"9":{"name":"(anonymous_9)","decl":{"start":{"line":71,"column":2},"end":{"line":71,"column":3}},"loc":{"start":{"line":71,"column":21},"end":{"line":85,"column":3}},"line":71},"10":{"name":"(anonymous_10)","decl":{"start":{"line":72,"column":29},"end":{"line":72,"column":30}},"loc":{"start":{"line":72,"column":50},"end":{"line":84,"column":5}},"line":72},"11":{"name":"(anonymous_11)","decl":{"start":{"line":76,"column":8},"end":{"line":76,"column":9}},"loc":{"start":{"line":76,"column":45},"end":{"line":82,"column":9}},"line":76},"12":{"name":"(anonymous_12)","decl":{"start":{"line":92,"column":2},"end":{"line":92,"column":3}},"loc":{"start":{"line":92,"column":35},"end":{"line":139,"column":3}},"line":92},"13":{"name":"(anonymous_13)","decl":{"start":{"line":93,"column":76},"end":{"line":93,"column":77}},"loc":{"start":{"line":93,"column":97},"end":{"line":138,"column":5}},"line":93},"14":{"name":"(anonymous_14)","decl":{"start":{"line":105,"column":8},"end":{"line":105,"column":9}},"loc":{"start":{"line":105,"column":45},"end":{"line":136,"column":9}},"line":105},"15":{"name":"(anonymous_15)","decl":{"start":{"line":144,"column":2},"end":{"line":144,"column":3}},"loc":{"start":{"line":144,"column":59},"end":{"line":181,"column":3}},"line":144},"16":{"name":"(anonymous_16)","decl":{"start":{"line":162,"column":35},"end":{"line":162,"column":36}},"loc":{"start":{"line":162,"column":56},"end":{"line":180,"column":5}},"line":162},"17":{"name":"(anonymous_17)","decl":{"start":{"line":175,"column":8},"end":{"line":175,"column":9}},"loc":{"start":{"line":175,"column":45},"end":{"line":178,"column":9}},"line":175},"18":{"name":"(anonymous_18)","decl":{"start":{"line":183,"column":2},"end":{"line":183,"column":3}},"loc":{"start":{"line":183,"column":27},"end":{"line":197,"column":3}},"line":183},"19":{"name":"(anonymous_19)","decl":{"start":{"line":184,"column":35},"end":{"line":184,"column":36}},"loc":{"start":{"line":184,"column":56},"end":{"line":196,"column":5}},"line":184},"20":{"name":"(anonymous_20)","decl":{"start":{"line":191,"column":8},"end":{"line":191,"column":9}},"loc":{"start":{"line":191,"column":45},"end":{"line":194,"column":9}},"line":191}},"branchMap":{"0":{"loc":{"start":{"line":25,"column":10},"end":{"line":25,"column":42}},"type":"if","locations":[{"start":{"line":25,"column":10},"end":{"line":25,"column":42}},{"start":{},"end":{}}],"line":25},"1":{"loc":{"start":{"line":42,"column":10},"end":{"line":42,"column":42}},"type":"if","locations":[{"start":{"line":42,"column":10},"end":{"line":42,"column":42}},{"start":{},"end":{}}],"line":42},"2":{"loc":{"start":{"line":58,"column":10},"end":{"line":58,"column":42}},"type":"if","locations":[{"start":{"line":58,"column":10},"end":{"line":58,"column":42}},{"start":{},"end":{}}],"line":58},"3":{"loc":{"start":{"line":59,"column":10},"end":{"line":61,"column":11}},"type":"if","locations":[{"start":{"line":59,"column":10},"end":{"line":61,"column":11}},{"start":{},"end":{}}],"line":59},"4":{"loc":{"start":{"line":77,"column":10},"end":{"line":77,"column":42}},"type":"if","locations":[{"start":{"line":77,"column":10},"end":{"line":77,"column":42}},{"start":{},"end":{}}],"line":77},"5":{"loc":{"start":{"line":78,"column":10},"end":{"line":80,"column":11}},"type":"if","locations":[{"start":{"line":78,"column":10},"end":{"line":80,"column":11}},{"start":{},"end":{}}],"line":78},"6":{"loc":{"start":{"line":106,"column":10},"end":{"line":106,"column":42}},"type":"if","locations":[{"start":{"line":106,"column":10},"end":{"line":106,"column":42}},{"start":{},"end":{}}],"line":106},"7":{"loc":{"start":{"line":109,"column":10},"end":{"line":135,"column":11}},"type":"if","locations":[{"start":{"line":109,"column":10},"end":{"line":135,"column":11}},{"start":{"line":112,"column":17},"end":{"line":135,"column":11}}],"line":109},"8":{"loc":{"start":{"line":147,"column":4},"end":{"line":160,"column":5}},"type":"switch","locations":[{"start":{"line":148,"column":6},"end":{"line":150,"column":14}},{"start":{"line":151,"column":6},"end":{"line":153,"column":14}},{"start":{"line":154,"column":6},"end":{"line":156,"column":14}},{"start":{"line":158,"column":6},"end":{"line":159,"column":45}}],"line":147},"9":{"loc":{"start":{"line":176,"column":10},"end":{"line":176,"column":42}},"type":"if","locations":[{"start":{"line":176,"column":10},"end":{"line":176,"column":42}},{"start":{},"end":{}}],"line":176},"10":{"loc":{"start":{"line":192,"column":10},"end":{"line":192,"column":42}},"type":"if","locations":[{"start":{"line":192,"column":10},"end":{"line":192,"column":42}},{"start":{},"end":{}}],"line":192}},"s":{"0":0,"1":0,"2":0,"3":0,"4":0,"5":2,"6":2,"7":2,"8":1,"9":1,"10":2,"11":2,"12":2,"13":1,"14":1,"15":0,"16":1,"17":2,"18":2,"19":2,"20":1,"21":1,"22":0,"23":1,"24":0,"25":0,"26":0,"27":0,"28":0,"29":0,"30":0,"31":0,"32":0,"33":0,"34":0,"35":0,"36":0,"37":0,"38":0,"39":0,"40":0,"41":0,"42":0,"43":0,"44":0,"45":0,"46":0,"47":0,"48":0,"49":0,"50":1},"f":{"0":0,"1":0,"2":0,"3":2,"4":2,"5":2,"6":2,"7":2,"8":2,"9":2,"10":2,"11":2,"12":0,"13":0,"14":0,"15":0,"16":0,"17":0,"18":0,"19":0,"20":0},"b":{"0":[0,0],"1":[1,1],"2":[1,1],"3":[0,1],"4":[1,1],"5":[0,1],"6":[0,0],"7":[0,0],"8":[0,0,0,0],"9":[0,0],"10":[0,0]},"_coverageSchema":"1a1c01bbd47fc00a2c39e90264f33305004495a9","hash":"36e78a296fc965d0ff1882987ef253bb8e668039"}
,"C:\\Users\\fcvit\\OneDrive\\Desktop\\Webutvikling\\Prosjektoppgave-H23-1\\server\\src\\services\\tags-Services.ts": {"path":"C:\\Users\\fcvit\\OneDrive\\Desktop\\Webutvikling\\Prosjektoppgave-H23-1\\server\\src\\services\\tags-Services.ts","statementMap":{"0":{"start":{"line":14,"column":4},"end":{"line":19,"column":7}},"1":{"start":{"line":15,"column":6},"end":{"line":18,"column":9}},"2":{"start":{"line":16,"column":8},"end":{"line":16,"column":40}},"3":{"start":{"line":16,"column":19},"end":{"line":16,"column":40}},"4":{"start":{"line":17,"column":8},"end":{"line":17,"column":34}},"5":{"start":{"line":26,"column":4},"end":{"line":35,"column":7}},"6":{"start":{"line":27,"column":6},"end":{"line":34,"column":8}},"7":{"start":{"line":31,"column":10},"end":{"line":31,"column":42}},"8":{"start":{"line":31,"column":21},"end":{"line":31,"column":42}},"9":{"start":{"line":32,"column":10},"end":{"line":32,"column":36}},"10":{"start":{"line":42,"column":4},"end":{"line":51,"column":7}},"11":{"start":{"line":43,"column":6},"end":{"line":50,"column":8}},"12":{"start":{"line":47,"column":10},"end":{"line":47,"column":42}},"13":{"start":{"line":47,"column":21},"end":{"line":47,"column":42}},"14":{"start":{"line":48,"column":10},"end":{"line":48,"column":20}},"15":{"start":{"line":59,"column":24},"end":{"line":59,"column":65}},"16":{"start":{"line":60,"column":24},"end":{"line":60,"column":65}},"17":{"start":{"line":61,"column":26},"end":{"line":61,"column":94}},"18":{"start":{"line":63,"column":4},"end":{"line":78,"column":7}},"19":{"start":{"line":64,"column":6},"end":{"line":77,"column":8}},"20":{"start":{"line":74,"column":10},"end":{"line":74,"column":42}},"21":{"start":{"line":74,"column":21},"end":{"line":74,"column":42}},"22":{"start":{"line":75,"column":10},"end":{"line":75,"column":69}},"23":{"start":{"line":82,"column":19},"end":{"line":82,"column":35}}},"fnMap":{"0":{"name":"(anonymous_0)","decl":{"start":{"line":13,"column":2},"end":{"line":13,"column":3}},"loc":{"start":{"line":13,"column":31},"end":{"line":20,"column":3}},"line":13},"1":{"name":"(anonymous_1)","decl":{"start":{"line":14,"column":23},"end":{"line":14,"column":24}},"loc":{"start":{"line":14,"column":44},"end":{"line":19,"column":5}},"line":14},"2":{"name":"(anonymous_2)","decl":{"start":{"line":15,"column":39},"end":{"line":15,"column":40}},"loc":{"start":{"line":15,"column":76},"end":{"line":18,"column":7}},"line":15},"3":{"name":"(anonymous_3)","decl":{"start":{"line":25,"column":2},"end":{"line":25,"column":3}},"loc":{"start":{"line":25,"column":57},"end":{"line":36,"column":3}},"line":25},"4":{"name":"(anonymous_4)","decl":{"start":{"line":26,"column":23},"end":{"line":26,"column":24}},"loc":{"start":{"line":26,"column":44},"end":{"line":35,"column":5}},"line":26},"5":{"name":"(anonymous_5)","decl":{"start":{"line":30,"column":8},"end":{"line":30,"column":9}},"loc":{"start":{"line":30,"column":45},"end":{"line":33,"column":9}},"line":30},"6":{"name":"(anonymous_6)","decl":{"start":{"line":41,"column":2},"end":{"line":41,"column":3}},"loc":{"start":{"line":41,"column":69},"end":{"line":52,"column":3}},"line":41},"7":{"name":"(anonymous_7)","decl":{"start":{"line":42,"column":23},"end":{"line":42,"column":24}},"loc":{"start":{"line":42,"column":44},"end":{"line":51,"column":5}},"line":42},"8":{"name":"(anonymous_8)","decl":{"start":{"line":46,"column":8},"end":{"line":46,"column":9}},"loc":{"start":{"line":46,"column":28},"end":{"line":49,"column":9}},"line":46},"9":{"name":"(anonymous_9)","decl":{"start":{"line":58,"column":2},"end":{"line":58,"column":3}},"loc":{"start":{"line":58,"column":72},"end":{"line":79,"column":3}},"line":58},"10":{"name":"(anonymous_10)","decl":{"start":{"line":63,"column":63},"end":{"line":63,"column":64}},"loc":{"start":{"line":63,"column":84},"end":{"line":78,"column":5}},"line":63},"11":{"name":"(anonymous_11)","decl":{"start":{"line":73,"column":8},"end":{"line":73,"column":9}},"loc":{"start":{"line":73,"column":45},"end":{"line":76,"column":9}},"line":73}},"branchMap":{"0":{"loc":{"start":{"line":16,"column":8},"end":{"line":16,"column":40}},"type":"if","locations":[{"start":{"line":16,"column":8},"end":{"line":16,"column":40}},{"start":{},"end":{}}],"line":16},"1":{"loc":{"start":{"line":31,"column":10},"end":{"line":31,"column":42}},"type":"if","locations":[{"start":{"line":31,"column":10},"end":{"line":31,"column":42}},{"start":{},"end":{}}],"line":31},"2":{"loc":{"start":{"line":47,"column":10},"end":{"line":47,"column":42}},"type":"if","locations":[{"start":{"line":47,"column":10},"end":{"line":47,"column":42}},{"start":{},"end":{}}],"line":47},"3":{"loc":{"start":{"line":58,"column":10},"end":{"line":58,"column":35}},"type":"default-arg","locations":[{"start":{"line":58,"column":33},"end":{"line":58,"column":35}}],"line":58},"4":{"loc":{"start":{"line":58,"column":37},"end":{"line":58,"column":70}},"type":"default-arg","locations":[{"start":{"line":58,"column":65},"end":{"line":58,"column":70}}],"line":58},"5":{"loc":{"start":{"line":59,"column":24},"end":{"line":59,"column":65}},"type":"cond-expr","locations":[{"start":{"line":59,"column":39},"end":{"line":59,"column":60}},{"start":{"line":59,"column":63},"end":{"line":59,"column":65}}],"line":59},"6":{"loc":{"start":{"line":60,"column":24},"end":{"line":60,"column":65}},"type":"cond-expr","locations":[{"start":{"line":60,"column":39},"end":{"line":60,"column":60}},{"start":{"line":60,"column":63},"end":{"line":60,"column":65}}],"line":60},"7":{"loc":{"start":{"line":61,"column":26},"end":{"line":61,"column":94}},"type":"cond-expr","locations":[{"start":{"line":61,"column":45},"end":{"line":61,"column":74}},{"start":{"line":61,"column":77},"end":{"line":61,"column":94}}],"line":61},"8":{"loc":{"start":{"line":74,"column":10},"end":{"line":74,"column":42}},"type":"if","locations":[{"start":{"line":74,"column":10},"end":{"line":74,"column":42}},{"start":{},"end":{}}],"line":74}},"s":{"0":1,"1":1,"2":1,"3":0,"4":1,"5":1,"6":1,"7":1,"8":0,"9":1,"10":0,"11":0,"12":0,"13":0,"14":0,"15":0,"16":0,"17":0,"18":0,"19":0,"20":0,"21":0,"22":0,"23":1},"f":{"0":1,"1":1,"2":1,"3":1,"4":1,"5":1,"6":0,"7":0,"8":0,"9":0,"10":0,"11":0},"b":{"0":[0,1],"1":[0,1],"2":[0,0],"3":[0],"4":[0],"5":[0,0],"6":[0,0],"7":[0,0],"8":[0,0]},"_coverageSchema":"1a1c01bbd47fc00a2c39e90264f33305004495a9","hash":"b5a2226948b6ea59dfe86adfa9d82de09c1dcdae"}
,"C:\\Users\\fcvit\\OneDrive\\Desktop\\Webutvikling\\Prosjektoppgave-H23-1\\server\\src\\services\\users-Services.ts": {"path":"C:\\Users\\fcvit\\OneDrive\\Desktop\\Webutvikling\\Prosjektoppgave-H23-1\\server\\src\\services\\users-Services.ts","statementMap":{"0":{"start":{"line":6,"column":25},"end":{"line":6,"column":65}},"1":{"start":{"line":7,"column":8},"end":{"line":7,"column":59}},"2":{"start":{"line":12,"column":25},"end":{"line":12,"column":59}},"3":{"start":{"line":13,"column":8},"end":{"line":13,"column":47}},"4":{"start":{"line":18,"column":4},"end":{"line":28,"column":7}},"5":{"start":{"line":19,"column":8},"end":{"line":19,"column":44}},"6":{"start":{"line":19,"column":17},"end":{"line":19,"column":44}},"7":{"start":{"line":21,"column":8},"end":{"line":26,"column":9}},"8":{"start":{"line":22,"column":31},"end":{"line":22,"column":49}},"9":{"start":{"line":23,"column":12},"end":{"line":25,"column":13}},"10":{"start":{"line":24,"column":16},"end":{"line":24,"column":50}},"11":{"start":{"line":27,"column":8},"end":{"line":27,"column":36}}},"fnMap":{"0":{"name":"(anonymous_0)","decl":{"start":{"line":4,"column":4},"end":{"line":4,"column":5}},"loc":{"start":{"line":4,"column":106},"end":{"line":8,"column":5}},"line":4},"1":{"name":"(anonymous_1)","decl":{"start":{"line":10,"column":4},"end":{"line":10,"column":5}},"loc":{"start":{"line":10,"column":90},"end":{"line":14,"column":5}},"line":10},"2":{"name":"executeQuery","decl":{"start":{"line":17,"column":9},"end":{"line":17,"column":21}},"loc":{"start":{"line":17,"column":110},"end":{"line":29,"column":1}},"line":17},"3":{"name":"(anonymous_3)","decl":{"start":{"line":18,"column":30},"end":{"line":18,"column":31}},"loc":{"start":{"line":18,"column":48},"end":{"line":28,"column":5}},"line":18}},"branchMap":{"0":{"loc":{"start":{"line":19,"column":8},"end":{"line":19,"column":44}},"type":"if","locations":[{"start":{"line":19,"column":8},"end":{"line":19,"column":44}},{"start":{},"end":{}}],"line":19},"1":{"loc":{"start":{"line":21,"column":8},"end":{"line":26,"column":9}},"type":"if","locations":[{"start":{"line":21,"column":8},"end":{"line":26,"column":9}},{"start":{},"end":{}}],"line":21},"2":{"loc":{"start":{"line":21,"column":12},"end":{"line":21,"column":56}},"type":"binary-expr","locations":[{"start":{"line":21,"column":12},"end":{"line":21,"column":34}},{"start":{"line":21,"column":38},"end":{"line":21,"column":56}}],"line":21},"3":{"loc":{"start":{"line":23,"column":12},"end":{"line":25,"column":13}},"type":"if","locations":[{"start":{"line":23,"column":12},"end":{"line":25,"column":13}},{"start":{},"end":{}}],"line":23},"4":{"loc":{"start":{"line":23,"column":16},"end":{"line":23,"column":60}},"type":"binary-expr","locations":[{"start":{"line":23,"column":16},"end":{"line":23,"column":26}},{"start":{"line":23,"column":30},"end":{"line":23,"column":60}}],"line":23}},"s":{"0":1,"1":1,"2":1,"3":1,"4":2,"5":2,"6":0,"7":2,"8":2,"9":2,"10":2,"11":0},"f":{"0":1,"1":1,"2":2,"3":2},"b":{"0":[0,2],"1":[2,0],"2":[2,2],"3":[2,0],"4":[2,2]},"_coverageSchema":"1a1c01bbd47fc00a2c39e90264f33305004495a9","hash":"2bb437c92acff06d5320131fdbab1e43dd72068c"}
,"C:\\Users\\fcvit\\OneDrive\\Desktop\\Webutvikling\\Prosjektoppgave-H23-1\\server\\src\\services\\votes-Services.ts": {"path":"C:\\Users\\fcvit\\OneDrive\\Desktop\\Webutvikling\\Prosjektoppgave-H23-1\\server\\src\\services\\votes-Services.ts","statementMap":{"0":{"start":{"line":9,"column":22},"end":{"line":9,"column":38}},"1":{"start":{"line":10,"column":4},"end":{"line":45,"column":7}},"2":{"start":{"line":12,"column":6},"end":{"line":44,"column":8}},"3":{"start":{"line":16,"column":10},"end":{"line":18,"column":11}},"4":{"start":{"line":17,"column":12},"end":{"line":17,"column":33}},"5":{"start":{"line":19,"column":10},"end":{"line":42,"column":11}},"6":{"start":{"line":20,"column":27},"end":{"line":20,"column":44}},"7":{"start":{"line":21,"column":12},"end":{"line":31,"column":14}},"8":{"start":{"line":25,"column":16},"end":{"line":25,"column":48}},"9":{"start":{"line":25,"column":27},"end":{"line":25,"column":48}},"10":{"start":{"line":26,"column":16},"end":{"line":28,"column":17}},"11":{"start":{"line":27,"column":18},"end":{"line":27,"column":73}},"12":{"start":{"line":29,"column":16},"end":{"line":29,"column":26}},"13":{"start":{"line":34,"column":12},"end":{"line":41,"column":14}},"14":{"start":{"line":38,"column":16},"end":{"line":38,"column":48}},"15":{"start":{"line":38,"column":27},"end":{"line":38,"column":48}},"16":{"start":{"line":39,"column":16},"end":{"line":39,"column":26}},"17":{"start":{"line":49,"column":21},"end":{"line":49,"column":38}}},"fnMap":{"0":{"name":"(anonymous_0)","decl":{"start":{"line":8,"column":2},"end":{"line":8,"column":3}},"loc":{"start":{"line":8,"column":60},"end":{"line":46,"column":3}},"line":8},"1":{"name":"(anonymous_1)","decl":{"start":{"line":10,"column":29},"end":{"line":10,"column":30}},"loc":{"start":{"line":10,"column":50},"end":{"line":45,"column":5}},"line":10},"2":{"name":"(anonymous_2)","decl":{"start":{"line":15,"column":8},"end":{"line":15,"column":9}},"loc":{"start":{"line":15,"column":45},"end":{"line":43,"column":9}},"line":15},"3":{"name":"(anonymous_3)","decl":{"start":{"line":24,"column":14},"end":{"line":24,"column":15}},"loc":{"start":{"line":24,"column":57},"end":{"line":30,"column":15}},"line":24},"4":{"name":"(anonymous_4)","decl":{"start":{"line":37,"column":14},"end":{"line":37,"column":15}},"loc":{"start":{"line":37,"column":57},"end":{"line":40,"column":15}},"line":37}},"branchMap":{"0":{"loc":{"start":{"line":9,"column":22},"end":{"line":9,"column":38}},"type":"cond-expr","locations":[{"start":{"line":9,"column":33},"end":{"line":9,"column":34}},{"start":{"line":9,"column":37},"end":{"line":9,"column":38}}],"line":9},"1":{"loc":{"start":{"line":16,"column":10},"end":{"line":18,"column":11}},"type":"if","locations":[{"start":{"line":16,"column":10},"end":{"line":18,"column":11}},{"start":{},"end":{}}],"line":16},"2":{"loc":{"start":{"line":19,"column":10},"end":{"line":42,"column":11}},"type":"if","locations":[{"start":{"line":19,"column":10},"end":{"line":42,"column":11}},{"start":{"line":32,"column":17},"end":{"line":42,"column":11}}],"line":19},"3":{"loc":{"start":{"line":25,"column":16},"end":{"line":25,"column":48}},"type":"if","locations":[{"start":{"line":25,"column":16},"end":{"line":25,"column":48}},{"start":{},"end":{}}],"line":25},"4":{"loc":{"start":{"line":26,"column":16},"end":{"line":28,"column":17}},"type":"if","locations":[{"start":{"line":26,"column":16},"end":{"line":28,"column":17}},{"start":{},"end":{}}],"line":26},"5":{"loc":{"start":{"line":38,"column":16},"end":{"line":38,"column":48}},"type":"if","locations":[{"start":{"line":38,"column":16},"end":{"line":38,"column":48}},{"start":{},"end":{}}],"line":38}},"s":{"0":1,"1":1,"2":1,"3":1,"4":0,"5":1,"6":0,"7":0,"8":0,"9":0,"10":0,"11":0,"12":0,"13":1,"14":1,"15":0,"16":1,"17":1},"f":{"0":1,"1":1,"2":1,"3":0,"4":1},"b":{"0":[1,0],"1":[0,1],"2":[0,1],"3":[0,0],"4":[0,0],"5":[0,1]},"_coverageSchema":"1a1c01bbd47fc00a2c39e90264f33305004495a9","hash":"b595301573d3366e66ebd2cc2909d27fbf04d420"}
}
