TN:
SF:src\services\answers-Services.ts
FN:19,(anonymous_0)
FN:20,(anonymous_1)
FN:24,(anonymous_2)
FN:35,(anonymous_3)
FN:36,(anonymous_4)
FN:40,(anonymous_5)
FN:51,(anonymous_6)
FN:52,(anonymous_7)
FN:56,(anonymous_8)
FN:68,(anonymous_9)
FN:69,(anonymous_10)
FN:73,(anonymous_11)
FN:85,(anonymous_12)
FN:86,(anonymous_13)
FN:90,(anonymous_14)
FN:103,(anonymous_15)
FN:104,(anonymous_16)
FN:108,(anonymous_17)
FN:121,(anonymous_18)
FN:134,(anonymous_19)
FN:145,(anonymous_20)
FN:153,(anonymous_21)
FN:154,(anonymous_22)
FN:162,(anonymous_23)
FNF:24
FNH:6
FNDA:1,(anonymous_0)
FNDA:1,(anonymous_1)
FNDA:1,(anonymous_2)
FNDA:1,(anonymous_3)
FNDA:1,(anonymous_4)
FNDA:1,(anonymous_5)
FNDA:0,(anonymous_6)
FNDA:0,(anonymous_7)
FNDA:0,(anonymous_8)
FNDA:0,(anonymous_9)
FNDA:0,(anonymous_10)
FNDA:0,(anonymous_11)
FNDA:0,(anonymous_12)
FNDA:0,(anonymous_13)
FNDA:0,(anonymous_14)
FNDA:0,(anonymous_15)
FNDA:0,(anonymous_16)
FNDA:0,(anonymous_17)
FNDA:0,(anonymous_18)
FNDA:0,(anonymous_19)
FNDA:0,(anonymous_20)
FNDA:0,(anonymous_21)
FNDA:0,(anonymous_22)
FNDA:0,(anonymous_23)
DA:20,1
DA:21,1
DA:25,1
DA:26,1
DA:36,1
DA:37,1
DA:41,1
DA:42,1
DA:52,0
DA:53,0
DA:57,0
DA:58,0
DA:59,0
DA:69,0
DA:70,0
DA:74,0
DA:75,0
DA:76,0
DA:86,0
DA:87,0
DA:91,0
DA:92,0
DA:94,0
DA:95,0
DA:97,0
DA:104,0
DA:105,0
DA:109,0
DA:110,0
DA:112,0
DA:123,0
DA:125,0
DA:126,0
DA:128,0
DA:129,0
DA:131,0
DA:134,0
DA:135,0
DA:146,0
DA:147,0
DA:154,0
DA:155,0
DA:162,0
DA:163,0
DA:164,0
DA:170,1
LF:46
LH:9
BRDA:25,0,0,0
BRDA:25,0,1,1
BRDA:41,1,0,0
BRDA:41,1,1,1
BRDA:57,2,0,0
BRDA:57,2,1,0
BRDA:58,3,0,0
BRDA:58,3,1,0
BRDA:74,4,0,0
BRDA:74,4,1,0
BRDA:75,5,0,0
BRDA:75,5,1,0
BRDA:91,6,0,0
BRDA:91,6,1,0
BRDA:94,7,0,0
BRDA:94,7,1,0
BRDA:109,8,0,0
BRDA:109,8,1,0
BRDA:123,9,0,0
BRDA:123,9,1,0
BRDA:123,9,2,0
BRDA:146,10,0,0
BRDA:146,10,1,0
BRDA:163,11,0,0
BRDA:163,11,1,0
BRF:25
BRH:2
end_of_record
TN:
SF:src\services\comments-Services.ts
FN:19,(anonymous_0)
FN:20,(anonymous_1)
FN:24,(anonymous_2)
FN:35,(anonymous_3)
FN:36,(anonymous_4)
FN:40,(anonymous_5)
FN:51,(anonymous_6)
FN:57,(anonymous_7)
FN:63,(anonymous_8)
FN:74,(anonymous_9)
FN:75,(anonymous_10)
FN:79,(anonymous_11)
FN:91,(anonymous_12)
FN:92,(anonymous_13)
FN:96,(anonymous_14)
FNF:15
FNH:6
FNDA:1,(anonymous_0)
FNDA:1,(anonymous_1)
FNDA:1,(anonymous_2)
FNDA:0,(anonymous_3)
FNDA:0,(anonymous_4)
FNDA:0,(anonymous_5)
FNDA:1,(anonymous_6)
FNDA:1,(anonymous_7)
FNDA:1,(anonymous_8)
FNDA:0,(anonymous_9)
FNDA:0,(anonymous_10)
FNDA:0,(anonymous_11)
FNDA:0,(anonymous_12)
FNDA:0,(anonymous_13)
FNDA:0,(anonymous_14)
DA:20,1
DA:21,1
DA:25,1
DA:26,1
DA:36,0
DA:37,0
DA:41,0
DA:42,0
DA:57,1
DA:58,1
DA:59,1
DA:60,1
DA:64,1
DA:65,1
DA:75,0
DA:76,0
DA:80,0
DA:81,0
DA:82,0
DA:92,0
DA:93,0
DA:97,0
DA:98,0
DA:99,0
DA:106,1
LF:25
LH:11
BRDA:25,0,0,0
BRDA:25,0,1,1
BRDA:41,1,0,0
BRDA:41,1,1,0
BRDA:58,2,0,1
BRDA:58,2,1,0
BRDA:59,3,0,1
BRDA:59,3,1,0
BRDA:64,4,0,0
BRDA:64,4,1,1
BRDA:80,5,0,0
BRDA:80,5,1,0
BRDA:81,6,0,0
BRDA:81,6,1,0
BRDA:97,7,0,0
BRDA:97,7,1,0
BRDA:98,8,0,0
BRDA:98,8,1,0
BRF:18
BRH:4
end_of_record
TN:
SF:src\services\favorites-Services.ts
FN:8,(anonymous_0)
FN:9,(anonymous_1)
FN:13,(anonymous_2)
FN:30,(anonymous_3)
FN:31,(anonymous_4)
FN:35,(anonymous_5)
FNF:6
FNH:6
FNDA:1,(anonymous_0)
FNDA:1,(anonymous_1)
FNDA:1,(anonymous_2)
FNDA:1,(anonymous_3)
FNDA:1,(anonymous_4)
FNDA:1,(anonymous_5)
DA:9,1
DA:10,1
DA:14,1
DA:16,0
DA:17,0
DA:19,0
DA:21,1
DA:31,1
DA:32,1
DA:36,1
DA:37,0
DA:39,1
DA:40,0
DA:42,1
DA:49,1
LF:15
LH:10
BRDA:14,0,0,0
BRDA:14,0,1,1
BRDA:16,1,0,0
BRDA:16,1,1,0
BRDA:36,2,0,0
BRDA:36,2,1,1
BRDA:39,3,0,0
BRDA:39,3,1,1
BRF:8
BRH:3
end_of_record
TN:
SF:src\services\questions-Services.ts
FN:19,(anonymous_0)
FN:20,(anonymous_1)
FN:24,(anonymous_2)
FN:36,(anonymous_3)
FN:37,(anonymous_4)
FN:41,(anonymous_5)
FN:52,(anonymous_6)
FN:53,(anonymous_7)
FN:57,(anonymous_8)
FN:71,(anonymous_9)
FN:72,(anonymous_10)
FN:76,(anonymous_11)
FN:92,(anonymous_12)
FN:93,(anonymous_13)
FN:105,(anonymous_14)
FN:144,(anonymous_15)
FN:162,(anonymous_16)
FN:175,(anonymous_17)
FN:183,(anonymous_18)
FN:184,(anonymous_19)
FN:191,(anonymous_20)
FNF:21
FNH:9
FNDA:0,(anonymous_0)
FNDA:0,(anonymous_1)
FNDA:0,(anonymous_2)
FNDA:2,(anonymous_3)
FNDA:2,(anonymous_4)
FNDA:2,(anonymous_5)
FNDA:2,(anonymous_6)
FNDA:2,(anonymous_7)
FNDA:2,(anonymous_8)
FNDA:2,(anonymous_9)
FNDA:2,(anonymous_10)
FNDA:2,(anonymous_11)
FNDA:0,(anonymous_12)
FNDA:0,(anonymous_13)
FNDA:0,(anonymous_14)
FNDA:0,(anonymous_15)
FNDA:0,(anonymous_16)
FNDA:0,(anonymous_17)
FNDA:0,(anonymous_18)
FNDA:0,(anonymous_19)
FNDA:0,(anonymous_20)
DA:20,0
DA:21,0
DA:25,0
DA:27,0
DA:37,2
DA:38,2
DA:42,2
DA:43,1
DA:53,2
DA:54,2
DA:58,2
DA:59,1
DA:60,0
DA:62,1
DA:72,2
DA:73,2
DA:77,2
DA:78,1
DA:79,0
DA:81,1
DA:93,0
DA:94,0
DA:96,0
DA:106,0
DA:109,0
DA:111,0
DA:114,0
DA:147,0
DA:149,0
DA:150,0
DA:152,0
DA:153,0
DA:155,0
DA:156,0
DA:159,0
DA:162,0
DA:163,0
DA:176,0
DA:177,0
DA:184,0
DA:185,0
DA:192,0
DA:193,0
DA:200,1
LF:44
LH:15
BRDA:25,0,0,0
BRDA:25,0,1,0
BRDA:42,1,0,1
BRDA:42,1,1,1
BRDA:58,2,0,1
BRDA:58,2,1,1
BRDA:59,3,0,0
BRDA:59,3,1,1
BRDA:77,4,0,1
BRDA:77,4,1,1
BRDA:78,5,0,0
BRDA:78,5,1,1
BRDA:106,6,0,0
BRDA:106,6,1,0
BRDA:109,7,0,0
BRDA:109,7,1,0
BRDA:147,8,0,0
BRDA:147,8,1,0
BRDA:147,8,2,0
BRDA:147,8,3,0
BRDA:176,9,0,0
BRDA:176,9,1,0
BRDA:192,10,0,0
BRDA:192,10,1,0
BRF:24
BRH:8
end_of_record
TN:
SF:src\services\tags-Services.ts
FN:13,(anonymous_0)
FN:14,(anonymous_1)
FN:15,(anonymous_2)
FN:25,(anonymous_3)
FN:26,(anonymous_4)
FN:30,(anonymous_5)
FN:41,(anonymous_6)
FN:42,(anonymous_7)
FN:46,(anonymous_8)
FN:58,(anonymous_9)
FN:63,(anonymous_10)
FN:73,(anonymous_11)
FNF:12
FNH:6
FNDA:1,(anonymous_0)
FNDA:1,(anonymous_1)
FNDA:1,(anonymous_2)
FNDA:1,(anonymous_3)
FNDA:1,(anonymous_4)
FNDA:1,(anonymous_5)
FNDA:0,(anonymous_6)
FNDA:0,(anonymous_7)
FNDA:0,(anonymous_8)
FNDA:0,(anonymous_9)
FNDA:0,(anonymous_10)
FNDA:0,(anonymous_11)
DA:14,1
DA:15,1
DA:16,1
DA:17,1
DA:26,1
DA:27,1
DA:31,1
DA:32,1
DA:42,0
DA:43,0
DA:47,0
DA:48,0
DA:59,0
DA:60,0
DA:61,0
DA:63,0
DA:64,0
DA:74,0
DA:75,0
DA:82,1
LF:20
LH:9
BRDA:16,0,0,0
BRDA:16,0,1,1
BRDA:31,1,0,0
BRDA:31,1,1,1
BRDA:47,2,0,0
BRDA:47,2,1,0
BRDA:58,3,0,0
BRDA:58,4,0,0
BRDA:59,5,0,0
BRDA:59,5,1,0
BRDA:60,6,0,0
BRDA:60,6,1,0
BRDA:61,7,0,0
BRDA:61,7,1,0
BRDA:74,8,0,0
BRDA:74,8,1,0
BRF:16
BRH:2
end_of_record
TN:
SF:src\services\users-Services.ts
FN:4,(anonymous_0)
FN:10,(anonymous_1)
FN:17,executeQuery
FN:18,(anonymous_3)
FNF:4
FNH:4
FNDA:1,(anonymous_0)
FNDA:1,(anonymous_1)
FNDA:2,executeQuery
FNDA:2,(anonymous_3)
DA:6,1
DA:7,1
DA:12,1
DA:13,1
DA:18,2
DA:19,2
DA:21,2
DA:22,2
DA:23,2
DA:24,2
DA:27,0
LF:11
LH:10
BRDA:19,0,0,0
BRDA:19,0,1,2
BRDA:21,1,0,2
BRDA:21,1,1,0
BRDA:21,2,0,2
BRDA:21,2,1,2
BRDA:23,3,0,2
BRDA:23,3,1,0
BRDA:23,4,0,2
BRDA:23,4,1,2
BRF:10
BRH:7
end_of_record
TN:
SF:src\services\votes-Services.ts
FN:8,(anonymous_0)
FN:10,(anonymous_1)
FN:15,(anonymous_2)
FN:24,(anonymous_3)
FN:37,(anonymous_4)
FNF:5
FNH:4
FNDA:1,(anonymous_0)
FNDA:1,(anonymous_1)
FNDA:1,(anonymous_2)
FNDA:0,(anonymous_3)
FNDA:1,(anonymous_4)
DA:9,1
DA:10,1
DA:12,1
DA:16,1
DA:17,0
DA:19,1
DA:20,0
DA:21,0
DA:25,0
DA:26,0
DA:27,0
DA:29,0
DA:34,1
DA:38,1
DA:39,1
DA:49,1
LF:16
LH:9
BRDA:9,0,0,1
BRDA:9,0,1,0
BRDA:16,1,0,0
BRDA:16,1,1,1
BRDA:19,2,0,0
BRDA:19,2,1,1
BRDA:25,3,0,0
BRDA:25,3,1,0
BRDA:26,4,0,0
BRDA:26,4,1,0
BRDA:38,5,0,0
BRDA:38,5,1,1
BRF:12
BRH:4
end_of_record
