<?xml version="1.0" encoding="UTF-8"?>
<coverage generated="1700594161896" clover="3.2.0">
  <project timestamp="1700594161896" name="All files">
    <metrics statements="375" coveredstatements="322" conditionals="171" coveredconditionals="119" methods="163" coveredmethods="135" elements="709" coveredelements="576" complexity="0" loc="375" ncloc="375" packages="4" files="16" classes="16"/>
    <package name="src">
      <metrics statements="14" coveredstatements="13" conditionals="8" coveredconditionals="6" methods="1" coveredmethods="1"/>
      <file name="app.ts" path="D:\School\Webutvikling prosjekt\Prosjektoppgave-H23-1\server\src\app.ts">
        <metrics statements="8" coveredstatements="8" conditionals="0" coveredconditionals="0" methods="0" coveredmethods="0"/>
        <line num="15" count="1" type="stmt"/>
        <line num="17" count="1" type="stmt"/>
        <line num="19" count="1" type="stmt"/>
        <line num="20" count="1" type="stmt"/>
        <line num="21" count="1" type="stmt"/>
        <line num="22" count="1" type="stmt"/>
        <line num="23" count="1" type="stmt"/>
        <line num="24" count="1" type="stmt"/>
      </file>
      <file name="mysql-pool.ts" path="D:\School\Webutvikling prosjekt\Prosjektoppgave-H23-1\server\src\mysql-pool.ts">
        <metrics statements="6" coveredstatements="5" conditionals="8" coveredconditionals="6" methods="1" coveredmethods="1"/>
        <line num="10" count="1" type="stmt"/>
        <line num="19" count="135" type="cond" truecount="2" falsecount="2"/>
        <line num="20" count="0" type="stmt"/>
        <line num="22" count="135" type="cond" truecount="4" falsecount="0"/>
        <line num="23" count="5" type="stmt"/>
        <line num="25" count="130" type="stmt"/>
      </file>
    </package>
    <package name="src.routers">
      <metrics statements="167" coveredstatements="137" conditionals="71" coveredconditionals="64" methods="76" coveredmethods="51"/>
      <file name="answerRouters.ts" path="D:\School\Webutvikling prosjekt\Prosjektoppgave-H23-1\server\src\routers\answerRouters.ts">
        <metrics statements="48" coveredstatements="35" conditionals="19" coveredconditionals="14" methods="22" coveredmethods="13"/>
        <line num="10" count="1" type="stmt"/>
        <line num="13" count="1" type="stmt"/>
        <line num="14" count="2" type="stmt"/>
        <line num="16" count="2" type="stmt"/>
        <line num="17" count="2" type="cond" truecount="2" falsecount="0"/>
        <line num="18" count="0" type="stmt"/>
        <line num="23" count="1" type="stmt"/>
        <line num="24" count="2" type="stmt"/>
        <line num="26" count="2" type="cond" truecount="2" falsecount="0"/>
        <line num="27" count="1" type="stmt"/>
        <line num="30" count="1" type="stmt"/>
        <line num="31" count="1" type="cond" truecount="1" falsecount="1"/>
        <line num="32" count="0" type="stmt"/>
        <line num="36" count="1" type="stmt"/>
        <line num="37" count="2" type="stmt"/>
        <line num="38" count="2" type="cond" truecount="5" falsecount="0"/>
        <line num="39" count="1" type="stmt"/>
        <line num="40" count="1" type="stmt"/>
        <line num="41" count="0" type="stmt"/>
        <line num="43" count="1" type="stmt"/>
        <line num="48" count="1" type="stmt"/>
        <line num="49" count="0" type="stmt"/>
        <line num="50" count="0" type="stmt"/>
        <line num="51" count="0" type="cond" truecount="0" falsecount="4"/>
        <line num="52" count="0" type="stmt"/>
        <line num="53" count="0" type="stmt"/>
        <line num="54" count="0" type="stmt"/>
        <line num="56" count="0" type="stmt"/>
        <line num="61" count="1" type="stmt"/>
        <line num="62" count="1" type="stmt"/>
        <line num="63" count="1" type="stmt"/>
        <line num="64" count="1" type="stmt"/>
        <line num="65" count="0" type="stmt"/>
        <line num="69" count="1" type="stmt"/>
        <line num="70" count="3" type="stmt"/>
        <line num="72" count="3" type="stmt"/>
        <line num="73" count="3" type="cond" truecount="2" falsecount="0"/>
        <line num="74" count="2" type="stmt"/>
        <line num="76" count="2" type="cond" truecount="2" falsecount="0"/>
        <line num="77" count="1" type="stmt"/>
        <line num="79" count="1" type="stmt"/>
        <line num="82" count="2" type="stmt"/>
        <line num="83" count="0" type="stmt"/>
        <line num="85" count="1" type="stmt"/>
        <line num="90" count="1" type="stmt"/>
        <line num="91" count="1" type="stmt"/>
        <line num="92" count="1" type="stmt"/>
        <line num="93" count="0" type="stmt"/>
      </file>
      <file name="commentRouters.ts" path="D:\School\Webutvikling prosjekt\Prosjektoppgave-H23-1\server\src\routers\commentRouters.ts">
        <metrics statements="34" coveredstatements="28" conditionals="14" coveredconditionals="12" methods="15" coveredmethods="10"/>
        <line num="11" count="1" type="stmt"/>
        <line num="14" count="1" type="stmt"/>
        <line num="15" count="1" type="stmt"/>
        <line num="17" count="1" type="stmt"/>
        <line num="18" count="0" type="stmt"/>
        <line num="22" count="1" type="stmt"/>
        <line num="23" count="2" type="stmt"/>
        <line num="25" count="2" type="cond" truecount="1" falsecount="1"/>
        <line num="26" count="0" type="stmt"/>
        <line num="29" count="2" type="stmt"/>
        <line num="31" count="2" type="cond" truecount="2" falsecount="0"/>
        <line num="32" count="1" type="stmt"/>
        <line num="34" count="1" type="stmt"/>
        <line num="36" count="0" type="stmt"/>
        <line num="42" count="1" type="stmt"/>
        <line num="43" count="2" type="stmt"/>
        <line num="46" count="2" type="cond" truecount="5" falsecount="1"/>
        <line num="47" count="1" type="stmt"/>
        <line num="48" count="1" type="stmt"/>
        <line num="49" count="0" type="stmt"/>
        <line num="51" count="1" type="stmt"/>
        <line num="56" count="1" type="stmt"/>
        <line num="57" count="2" type="stmt"/>
        <line num="58" count="2" type="stmt"/>
        <line num="59" count="2" type="cond" truecount="4" falsecount="0"/>
        <line num="60" count="1" type="stmt"/>
        <line num="61" count="1" type="stmt"/>
        <line num="62" count="0" type="stmt"/>
        <line num="64" count="1" type="stmt"/>
        <line num="69" count="1" type="stmt"/>
        <line num="70" count="2" type="stmt"/>
        <line num="71" count="2" type="stmt"/>
        <line num="72" count="0" type="stmt"/>
        <line num="73" count="2" type="stmt"/>
      </file>
      <file name="favoriteRouters.ts" path="D:\School\Webutvikling prosjekt\Prosjektoppgave-H23-1\server\src\routers\favoriteRouters.ts">
        <metrics statements="20" coveredstatements="17" conditionals="10" coveredconditionals="10" methods="9" coveredmethods="6"/>
        <line num="10" count="1" type="stmt"/>
        <line num="13" count="1" type="stmt"/>
        <line num="14" count="2" type="stmt"/>
        <line num="16" count="2" type="stmt"/>
        <line num="17" count="2" type="cond" truecount="2" falsecount="0"/>
        <line num="18" count="0" type="stmt"/>
        <line num="22" count="1" type="stmt"/>
        <line num="23" count="2" type="stmt"/>
        <line num="24" count="2" type="cond" truecount="4" falsecount="0"/>
        <line num="25" count="1" type="stmt"/>
        <line num="26" count="1" type="stmt"/>
        <line num="27" count="0" type="stmt"/>
        <line num="29" count="1" type="stmt"/>
        <line num="34" count="1" type="stmt"/>
        <line num="35" count="2" type="stmt"/>
        <line num="36" count="2" type="cond" truecount="4" falsecount="0"/>
        <line num="37" count="1" type="stmt"/>
        <line num="38" count="1" type="stmt"/>
        <line num="39" count="0" type="stmt"/>
        <line num="41" count="1" type="stmt"/>
      </file>
      <file name="questionRouters.ts" path="D:\School\Webutvikling prosjekt\Prosjektoppgave-H23-1\server\src\routers\questionRouters.ts">
        <metrics statements="39" coveredstatements="34" conditionals="20" coveredconditionals="20" methods="18" coveredmethods="13"/>
        <line num="9" count="1" type="stmt"/>
        <line num="12" count="1" type="stmt"/>
        <line num="13" count="1" type="stmt"/>
        <line num="15" count="1" type="stmt"/>
        <line num="16" count="0" type="stmt"/>
        <line num="20" count="1" type="stmt"/>
        <line num="21" count="2" type="stmt"/>
        <line num="22" count="2" type="stmt"/>
        <line num="24" count="2" type="cond" truecount="2" falsecount="0"/>
        <line num="25" count="0" type="stmt"/>
        <line num="30" count="1" type="stmt"/>
        <line num="31" count="2" type="stmt"/>
        <line num="32" count="2" type="cond" truecount="4" falsecount="0"/>
        <line num="33" count="1" type="stmt"/>
        <line num="34" count="1" type="stmt"/>
        <line num="36" count="2" type="cond" truecount="2" falsecount="0"/>
        <line num="43" count="1" type="stmt"/>
        <line num="45" count="1" type="stmt"/>
        <line num="46" count="0" type="stmt"/>
        <line num="48" count="1" type="stmt"/>
        <line num="54" count="1" type="stmt"/>
        <line num="55" count="2" type="stmt"/>
        <line num="56" count="2" type="stmt"/>
        <line num="57" count="2" type="cond" truecount="5" falsecount="0"/>
        <line num="58" count="1" type="stmt"/>
        <line num="60" count="1" type="stmt"/>
        <line num="61" count="0" type="stmt"/>
        <line num="63" count="1" type="stmt"/>
        <line num="68" count="1" type="stmt"/>
        <line num="69" count="2" type="stmt"/>
        <line num="71" count="2" type="cond" truecount="2" falsecount="0"/>
        <line num="72" count="1" type="stmt"/>
        <line num="75" count="1" type="stmt"/>
        <line num="77" count="1" type="stmt"/>
        <line num="78" count="0" type="stmt"/>
        <line num="83" count="1" type="stmt"/>
        <line num="84" count="2" type="stmt"/>
        <line num="86" count="1" type="stmt"/>
        <line num="87" count="1" type="stmt"/>
      </file>
      <file name="tagsRouters.ts" path="D:\School\Webutvikling prosjekt\Prosjektoppgave-H23-1\server\src\routers\tagsRouters.ts">
        <metrics statements="16" coveredstatements="13" conditionals="4" coveredconditionals="4" methods="9" coveredmethods="6"/>
        <line num="9" count="1" type="stmt"/>
        <line num="12" count="1" type="stmt"/>
        <line num="13" count="1" type="stmt"/>
        <line num="15" count="1" type="stmt"/>
        <line num="16" count="0" type="stmt"/>
        <line num="21" count="1" type="stmt"/>
        <line num="22" count="2" type="stmt"/>
        <line num="25" count="2" type="cond" truecount="4" falsecount="0"/>
        <line num="26" count="1" type="stmt"/>
        <line num="28" count="1" type="stmt"/>
        <line num="29" count="0" type="stmt"/>
        <line num="31" count="1" type="stmt"/>
        <line num="37" count="1" type="stmt"/>
        <line num="38" count="1" type="stmt"/>
        <line num="40" count="1" type="stmt"/>
        <line num="41" count="0" type="stmt"/>
      </file>
      <file name="voteRouters.ts" path="D:\School\Webutvikling prosjekt\Prosjektoppgave-H23-1\server\src\routers\voteRouters.ts">
        <metrics statements="10" coveredstatements="10" conditionals="4" coveredconditionals="4" methods="3" coveredmethods="3"/>
        <line num="9" count="1" type="stmt"/>
        <line num="11" count="1" type="stmt"/>
        <line num="12" count="3" type="stmt"/>
        <line num="13" count="3" type="stmt"/>
        <line num="14" count="3" type="stmt"/>
        <line num="16" count="3" type="cond" truecount="4" falsecount="0"/>
        <line num="17" count="1" type="stmt"/>
        <line num="20" count="2" type="stmt"/>
        <line num="21" count="1" type="stmt"/>
        <line num="22" count="1" type="stmt"/>
      </file>
    </package>
    <package name="src.services">
      <metrics statements="145" coveredstatements="125" conditionals="82" coveredconditionals="41" methods="82" coveredmethods="79"/>
      <file name="answers-Services.ts" path="D:\School\Webutvikling prosjekt\Prosjektoppgave-H23-1\server\src\services\answers-Services.ts">
        <metrics statements="34" coveredstatements="27" conditionals="20" coveredconditionals="8" methods="21" coveredmethods="18"/>
        <line num="27" count="4" type="stmt"/>
        <line num="28" count="4" type="stmt"/>
        <line num="32" count="4" type="cond" truecount="1" falsecount="1"/>
        <line num="34" count="4" type="stmt"/>
        <line num="45" count="1" type="stmt"/>
        <line num="46" count="1" type="stmt"/>
        <line num="50" count="1" type="cond" truecount="1" falsecount="1"/>
        <line num="51" count="1" type="stmt"/>
        <line num="61" count="133" type="stmt"/>
        <line num="62" count="133" type="stmt"/>
        <line num="66" count="133" type="cond" truecount="1" falsecount="1"/>
        <line num="67" count="133" type="stmt"/>
        <line num="77" count="0" type="stmt"/>
        <line num="78" count="0" type="stmt"/>
        <line num="82" count="0" type="cond" truecount="0" falsecount="2"/>
        <line num="83" count="0" type="cond" truecount="0" falsecount="2"/>
        <line num="84" count="0" type="stmt"/>
        <line num="94" count="1" type="stmt"/>
        <line num="95" count="1" type="stmt"/>
        <line num="99" count="1" type="cond" truecount="1" falsecount="1"/>
        <line num="100" count="1" type="cond" truecount="1" falsecount="1"/>
        <line num="101" count="1" type="stmt"/>
        <line num="111" count="1" type="stmt"/>
        <line num="112" count="1" type="stmt"/>
        <line num="116" count="1" type="cond" truecount="1" falsecount="1"/>
        <line num="117" count="0" type="stmt"/>
        <line num="119" count="1" type="cond" truecount="1" falsecount="1"/>
        <line num="120" count="0" type="stmt"/>
        <line num="122" count="1" type="stmt"/>
        <line num="132" count="1" type="stmt"/>
        <line num="133" count="1" type="stmt"/>
        <line num="136" count="1" type="cond" truecount="1" falsecount="1"/>
        <line num="138" count="1" type="stmt"/>
        <line num="145" count="1" type="stmt"/>
      </file>
      <file name="comments-Services.ts" path="D:\School\Webutvikling prosjekt\Prosjektoppgave-H23-1\server\src\services\comments-Services.ts">
        <metrics statements="26" coveredstatements="24" conditionals="18" coveredconditionals="10" methods="15" coveredmethods="15"/>
        <line num="26" count="1" type="stmt"/>
        <line num="28" count="1" type="stmt"/>
        <line num="31" count="1" type="cond" truecount="1" falsecount="1"/>
        <line num="32" count="1" type="stmt"/>
        <line num="42" count="2" type="stmt"/>
        <line num="44" count="2" type="stmt"/>
        <line num="48" count="2" type="cond" truecount="1" falsecount="1"/>
        <line num="50" count="2" type="stmt"/>
        <line num="65" count="177" type="stmt"/>
        <line num="67" count="177" type="cond" truecount="2" falsecount="0"/>
        <line num="68" count="177" type="cond" truecount="2" falsecount="0"/>
        <line num="69" count="177" type="stmt"/>
        <line num="73" count="177" type="cond" truecount="1" falsecount="1"/>
        <line num="74" count="177" type="stmt"/>
        <line num="84" count="1" type="stmt"/>
        <line num="85" count="1" type="stmt"/>
        <line num="89" count="1" type="cond" truecount="1" falsecount="1"/>
        <line num="90" count="1" type="cond" truecount="1" falsecount="1"/>
        <line num="91" count="1" type="stmt"/>
        <line num="101" count="2" type="stmt"/>
        <line num="102" count="2" type="stmt"/>
        <line num="106" count="2" type="stmt"/>
        <line num="107" count="2" type="cond" truecount="1" falsecount="1"/>
        <line num="108" count="0" type="cond" truecount="0" falsecount="2"/>
        <line num="109" count="0" type="stmt"/>
        <line num="117" count="1" type="stmt"/>
      </file>
      <file name="favorites-Services.ts" path="D:\School\Webutvikling prosjekt\Prosjektoppgave-H23-1\server\src\services\favorites-Services.ts">
        <metrics statements="20" coveredstatements="14" conditionals="10" coveredconditionals="4" methods="9" coveredmethods="9"/>
        <line num="22" count="2" type="stmt"/>
        <line num="23" count="2" type="stmt"/>
        <line num="26" count="2" type="cond" truecount="1" falsecount="1"/>
        <line num="27" count="0" type="stmt"/>
        <line num="29" count="2" type="stmt"/>
        <line num="38" count="133" type="stmt"/>
        <line num="39" count="133" type="stmt"/>
        <line num="43" count="133" type="cond" truecount="1" falsecount="1"/>
        <line num="45" count="0" type="cond" truecount="0" falsecount="2"/>
        <line num="46" count="0" type="stmt"/>
        <line num="48" count="0" type="stmt"/>
        <line num="50" count="133" type="stmt"/>
        <line num="60" count="1" type="stmt"/>
        <line num="61" count="1" type="stmt"/>
        <line num="65" count="1" type="cond" truecount="1" falsecount="1"/>
        <line num="66" count="0" type="stmt"/>
        <line num="68" count="1" type="cond" truecount="1" falsecount="1"/>
        <line num="69" count="0" type="stmt"/>
        <line num="71" count="1" type="stmt"/>
        <line num="78" count="1" type="stmt"/>
      </file>
      <file name="questions-Services.ts" path="D:\School\Webutvikling prosjekt\Prosjektoppgave-H23-1\server\src\services\questions-Services.ts">
        <metrics statements="31" coveredstatements="29" conditionals="18" coveredconditionals="10" methods="18" coveredmethods="18"/>
        <line num="26" count="2" type="stmt"/>
        <line num="27" count="2" type="stmt"/>
        <line num="31" count="2" type="cond" truecount="1" falsecount="1"/>
        <line num="33" count="2" type="stmt"/>
        <line num="43" count="1" type="stmt"/>
        <line num="44" count="1" type="stmt"/>
        <line num="45" count="1" type="cond" truecount="1" falsecount="1"/>
        <line num="47" count="1" type="stmt"/>
        <line num="56" count="221" type="stmt"/>
        <line num="57" count="221" type="stmt"/>
        <line num="61" count="221" type="cond" truecount="1" falsecount="1"/>
        <line num="62" count="221" type="stmt"/>
        <line num="72" count="1" type="stmt"/>
        <line num="73" count="1" type="stmt"/>
        <line num="77" count="1" type="cond" truecount="1" falsecount="1"/>
        <line num="78" count="1" type="cond" truecount="1" falsecount="1"/>
        <line num="79" count="0" type="stmt"/>
        <line num="81" count="1" type="stmt"/>
        <line num="91" count="2" type="stmt"/>
        <line num="92" count="2" type="stmt"/>
        <line num="96" count="2" type="cond" truecount="1" falsecount="1"/>
        <line num="97" count="2" type="cond" truecount="2" falsecount="0"/>
        <line num="98" count="1" type="stmt"/>
        <line num="100" count="1" type="stmt"/>
        <line num="110" count="1" type="stmt"/>
        <line num="111" count="1" type="stmt"/>
        <line num="115" count="1" type="cond" truecount="1" falsecount="1"/>
        <line num="116" count="1" type="cond" truecount="1" falsecount="1"/>
        <line num="117" count="0" type="stmt"/>
        <line num="119" count="1" type="stmt"/>
        <line num="126" count="1" type="stmt"/>
      </file>
      <file name="tags-Services.ts" path="D:\School\Webutvikling prosjekt\Prosjektoppgave-H23-1\server\src\services\tags-Services.ts">
        <metrics statements="18" coveredstatements="17" conditionals="8" coveredconditionals="4" methods="12" coveredmethods="12"/>
        <line num="19" count="1" type="stmt"/>
        <line num="20" count="1" type="stmt"/>
        <line num="24" count="1" type="cond" truecount="1" falsecount="1"/>
        <line num="25" count="1" type="stmt"/>
        <line num="35" count="133" type="stmt"/>
        <line num="36" count="133" type="stmt"/>
        <line num="40" count="133" type="cond" truecount="1" falsecount="1"/>
        <line num="41" count="133" type="stmt"/>
        <line num="48" count="220" type="stmt"/>
        <line num="49" count="220" type="stmt"/>
        <line num="53" count="220" type="cond" truecount="1" falsecount="1"/>
        <line num="54" count="220" type="stmt"/>
        <line num="62" count="1" type="stmt"/>
        <line num="63" count="1" type="stmt"/>
        <line num="69" count="1" type="cond" truecount="1" falsecount="1"/>
        <line num="70" count="0" type="stmt"/>
        <line num="72" count="1" type="stmt"/>
        <line num="79" count="1" type="stmt"/>
      </file>
      <file name="users-Services.ts" path="D:\School\Webutvikling prosjekt\Prosjektoppgave-H23-1\server\src\services\users-Services.ts">
        <metrics statements="5" coveredstatements="5" conditionals="2" coveredconditionals="1" methods="3" coveredmethods="3"/>
        <line num="17" count="44" type="stmt"/>
        <line num="18" count="44" type="stmt"/>
        <line num="22" count="44" type="cond" truecount="1" falsecount="1"/>
        <line num="23" count="44" type="stmt"/>
        <line num="31" count="1" type="stmt"/>
      </file>
      <file name="votes-Services.ts" path="D:\School\Webutvikling prosjekt\Prosjektoppgave-H23-1\server\src\services\votes-Services.ts">
        <metrics statements="11" coveredstatements="9" conditionals="6" coveredconditionals="4" methods="4" coveredmethods="4"/>
        <line num="21" count="2" type="stmt"/>
        <line num="22" count="2" type="stmt"/>
        <line num="26" count="2" type="cond" truecount="2" falsecount="0"/>
        <line num="27" count="1" type="stmt"/>
        <line num="32" count="1" type="stmt"/>
        <line num="36" count="1" type="cond" truecount="1" falsecount="1"/>
        <line num="37" count="0" type="stmt"/>
        <line num="39" count="1" type="cond" truecount="1" falsecount="1"/>
        <line num="40" count="0" type="stmt"/>
        <line num="42" count="1" type="stmt"/>
        <line num="51" count="1" type="stmt"/>
      </file>
    </package>
    <package name="test.utils">
      <metrics statements="49" coveredstatements="47" conditionals="10" coveredconditionals="8" methods="4" coveredmethods="4"/>
      <file name="testSetup.ts" path="D:\School\Webutvikling prosjekt\Prosjektoppgave-H23-1\server\test\utils\testSetup.ts">
        <metrics statements="49" coveredstatements="47" conditionals="10" coveredconditionals="8" methods="4" coveredmethods="4"/>
        <line num="13" count="1" type="stmt"/>
        <line num="17" count="1" type="stmt"/>
        <line num="64" count="1" type="stmt"/>
        <line num="97" count="1" type="stmt"/>
        <line num="136" count="1" type="stmt"/>
        <line num="144" count="1" type="stmt"/>
        <line num="150" count="1" type="stmt"/>
        <line num="156" count="1" type="stmt"/>
        <line num="163" count="1056" type="cond" truecount="7" falsecount="1"/>
        <line num="165" count="44" type="stmt"/>
        <line num="166" count="44" type="stmt"/>
        <line num="167" count="44" type="stmt"/>
        <line num="169" count="220" type="stmt"/>
        <line num="170" count="220" type="stmt"/>
        <line num="171" count="220" type="stmt"/>
        <line num="173" count="132" type="stmt"/>
        <line num="174" count="132" type="stmt"/>
        <line num="175" count="132" type="stmt"/>
        <line num="177" count="176" type="stmt"/>
        <line num="178" count="176" type="stmt"/>
        <line num="184" count="176" type="stmt"/>
        <line num="186" count="220" type="stmt"/>
        <line num="187" count="220" type="stmt"/>
        <line num="188" count="220" type="stmt"/>
        <line num="190" count="132" type="stmt"/>
        <line num="191" count="132" type="stmt"/>
        <line num="192" count="132" type="stmt"/>
        <line num="194" count="132" type="stmt"/>
        <line num="195" count="132" type="stmt"/>
        <line num="196" count="132" type="stmt"/>
        <line num="198" count="0" type="stmt"/>
        <line num="203" count="44" type="stmt"/>
        <line num="215" count="44" type="stmt"/>
        <line num="216" count="308" type="cond" truecount="1" falsecount="1"/>
        <line num="217" count="308" type="stmt"/>
        <line num="219" count="1056" type="stmt"/>
        <line num="226" count="44" type="stmt"/>
        <line num="229" count="44" type="stmt"/>
        <line num="230" count="44" type="stmt"/>
        <line num="231" count="44" type="stmt"/>
        <line num="232" count="44" type="stmt"/>
        <line num="233" count="44" type="stmt"/>
        <line num="234" count="44" type="stmt"/>
        <line num="235" count="44" type="stmt"/>
        <line num="236" count="44" type="stmt"/>
        <line num="238" count="44" type="stmt"/>
        <line num="239" count="44" type="stmt"/>
        <line num="241" count="0" type="stmt"/>
        <line num="244" count="44" type="stmt"/>
      </file>
    </package>
  </project>
</coverage>
