{"D:\\School\\Webutvikling prosjekt\\Prosjektoppgave-H23-1\\server\\src\\app.ts": {"path":"D:\\School\\Webutvikling prosjekt\\Prosjektoppgave-H23-1\\server\\src\\app.ts","statementMap":{"0":{"start":{"line":15,"column":12},"end":{"line":15,"column":21}},"1":{"start":{"line":17,"column":0},"end":{"line":17,"column":24}},"2":{"start":{"line":19,"column":0},"end":{"line":19,"column":36}},"3":{"start":{"line":20,"column":0},"end":{"line":20,"column":32}},"4":{"start":{"line":21,"column":0},"end":{"line":21,"column":35}},"5":{"start":{"line":22,"column":0},"end":{"line":22,"column":33}},"6":{"start":{"line":23,"column":0},"end":{"line":23,"column":37}},"7":{"start":{"line":24,"column":0},"end":{"line":24,"column":36}}},"fnMap":{},"branchMap":{},"s":{"0":1,"1":1,"2":1,"3":1,"4":1,"5":1,"6":1,"7":1},"f":{},"b":{},"_coverageSchema":"1a1c01bbd47fc00a2c39e90264f33305004495a9","hash":"4aca99ab6ff58fa29aef764fd03485c8cfc1bfd7"}
,"D:\\School\\Webutvikling prosjekt\\Prosjektoppgave-H23-1\\server\\src\\mysql-pool.ts": {"path":"D:\\School\\Webutvikling prosjekt\\Prosjektoppgave-H23-1\\server\\src\\mysql-pool.ts","statementMap":{"0":{"start":{"line":10,"column":13},"end":{"line":27,"column":2}},"1":{"start":{"line":19,"column":4},"end":{"line":21,"column":5}},"2":{"start":{"line":20,"column":6},"end":{"line":20,"column":36}},"3":{"start":{"line":22,"column":4},"end":{"line":24,"column":5}},"4":{"start":{"line":23,"column":6},"end":{"line":23,"column":37}},"5":{"start":{"line":25,"column":4},"end":{"line":25,"column":18}}},"fnMap":{"0":{"name":"(anonymous_0)","decl":{"start":{"line":18,"column":12},"end":{"line":18,"column":13}},"loc":{"start":{"line":18,"column":29},"end":{"line":26,"column":3}},"line":18}},"branchMap":{"0":{"loc":{"start":{"line":19,"column":4},"end":{"line":21,"column":5}},"type":"if","locations":[{"start":{"line":19,"column":4},"end":{"line":21,"column":5}},{"start":{},"end":{}}],"line":19},"1":{"loc":{"start":{"line":19,"column":8},"end":{"line":19,"column":51}},"type":"binary-expr","locations":[{"start":{"line":19,"column":8},"end":{"line":19,"column":29}},{"start":{"line":19,"column":33},"end":{"line":19,"column":51}}],"line":19},"2":{"loc":{"start":{"line":22,"column":4},"end":{"line":24,"column":5}},"type":"if","locations":[{"start":{"line":22,"column":4},"end":{"line":24,"column":5}},{"start":{},"end":{}}],"line":22},"3":{"loc":{"start":{"line":22,"column":8},"end":{"line":22,"column":50}},"type":"binary-expr","locations":[{"start":{"line":22,"column":8},"end":{"line":22,"column":28}},{"start":{"line":22,"column":32},"end":{"line":22,"column":50}}],"line":22}},"s":{"0":1,"1":135,"2":0,"3":135,"4":5,"5":130},"f":{"0":135},"b":{"0":[0,135],"1":[135,0],"2":[5,130],"3":[135,5]},"_coverageSchema":"1a1c01bbd47fc00a2c39e90264f33305004495a9","hash":"ba37e69c29bc792e44ad207f984e0c28001bf5ea"}
,"D:\\School\\Webutvikling prosjekt\\Prosjektoppgave-H23-1\\server\\src\\routers\\answerRouters.ts": {"path":"D:\\School\\Webutvikling prosjekt\\Prosjektoppgave-H23-1\\server\\src\\routers\\answerRouters.ts","statementMap":{"0":{"start":{"line":10,"column":22},"end":{"line":10,"column":38}},"1":{"start":{"line":13,"column":0},"end":{"line":19,"column":3}},"2":{"start":{"line":14,"column":18},"end":{"line":14,"column":49}},"3":{"start":{"line":16,"column":1},"end":{"line":18,"column":53}},"4":{"start":{"line":17,"column":22},"end":{"line":17,"column":100}},"5":{"start":{"line":18,"column":19},"end":{"line":18,"column":51}},"6":{"start":{"line":23,"column":0},"end":{"line":33,"column":3}},"7":{"start":{"line":24,"column":21},"end":{"line":24,"column":54}},"8":{"start":{"line":26,"column":2},"end":{"line":28,"column":3}},"9":{"start":{"line":27,"column":4},"end":{"line":27,"column":67}},"10":{"start":{"line":30,"column":2},"end":{"line":32,"column":54}},"11":{"start":{"line":31,"column":21},"end":{"line":31,"column":127}},"12":{"start":{"line":32,"column":20},"end":{"line":32,"column":52}},"13":{"start":{"line":36,"column":0},"end":{"line":45,"column":3}},"14":{"start":{"line":37,"column":42},"end":{"line":37,"column":54}},"15":{"start":{"line":38,"column":2},"end":{"line":44,"column":3}},"16":{"start":{"line":39,"column":4},"end":{"line":41,"column":56}},"17":{"start":{"line":40,"column":24},"end":{"line":40,"column":67}},"18":{"start":{"line":41,"column":22},"end":{"line":41,"column":54}},"19":{"start":{"line":43,"column":4},"end":{"line":43,"column":89}},"20":{"start":{"line":48,"column":0},"end":{"line":58,"column":3}},"21":{"start":{"line":49,"column":19},"end":{"line":49,"column":50}},"22":{"start":{"line":50,"column":22},"end":{"line":50,"column":34}},"23":{"start":{"line":51,"column":2},"end":{"line":57,"column":3}},"24":{"start":{"line":52,"column":4},"end":{"line":54,"column":56}},"25":{"start":{"line":53,"column":18},"end":{"line":53,"column":49}},"26":{"start":{"line":54,"column":22},"end":{"line":54,"column":54}},"27":{"start":{"line":56,"column":4},"end":{"line":56,"column":67}},"28":{"start":{"line":61,"column":0},"end":{"line":66,"column":3}},"29":{"start":{"line":62,"column":19},"end":{"line":62,"column":50}},"30":{"start":{"line":63,"column":2},"end":{"line":65,"column":54}},"31":{"start":{"line":64,"column":16},"end":{"line":64,"column":31}},"32":{"start":{"line":65,"column":20},"end":{"line":65,"column":52}},"33":{"start":{"line":69,"column":0},"end":{"line":87,"column":3}},"34":{"start":{"line":70,"column":19},"end":{"line":70,"column":50}},"35":{"start":{"line":72,"column":25},"end":{"line":72,"column":37}},"36":{"start":{"line":73,"column":2},"end":{"line":86,"column":1}},"37":{"start":{"line":74,"column":4},"end":{"line":83,"column":54}},"38":{"start":{"line":76,"column":6},"end":{"line":80,"column":7}},"39":{"start":{"line":77,"column":8},"end":{"line":77,"column":72}},"40":{"start":{"line":79,"column":8},"end":{"line":79,"column":54}},"41":{"start":{"line":82,"column":16},"end":{"line":82,"column":31}},"42":{"start":{"line":83,"column":20},"end":{"line":83,"column":52}},"43":{"start":{"line":85,"column":2},"end":{"line":85,"column":73}},"44":{"start":{"line":90,"column":0},"end":{"line":94,"column":3}},"45":{"start":{"line":91,"column":1},"end":{"line":93,"column":53}},"46":{"start":{"line":92,"column":19},"end":{"line":92,"column":40}},"47":{"start":{"line":93,"column":19},"end":{"line":93,"column":51}}},"fnMap":{"0":{"name":"(anonymous_0)","decl":{"start":{"line":13,"column":40},"end":{"line":13,"column":41}},"loc":{"start":{"line":13,"column":63},"end":{"line":19,"column":1}},"line":13},"1":{"name":"(anonymous_1)","decl":{"start":{"line":17,"column":9},"end":{"line":17,"column":10}},"loc":{"start":{"line":17,"column":22},"end":{"line":17,"column":100}},"line":17},"2":{"name":"(anonymous_2)","decl":{"start":{"line":18,"column":10},"end":{"line":18,"column":11}},"loc":{"start":{"line":18,"column":19},"end":{"line":18,"column":51}},"line":18},"3":{"name":"(anonymous_3)","decl":{"start":{"line":23,"column":51},"end":{"line":23,"column":52}},"loc":{"start":{"line":23,"column":74},"end":{"line":33,"column":1}},"line":23},"4":{"name":"(anonymous_4)","decl":{"start":{"line":31,"column":10},"end":{"line":31,"column":11}},"loc":{"start":{"line":31,"column":21},"end":{"line":31,"column":127}},"line":31},"5":{"name":"(anonymous_5)","decl":{"start":{"line":32,"column":11},"end":{"line":32,"column":12}},"loc":{"start":{"line":32,"column":20},"end":{"line":32,"column":52}},"line":32},"6":{"name":"(anonymous_6)","decl":{"start":{"line":36,"column":31},"end":{"line":36,"column":32}},"loc":{"start":{"line":36,"column":54},"end":{"line":45,"column":1}},"line":36},"7":{"name":"(anonymous_7)","decl":{"start":{"line":40,"column":12},"end":{"line":40,"column":13}},"loc":{"start":{"line":40,"column":24},"end":{"line":40,"column":67}},"line":40},"8":{"name":"(anonymous_8)","decl":{"start":{"line":41,"column":13},"end":{"line":41,"column":14}},"loc":{"start":{"line":41,"column":22},"end":{"line":41,"column":54}},"line":41},"9":{"name":"(anonymous_9)","decl":{"start":{"line":48,"column":40},"end":{"line":48,"column":41}},"loc":{"start":{"line":48,"column":63},"end":{"line":58,"column":1}},"line":48},"10":{"name":"(anonymous_10)","decl":{"start":{"line":53,"column":12},"end":{"line":53,"column":13}},"loc":{"start":{"line":53,"column":18},"end":{"line":53,"column":49}},"line":53},"11":{"name":"(anonymous_11)","decl":{"start":{"line":54,"column":13},"end":{"line":54,"column":14}},"loc":{"start":{"line":54,"column":22},"end":{"line":54,"column":54}},"line":54},"12":{"name":"(anonymous_12)","decl":{"start":{"line":61,"column":43},"end":{"line":61,"column":44}},"loc":{"start":{"line":61,"column":66},"end":{"line":66,"column":1}},"line":61},"13":{"name":"(anonymous_13)","decl":{"start":{"line":64,"column":10},"end":{"line":64,"column":11}},"loc":{"start":{"line":64,"column":16},"end":{"line":64,"column":31}},"line":64},"14":{"name":"(anonymous_14)","decl":{"start":{"line":65,"column":11},"end":{"line":65,"column":12}},"loc":{"start":{"line":65,"column":20},"end":{"line":65,"column":52}},"line":65},"15":{"name":"(anonymous_15)","decl":{"start":{"line":69,"column":47},"end":{"line":69,"column":48}},"loc":{"start":{"line":69,"column":70},"end":{"line":87,"column":1}},"line":69},"16":{"name":"(anonymous_16)","decl":{"start":{"line":75,"column":10},"end":{"line":75,"column":11}},"loc":{"start":{"line":75,"column":20},"end":{"line":81,"column":5}},"line":75},"17":{"name":"(anonymous_17)","decl":{"start":{"line":82,"column":10},"end":{"line":82,"column":11}},"loc":{"start":{"line":82,"column":16},"end":{"line":82,"column":31}},"line":82},"18":{"name":"(anonymous_18)","decl":{"start":{"line":83,"column":11},"end":{"line":83,"column":12}},"loc":{"start":{"line":83,"column":20},"end":{"line":83,"column":52}},"line":83},"19":{"name":"(anonymous_19)","decl":{"start":{"line":90,"column":35},"end":{"line":90,"column":36}},"loc":{"start":{"line":90,"column":59},"end":{"line":94,"column":1}},"line":90},"20":{"name":"(anonymous_20)","decl":{"start":{"line":92,"column":9},"end":{"line":92,"column":10}},"loc":{"start":{"line":92,"column":19},"end":{"line":92,"column":40}},"line":92},"21":{"name":"(anonymous_21)","decl":{"start":{"line":93,"column":10},"end":{"line":93,"column":11}},"loc":{"start":{"line":93,"column":19},"end":{"line":93,"column":51}},"line":93}},"branchMap":{"0":{"loc":{"start":{"line":17,"column":22},"end":{"line":17,"column":100}},"type":"cond-expr","locations":[{"start":{"line":17,"column":31},"end":{"line":17,"column":52}},{"start":{"line":17,"column":55},"end":{"line":17,"column":100}}],"line":17},"1":{"loc":{"start":{"line":26,"column":2},"end":{"line":28,"column":3}},"type":"if","locations":[{"start":{"line":26,"column":2},"end":{"line":28,"column":3}},{"start":{},"end":{}}],"line":26},"2":{"loc":{"start":{"line":31,"column":21},"end":{"line":31,"column":127}},"type":"cond-expr","locations":[{"start":{"line":31,"column":38},"end":{"line":31,"column":60}},{"start":{"line":31,"column":63},"end":{"line":31,"column":127}}],"line":31},"3":{"loc":{"start":{"line":38,"column":2},"end":{"line":44,"column":3}},"type":"if","locations":[{"start":{"line":38,"column":2},"end":{"line":44,"column":3}},{"start":{"line":42,"column":9},"end":{"line":44,"column":3}}],"line":38},"4":{"loc":{"start":{"line":38,"column":6},"end":{"line":38,"column":37}},"type":"binary-expr","locations":[{"start":{"line":38,"column":6},"end":{"line":38,"column":16}},{"start":{"line":38,"column":20},"end":{"line":38,"column":26}},{"start":{"line":38,"column":30},"end":{"line":38,"column":37}}],"line":38},"5":{"loc":{"start":{"line":51,"column":2},"end":{"line":57,"column":3}},"type":"if","locations":[{"start":{"line":51,"column":2},"end":{"line":57,"column":3}},{"start":{"line":55,"column":9},"end":{"line":57,"column":3}}],"line":51},"6":{"loc":{"start":{"line":51,"column":6},"end":{"line":51,"column":25}},"type":"binary-expr","locations":[{"start":{"line":51,"column":6},"end":{"line":51,"column":14}},{"start":{"line":51,"column":18},"end":{"line":51,"column":25}}],"line":51},"7":{"loc":{"start":{"line":73,"column":2},"end":{"line":86,"column":1}},"type":"if","locations":[{"start":{"line":73,"column":2},"end":{"line":86,"column":1}},{"start":{"line":84,"column":7},"end":{"line":86,"column":1}}],"line":73},"8":{"loc":{"start":{"line":76,"column":6},"end":{"line":80,"column":7}},"type":"if","locations":[{"start":{"line":76,"column":6},"end":{"line":80,"column":7}},{"start":{"line":78,"column":13},"end":{"line":80,"column":7}}],"line":76}},"s":{"0":1,"1":1,"2":2,"3":2,"4":2,"5":0,"6":1,"7":2,"8":2,"9":1,"10":1,"11":1,"12":0,"13":1,"14":2,"15":2,"16":1,"17":1,"18":0,"19":1,"20":1,"21":0,"22":0,"23":0,"24":0,"25":0,"26":0,"27":0,"28":1,"29":1,"30":1,"31":1,"32":0,"33":1,"34":3,"35":3,"36":3,"37":2,"38":2,"39":1,"40":1,"41":2,"42":0,"43":1,"44":1,"45":1,"46":1,"47":0},"f":{"0":2,"1":2,"2":0,"3":2,"4":1,"5":0,"6":2,"7":1,"8":0,"9":0,"10":0,"11":0,"12":1,"13":1,"14":0,"15":3,"16":2,"17":2,"18":0,"19":1,"20":1,"21":0},"b":{"0":[1,1],"1":[1,1],"2":[1,0],"3":[1,1],"4":[2,1,1],"5":[0,0],"6":[0,0],"7":[2,1],"8":[1,1]},"_coverageSchema":"1a1c01bbd47fc00a2c39e90264f33305004495a9","hash":"aaf2a1678b076a61a3e442b21f770d8ceb1f7db4"}
,"D:\\School\\Webutvikling prosjekt\\Prosjektoppgave-H23-1\\server\\src\\routers\\commentRouters.ts": {"path":"D:\\School\\Webutvikling prosjekt\\Prosjektoppgave-H23-1\\server\\src\\routers\\commentRouters.ts","statementMap":{"0":{"start":{"line":11,"column":23},"end":{"line":11,"column":39}},"1":{"start":{"line":14,"column":0},"end":{"line":19,"column":3}},"2":{"start":{"line":15,"column":2},"end":{"line":18,"column":54}},"3":{"start":{"line":17,"column":23},"end":{"line":17,"column":46}},"4":{"start":{"line":18,"column":21},"end":{"line":18,"column":53}},"5":{"start":{"line":22,"column":0},"end":{"line":37,"column":3}},"6":{"start":{"line":23,"column":19},"end":{"line":23,"column":51}},"7":{"start":{"line":25,"column":1},"end":{"line":27,"column":2}},"8":{"start":{"line":26,"column":3},"end":{"line":26,"column":58}},"9":{"start":{"line":29,"column":1},"end":{"line":36,"column":53}},"10":{"start":{"line":31,"column":5},"end":{"line":33,"column":6}},"11":{"start":{"line":32,"column":7},"end":{"line":32,"column":61}},"12":{"start":{"line":34,"column":5},"end":{"line":34,"column":28}},"13":{"start":{"line":36,"column":19},"end":{"line":36,"column":51}},"14":{"start":{"line":42,"column":0},"end":{"line":53,"column":3}},"15":{"start":{"line":43,"column":52},"end":{"line":43,"column":64}},"16":{"start":{"line":46,"column":2},"end":{"line":52,"column":3}},"17":{"start":{"line":47,"column":4},"end":{"line":49,"column":56}},"18":{"start":{"line":48,"column":25},"end":{"line":48,"column":69}},"19":{"start":{"line":49,"column":22},"end":{"line":49,"column":54}},"20":{"start":{"line":51,"column":4},"end":{"line":51,"column":98}},"21":{"start":{"line":56,"column":0},"end":{"line":66,"column":3}},"22":{"start":{"line":57,"column":20},"end":{"line":57,"column":52}},"23":{"start":{"line":58,"column":22},"end":{"line":58,"column":34}},"24":{"start":{"line":59,"column":2},"end":{"line":65,"column":3}},"25":{"start":{"line":60,"column":4},"end":{"line":62,"column":56}},"26":{"start":{"line":61,"column":18},"end":{"line":61,"column":50}},"27":{"start":{"line":62,"column":22},"end":{"line":62,"column":54}},"28":{"start":{"line":64,"column":4},"end":{"line":64,"column":68}},"29":{"start":{"line":69,"column":0},"end":{"line":74,"column":3}},"30":{"start":{"line":70,"column":20},"end":{"line":70,"column":52}},"31":{"start":{"line":71,"column":2},"end":{"line":73,"column":54}},"32":{"start":{"line":72,"column":16},"end":{"line":72,"column":60}},"33":{"start":{"line":73,"column":20},"end":{"line":73,"column":52}}},"fnMap":{"0":{"name":"(anonymous_0)","decl":{"start":{"line":14,"column":32},"end":{"line":14,"column":33}},"loc":{"start":{"line":14,"column":56},"end":{"line":19,"column":1}},"line":14},"1":{"name":"(anonymous_1)","decl":{"start":{"line":17,"column":9},"end":{"line":17,"column":10}},"loc":{"start":{"line":17,"column":23},"end":{"line":17,"column":46}},"line":17},"2":{"name":"(anonymous_2)","decl":{"start":{"line":18,"column":10},"end":{"line":18,"column":11}},"loc":{"start":{"line":18,"column":21},"end":{"line":18,"column":53}},"line":18},"3":{"name":"(anonymous_3)","decl":{"start":{"line":22,"column":43},"end":{"line":22,"column":44}},"loc":{"start":{"line":22,"column":66},"end":{"line":37,"column":1}},"line":22},"4":{"name":"(anonymous_4)","decl":{"start":{"line":30,"column":9},"end":{"line":30,"column":10}},"loc":{"start":{"line":30,"column":20},"end":{"line":35,"column":4}},"line":30},"5":{"name":"(anonymous_5)","decl":{"start":{"line":36,"column":10},"end":{"line":36,"column":11}},"loc":{"start":{"line":36,"column":19},"end":{"line":36,"column":51}},"line":36},"6":{"name":"(anonymous_6)","decl":{"start":{"line":42,"column":33},"end":{"line":42,"column":34}},"loc":{"start":{"line":42,"column":56},"end":{"line":53,"column":1}},"line":42},"7":{"name":"(anonymous_7)","decl":{"start":{"line":48,"column":12},"end":{"line":48,"column":13}},"loc":{"start":{"line":48,"column":25},"end":{"line":48,"column":69}},"line":48},"8":{"name":"(anonymous_8)","decl":{"start":{"line":49,"column":13},"end":{"line":49,"column":14}},"loc":{"start":{"line":49,"column":22},"end":{"line":49,"column":54}},"line":49},"9":{"name":"(anonymous_9)","decl":{"start":{"line":56,"column":43},"end":{"line":56,"column":44}},"loc":{"start":{"line":56,"column":66},"end":{"line":66,"column":1}},"line":56},"10":{"name":"(anonymous_10)","decl":{"start":{"line":61,"column":12},"end":{"line":61,"column":13}},"loc":{"start":{"line":61,"column":18},"end":{"line":61,"column":50}},"line":61},"11":{"name":"(anonymous_11)","decl":{"start":{"line":62,"column":13},"end":{"line":62,"column":14}},"loc":{"start":{"line":62,"column":22},"end":{"line":62,"column":54}},"line":62},"12":{"name":"(anonymous_12)","decl":{"start":{"line":69,"column":46},"end":{"line":69,"column":47}},"loc":{"start":{"line":69,"column":69},"end":{"line":74,"column":1}},"line":69},"13":{"name":"(anonymous_13)","decl":{"start":{"line":72,"column":10},"end":{"line":72,"column":11}},"loc":{"start":{"line":72,"column":16},"end":{"line":72,"column":60}},"line":72},"14":{"name":"(anonymous_14)","decl":{"start":{"line":73,"column":11},"end":{"line":73,"column":12}},"loc":{"start":{"line":73,"column":20},"end":{"line":73,"column":52}},"line":73}},"branchMap":{"0":{"loc":{"start":{"line":25,"column":1},"end":{"line":27,"column":2}},"type":"if","locations":[{"start":{"line":25,"column":1},"end":{"line":27,"column":2}},{"start":{},"end":{}}],"line":25},"1":{"loc":{"start":{"line":31,"column":5},"end":{"line":33,"column":6}},"type":"if","locations":[{"start":{"line":31,"column":5},"end":{"line":33,"column":6}},{"start":{},"end":{}}],"line":31},"2":{"loc":{"start":{"line":46,"column":2},"end":{"line":52,"column":3}},"type":"if","locations":[{"start":{"line":46,"column":2},"end":{"line":52,"column":3}},{"start":{"line":50,"column":9},"end":{"line":52,"column":3}}],"line":46},"3":{"loc":{"start":{"line":46,"column":6},"end":{"line":46,"column":69}},"type":"binary-expr","locations":[{"start":{"line":46,"column":6},"end":{"line":46,"column":12}},{"start":{"line":46,"column":16},"end":{"line":46,"column":23}},{"start":{"line":46,"column":28},"end":{"line":46,"column":47}},{"start":{"line":46,"column":51},"end":{"line":46,"column":68}}],"line":46},"4":{"loc":{"start":{"line":59,"column":2},"end":{"line":65,"column":3}},"type":"if","locations":[{"start":{"line":59,"column":2},"end":{"line":65,"column":3}},{"start":{"line":63,"column":9},"end":{"line":65,"column":3}}],"line":59},"5":{"loc":{"start":{"line":59,"column":6},"end":{"line":59,"column":26}},"type":"binary-expr","locations":[{"start":{"line":59,"column":6},"end":{"line":59,"column":15}},{"start":{"line":59,"column":19},"end":{"line":59,"column":26}}],"line":59}},"s":{"0":1,"1":1,"2":1,"3":1,"4":0,"5":1,"6":2,"7":2,"8":0,"9":2,"10":2,"11":1,"12":1,"13":0,"14":1,"15":2,"16":2,"17":1,"18":1,"19":0,"20":1,"21":1,"22":2,"23":2,"24":2,"25":1,"26":1,"27":0,"28":1,"29":1,"30":2,"31":2,"32":0,"33":2},"f":{"0":1,"1":1,"2":0,"3":2,"4":2,"5":0,"6":2,"7":1,"8":0,"9":2,"10":1,"11":0,"12":2,"13":0,"14":2},"b":{"0":[0,2],"1":[1,1],"2":[1,1],"3":[2,2,1,0],"4":[1,1],"5":[2,2]},"_coverageSchema":"1a1c01bbd47fc00a2c39e90264f33305004495a9","hash":"dde7c2bba0f6976c0ff55c4da36a69ad3babcca5"}
,"D:\\School\\Webutvikling prosjekt\\Prosjektoppgave-H23-1\\server\\src\\routers\\favoriteRouters.ts": {"path":"D:\\School\\Webutvikling prosjekt\\Prosjektoppgave-H23-1\\server\\src\\routers\\favoriteRouters.ts","statementMap":{"0":{"start":{"line":10,"column":24},"end":{"line":10,"column":40}},"1":{"start":{"line":13,"column":0},"end":{"line":19,"column":3}},"2":{"start":{"line":14,"column":16},"end":{"line":14,"column":45}},"3":{"start":{"line":16,"column":1},"end":{"line":18,"column":53}},"4":{"start":{"line":17,"column":22},"end":{"line":17,"column":129}},"5":{"start":{"line":18,"column":19},"end":{"line":18,"column":51}},"6":{"start":{"line":22,"column":0},"end":{"line":31,"column":3}},"7":{"start":{"line":23,"column":30},"end":{"line":23,"column":42}},"8":{"start":{"line":24,"column":1},"end":{"line":30,"column":2}},"9":{"start":{"line":25,"column":3},"end":{"line":27,"column":63}},"10":{"start":{"line":26,"column":17},"end":{"line":26,"column":61}},"11":{"start":{"line":27,"column":21},"end":{"line":27,"column":61}},"12":{"start":{"line":29,"column":3},"end":{"line":29,"column":76}},"13":{"start":{"line":34,"column":0},"end":{"line":43,"column":3}},"14":{"start":{"line":35,"column":30},"end":{"line":35,"column":42}},"15":{"start":{"line":36,"column":1},"end":{"line":42,"column":2}},"16":{"start":{"line":37,"column":3},"end":{"line":39,"column":63}},"17":{"start":{"line":38,"column":17},"end":{"line":38,"column":63}},"18":{"start":{"line":39,"column":21},"end":{"line":39,"column":61}},"19":{"start":{"line":41,"column":3},"end":{"line":41,"column":76}}},"fnMap":{"0":{"name":"(anonymous_0)","decl":{"start":{"line":13,"column":42},"end":{"line":13,"column":43}},"loc":{"start":{"line":13,"column":65},"end":{"line":19,"column":1}},"line":13},"1":{"name":"(anonymous_1)","decl":{"start":{"line":17,"column":9},"end":{"line":17,"column":10}},"loc":{"start":{"line":17,"column":22},"end":{"line":17,"column":129}},"line":17},"2":{"name":"(anonymous_2)","decl":{"start":{"line":18,"column":10},"end":{"line":18,"column":11}},"loc":{"start":{"line":18,"column":19},"end":{"line":18,"column":51}},"line":18},"3":{"name":"(anonymous_3)","decl":{"start":{"line":22,"column":35},"end":{"line":22,"column":36}},"loc":{"start":{"line":22,"column":58},"end":{"line":31,"column":1}},"line":22},"4":{"name":"(anonymous_4)","decl":{"start":{"line":26,"column":11},"end":{"line":26,"column":12}},"loc":{"start":{"line":26,"column":17},"end":{"line":26,"column":61}},"line":26},"5":{"name":"(anonymous_5)","decl":{"start":{"line":27,"column":12},"end":{"line":27,"column":13}},"loc":{"start":{"line":27,"column":21},"end":{"line":27,"column":61}},"line":27},"6":{"name":"(anonymous_6)","decl":{"start":{"line":34,"column":37},"end":{"line":34,"column":38}},"loc":{"start":{"line":34,"column":60},"end":{"line":43,"column":1}},"line":34},"7":{"name":"(anonymous_7)","decl":{"start":{"line":38,"column":11},"end":{"line":38,"column":12}},"loc":{"start":{"line":38,"column":17},"end":{"line":38,"column":63}},"line":38},"8":{"name":"(anonymous_8)","decl":{"start":{"line":39,"column":12},"end":{"line":39,"column":13}},"loc":{"start":{"line":39,"column":21},"end":{"line":39,"column":61}},"line":39}},"branchMap":{"0":{"loc":{"start":{"line":17,"column":22},"end":{"line":17,"column":129}},"type":"cond-expr","locations":[{"start":{"line":17,"column":41},"end":{"line":17,"column":65}},{"start":{"line":17,"column":68},"end":{"line":17,"column":129}}],"line":17},"1":{"loc":{"start":{"line":24,"column":1},"end":{"line":30,"column":2}},"type":"if","locations":[{"start":{"line":24,"column":1},"end":{"line":30,"column":2}},{"start":{"line":28,"column":8},"end":{"line":30,"column":2}}],"line":24},"2":{"loc":{"start":{"line":24,"column":5},"end":{"line":24,"column":23}},"type":"binary-expr","locations":[{"start":{"line":24,"column":5},"end":{"line":24,"column":11}},{"start":{"line":24,"column":15},"end":{"line":24,"column":23}}],"line":24},"3":{"loc":{"start":{"line":36,"column":1},"end":{"line":42,"column":2}},"type":"if","locations":[{"start":{"line":36,"column":1},"end":{"line":42,"column":2}},{"start":{"line":40,"column":8},"end":{"line":42,"column":2}}],"line":36},"4":{"loc":{"start":{"line":36,"column":5},"end":{"line":36,"column":23}},"type":"binary-expr","locations":[{"start":{"line":36,"column":5},"end":{"line":36,"column":11}},{"start":{"line":36,"column":15},"end":{"line":36,"column":23}}],"line":36}},"s":{"0":1,"1":1,"2":2,"3":2,"4":2,"5":0,"6":1,"7":2,"8":2,"9":1,"10":1,"11":0,"12":1,"13":1,"14":2,"15":2,"16":1,"17":1,"18":0,"19":1},"f":{"0":2,"1":2,"2":0,"3":2,"4":1,"5":0,"6":2,"7":1,"8":0},"b":{"0":[1,1],"1":[1,1],"2":[2,2],"3":[1,1],"4":[2,2]},"_coverageSchema":"1a1c01bbd47fc00a2c39e90264f33305004495a9","hash":"52600583b250b0166f8e051e23a6ca973b08bb0c"}
,"D:\\School\\Webutvikling prosjekt\\Prosjektoppgave-H23-1\\server\\src\\routers\\questionRouters.ts": {"path":"D:\\School\\Webutvikling prosjekt\\Prosjektoppgave-H23-1\\server\\src\\routers\\questionRouters.ts","statementMap":{"0":{"start":{"line":9,"column":24},"end":{"line":9,"column":40}},"1":{"start":{"line":12,"column":0},"end":{"line":17,"column":2}},"2":{"start":{"line":13,"column":2},"end":{"line":16,"column":55}},"3":{"start":{"line":15,"column":25},"end":{"line":15,"column":49}},"4":{"start":{"line":16,"column":22},"end":{"line":16,"column":54}},"5":{"start":{"line":20,"column":0},"end":{"line":26,"column":3}},"6":{"start":{"line":21,"column":13},"end":{"line":21,"column":38}},"7":{"start":{"line":22,"column":2},"end":{"line":25,"column":56}},"8":{"start":{"line":24,"column":25},"end":{"line":24,"column":109}},"9":{"start":{"line":25,"column":22},"end":{"line":25,"column":54}},"10":{"start":{"line":30,"column":0},"end":{"line":50,"column":3}},"11":{"start":{"line":31,"column":37},"end":{"line":31,"column":49}},"12":{"start":{"line":32,"column":2},"end":{"line":35,"column":3}},"13":{"start":{"line":33,"column":4},"end":{"line":33,"column":16}},"14":{"start":{"line":34,"column":4},"end":{"line":34,"column":18}},"15":{"start":{"line":36,"column":2},"end":{"line":49,"column":3}},"16":{"start":{"line":43,"column":4},"end":{"line":46,"column":58}},"17":{"start":{"line":45,"column":28},"end":{"line":45,"column":61}},"18":{"start":{"line":46,"column":24},"end":{"line":46,"column":56}},"19":{"start":{"line":48,"column":4},"end":{"line":48,"column":76}},"20":{"start":{"line":54,"column":0},"end":{"line":65,"column":3}},"21":{"start":{"line":55,"column":29},"end":{"line":55,"column":41}},"22":{"start":{"line":56,"column":13},"end":{"line":56,"column":38}},"23":{"start":{"line":57,"column":2},"end":{"line":64,"column":3}},"24":{"start":{"line":58,"column":4},"end":{"line":61,"column":58}},"25":{"start":{"line":60,"column":18},"end":{"line":60,"column":43}},"26":{"start":{"line":61,"column":24},"end":{"line":61,"column":56}},"27":{"start":{"line":63,"column":4},"end":{"line":63,"column":69}},"28":{"start":{"line":68,"column":0},"end":{"line":79,"column":3}},"29":{"start":{"line":69,"column":25},"end":{"line":69,"column":37}},"30":{"start":{"line":71,"column":2},"end":{"line":73,"column":3}},"31":{"start":{"line":72,"column":4},"end":{"line":72,"column":64}},"32":{"start":{"line":75,"column":2},"end":{"line":78,"column":56}},"33":{"start":{"line":77,"column":16},"end":{"line":77,"column":31}},"34":{"start":{"line":78,"column":22},"end":{"line":78,"column":54}},"35":{"start":{"line":83,"column":0},"end":{"line":88,"column":3}},"36":{"start":{"line":84,"column":2},"end":{"line":87,"column":56}},"37":{"start":{"line":86,"column":16},"end":{"line":86,"column":31}},"38":{"start":{"line":87,"column":22},"end":{"line":87,"column":54}}},"fnMap":{"0":{"name":"(anonymous_0)","decl":{"start":{"line":12,"column":34},"end":{"line":12,"column":35}},"loc":{"start":{"line":12,"column":58},"end":{"line":17,"column":1}},"line":12},"1":{"name":"(anonymous_1)","decl":{"start":{"line":15,"column":10},"end":{"line":15,"column":11}},"loc":{"start":{"line":15,"column":25},"end":{"line":15,"column":49}},"line":15},"2":{"name":"(anonymous_2)","decl":{"start":{"line":16,"column":11},"end":{"line":16,"column":12}},"loc":{"start":{"line":16,"column":22},"end":{"line":16,"column":54}},"line":16},"3":{"name":"(anonymous_3)","decl":{"start":{"line":20,"column":38},"end":{"line":20,"column":39}},"loc":{"start":{"line":20,"column":61},"end":{"line":26,"column":1}},"line":20},"4":{"name":"(anonymous_4)","decl":{"start":{"line":24,"column":10},"end":{"line":24,"column":11}},"loc":{"start":{"line":24,"column":25},"end":{"line":24,"column":109}},"line":24},"5":{"name":"(anonymous_5)","decl":{"start":{"line":25,"column":11},"end":{"line":25,"column":12}},"loc":{"start":{"line":25,"column":22},"end":{"line":25,"column":54}},"line":25},"6":{"name":"(anonymous_6)","decl":{"start":{"line":30,"column":35},"end":{"line":30,"column":36}},"loc":{"start":{"line":30,"column":58},"end":{"line":50,"column":1}},"line":30},"7":{"name":"(anonymous_7)","decl":{"start":{"line":45,"column":12},"end":{"line":45,"column":13}},"loc":{"start":{"line":45,"column":28},"end":{"line":45,"column":61}},"line":45},"8":{"name":"(anonymous_8)","decl":{"start":{"line":46,"column":13},"end":{"line":46,"column":14}},"loc":{"start":{"line":46,"column":24},"end":{"line":46,"column":56}},"line":46},"9":{"name":"(anonymous_9)","decl":{"start":{"line":54,"column":38},"end":{"line":54,"column":39}},"loc":{"start":{"line":54,"column":61},"end":{"line":65,"column":1}},"line":54},"10":{"name":"(anonymous_10)","decl":{"start":{"line":60,"column":12},"end":{"line":60,"column":13}},"loc":{"start":{"line":60,"column":18},"end":{"line":60,"column":43}},"line":60},"11":{"name":"(anonymous_11)","decl":{"start":{"line":61,"column":13},"end":{"line":61,"column":14}},"loc":{"start":{"line":61,"column":24},"end":{"line":61,"column":56}},"line":61},"12":{"name":"(anonymous_12)","decl":{"start":{"line":68,"column":40},"end":{"line":68,"column":41}},"loc":{"start":{"line":68,"column":63},"end":{"line":79,"column":1}},"line":68},"13":{"name":"(anonymous_13)","decl":{"start":{"line":77,"column":10},"end":{"line":77,"column":11}},"loc":{"start":{"line":77,"column":16},"end":{"line":77,"column":31}},"line":77},"14":{"name":"(anonymous_14)","decl":{"start":{"line":78,"column":11},"end":{"line":78,"column":12}},"loc":{"start":{"line":78,"column":22},"end":{"line":78,"column":54}},"line":78},"15":{"name":"(anonymous_15)","decl":{"start":{"line":83,"column":41},"end":{"line":83,"column":42}},"loc":{"start":{"line":83,"column":64},"end":{"line":88,"column":1}},"line":83},"16":{"name":"(anonymous_16)","decl":{"start":{"line":86,"column":10},"end":{"line":86,"column":11}},"loc":{"start":{"line":86,"column":16},"end":{"line":86,"column":31}},"line":86},"17":{"name":"(anonymous_17)","decl":{"start":{"line":87,"column":11},"end":{"line":87,"column":12}},"loc":{"start":{"line":87,"column":22},"end":{"line":87,"column":54}},"line":87}},"branchMap":{"0":{"loc":{"start":{"line":24,"column":25},"end":{"line":24,"column":109}},"type":"cond-expr","locations":[{"start":{"line":24,"column":36},"end":{"line":24,"column":59}},{"start":{"line":24,"column":62},"end":{"line":24,"column":109}}],"line":24},"1":{"loc":{"start":{"line":32,"column":2},"end":{"line":35,"column":3}},"type":"if","locations":[{"start":{"line":32,"column":2},"end":{"line":35,"column":3}},{"start":{},"end":{}}],"line":32},"2":{"loc":{"start":{"line":32,"column":5},"end":{"line":32,"column":21}},"type":"binary-expr","locations":[{"start":{"line":32,"column":5},"end":{"line":32,"column":10}},{"start":{"line":32,"column":14},"end":{"line":32,"column":21}}],"line":32},"3":{"loc":{"start":{"line":36,"column":2},"end":{"line":49,"column":3}},"type":"if","locations":[{"start":{"line":36,"column":2},"end":{"line":49,"column":3}},{"start":{"line":47,"column":9},"end":{"line":49,"column":3}}],"line":36},"4":{"loc":{"start":{"line":37,"column":4},"end":{"line":41,"column":30}},"type":"binary-expr","locations":[{"start":{"line":37,"column":4},"end":{"line":37,"column":9}},{"start":{"line":38,"column":4},"end":{"line":38,"column":22}},{"start":{"line":39,"column":4},"end":{"line":39,"column":11}},{"start":{"line":40,"column":4},"end":{"line":40,"column":24}},{"start":{"line":41,"column":4},"end":{"line":41,"column":30}}],"line":37},"5":{"loc":{"start":{"line":57,"column":2},"end":{"line":64,"column":3}},"type":"if","locations":[{"start":{"line":57,"column":2},"end":{"line":64,"column":3}},{"start":{"line":62,"column":9},"end":{"line":64,"column":3}}],"line":57},"6":{"loc":{"start":{"line":57,"column":6},"end":{"line":57,"column":48}},"type":"binary-expr","locations":[{"start":{"line":57,"column":6},"end":{"line":57,"column":28}},{"start":{"line":57,"column":32},"end":{"line":57,"column":37}},{"start":{"line":57,"column":41},"end":{"line":57,"column":48}}],"line":57},"7":{"loc":{"start":{"line":71,"column":2},"end":{"line":73,"column":3}},"type":"if","locations":[{"start":{"line":71,"column":2},"end":{"line":73,"column":3}},{"start":{},"end":{}}],"line":71}},"s":{"0":1,"1":1,"2":1,"3":1,"4":0,"5":1,"6":2,"7":2,"8":2,"9":0,"10":1,"11":2,"12":2,"13":1,"14":1,"15":2,"16":1,"17":1,"18":0,"19":1,"20":1,"21":2,"22":2,"23":2,"24":1,"25":1,"26":0,"27":1,"28":1,"29":2,"30":2,"31":1,"32":1,"33":1,"34":0,"35":1,"36":2,"37":1,"38":1},"f":{"0":1,"1":1,"2":0,"3":2,"4":2,"5":0,"6":2,"7":1,"8":0,"9":2,"10":1,"11":0,"12":2,"13":1,"14":0,"15":2,"16":1,"17":1},"b":{"0":[1,1],"1":[1,1],"2":[2,1],"3":[1,1],"4":[2,1,1,1,1],"5":[1,1],"6":[2,2,1],"7":[1,1]},"_coverageSchema":"1a1c01bbd47fc00a2c39e90264f33305004495a9","hash":"58f57aa9c21bfd98086c1f62222b4c6a998b9c7b"}
,"D:\\School\\Webutvikling prosjekt\\Prosjektoppgave-H23-1\\server\\src\\routers\\tagsRouters.ts": {"path":"D:\\School\\Webutvikling prosjekt\\Prosjektoppgave-H23-1\\server\\src\\routers\\tagsRouters.ts","statementMap":{"0":{"start":{"line":9,"column":19},"end":{"line":9,"column":35}},"1":{"start":{"line":12,"column":0},"end":{"line":17,"column":2}},"2":{"start":{"line":13,"column":1},"end":{"line":16,"column":53}},"3":{"start":{"line":15,"column":18},"end":{"line":15,"column":37}},"4":{"start":{"line":16,"column":20},"end":{"line":16,"column":52}},"5":{"start":{"line":21,"column":0},"end":{"line":33,"column":3}},"6":{"start":{"line":22,"column":29},"end":{"line":22,"column":41}},"7":{"start":{"line":25,"column":1},"end":{"line":32,"column":2}},"8":{"start":{"line":26,"column":2},"end":{"line":29,"column":63}},"9":{"start":{"line":28,"column":15},"end":{"line":28,"column":78}},"10":{"start":{"line":29,"column":21},"end":{"line":29,"column":61}},"11":{"start":{"line":31,"column":3},"end":{"line":31,"column":60}},"12":{"start":{"line":37,"column":0},"end":{"line":42,"column":3}},"13":{"start":{"line":38,"column":2},"end":{"line":41,"column":56}},"14":{"start":{"line":40,"column":20},"end":{"line":40,"column":39}},"15":{"start":{"line":41,"column":22},"end":{"line":41,"column":54}}},"fnMap":{"0":{"name":"(anonymous_0)","decl":{"start":{"line":12,"column":45},"end":{"line":12,"column":46}},"loc":{"start":{"line":12,"column":68},"end":{"line":17,"column":1}},"line":12},"1":{"name":"(anonymous_1)","decl":{"start":{"line":15,"column":8},"end":{"line":15,"column":9}},"loc":{"start":{"line":15,"column":18},"end":{"line":15,"column":37}},"line":15},"2":{"name":"(anonymous_2)","decl":{"start":{"line":16,"column":9},"end":{"line":16,"column":10}},"loc":{"start":{"line":16,"column":20},"end":{"line":16,"column":52}},"line":16},"3":{"name":"(anonymous_3)","decl":{"start":{"line":21,"column":34},"end":{"line":21,"column":35}},"loc":{"start":{"line":21,"column":56},"end":{"line":33,"column":1}},"line":21},"4":{"name":"(anonymous_4)","decl":{"start":{"line":28,"column":9},"end":{"line":28,"column":10}},"loc":{"start":{"line":28,"column":15},"end":{"line":28,"column":78}},"line":28},"5":{"name":"(anonymous_5)","decl":{"start":{"line":29,"column":10},"end":{"line":29,"column":11}},"loc":{"start":{"line":29,"column":21},"end":{"line":29,"column":61}},"line":29},"6":{"name":"(anonymous_6)","decl":{"start":{"line":37,"column":30},"end":{"line":37,"column":31}},"loc":{"start":{"line":37,"column":54},"end":{"line":42,"column":1}},"line":37},"7":{"name":"(anonymous_7)","decl":{"start":{"line":40,"column":10},"end":{"line":40,"column":11}},"loc":{"start":{"line":40,"column":20},"end":{"line":40,"column":39}},"line":40},"8":{"name":"(anonymous_8)","decl":{"start":{"line":41,"column":11},"end":{"line":41,"column":12}},"loc":{"start":{"line":41,"column":22},"end":{"line":41,"column":54}},"line":41}},"branchMap":{"0":{"loc":{"start":{"line":25,"column":1},"end":{"line":32,"column":2}},"type":"if","locations":[{"start":{"line":25,"column":1},"end":{"line":32,"column":2}},{"start":{"line":30,"column":8},"end":{"line":32,"column":2}}],"line":25},"1":{"loc":{"start":{"line":25,"column":4},"end":{"line":25,"column":63}},"type":"binary-expr","locations":[{"start":{"line":25,"column":4},"end":{"line":25,"column":29}},{"start":{"line":25,"column":33},"end":{"line":25,"column":63}}],"line":25}},"s":{"0":1,"1":1,"2":1,"3":1,"4":0,"5":1,"6":2,"7":2,"8":1,"9":1,"10":0,"11":1,"12":1,"13":1,"14":1,"15":0},"f":{"0":1,"1":1,"2":0,"3":2,"4":1,"5":0,"6":1,"7":1,"8":0},"b":{"0":[1,1],"1":[2,1]},"_coverageSchema":"1a1c01bbd47fc00a2c39e90264f33305004495a9","hash":"8a253a23ca46f74910f7c67ee5813450132641a4"}
,"D:\\School\\Webutvikling prosjekt\\Prosjektoppgave-H23-1\\server\\src\\routers\\voteRouters.ts": {"path":"D:\\School\\Webutvikling prosjekt\\Prosjektoppgave-H23-1\\server\\src\\routers\\voteRouters.ts","statementMap":{"0":{"start":{"line":9,"column":20},"end":{"line":9,"column":36}},"1":{"start":{"line":11,"column":0},"end":{"line":23,"column":3}},"2":{"start":{"line":12,"column":18},"end":{"line":12,"column":49}},"3":{"start":{"line":13,"column":16},"end":{"line":13,"column":35}},"4":{"start":{"line":14,"column":18},"end":{"line":14,"column":39}},"5":{"start":{"line":16,"column":1},"end":{"line":18,"column":2}},"6":{"start":{"line":17,"column":3},"end":{"line":17,"column":66}},"7":{"start":{"line":20,"column":1},"end":{"line":22,"column":61}},"8":{"start":{"line":21,"column":15},"end":{"line":21,"column":67}},"9":{"start":{"line":22,"column":19},"end":{"line":22,"column":59}}},"fnMap":{"0":{"name":"(anonymous_0)","decl":{"start":{"line":11,"column":37},"end":{"line":11,"column":38}},"loc":{"start":{"line":11,"column":60},"end":{"line":23,"column":1}},"line":11},"1":{"name":"(anonymous_1)","decl":{"start":{"line":21,"column":9},"end":{"line":21,"column":10}},"loc":{"start":{"line":21,"column":15},"end":{"line":21,"column":67}},"line":21},"2":{"name":"(anonymous_2)","decl":{"start":{"line":22,"column":10},"end":{"line":22,"column":11}},"loc":{"start":{"line":22,"column":19},"end":{"line":22,"column":59}},"line":22}},"branchMap":{"0":{"loc":{"start":{"line":16,"column":1},"end":{"line":18,"column":2}},"type":"if","locations":[{"start":{"line":16,"column":1},"end":{"line":18,"column":2}},{"start":{},"end":{}}],"line":16},"1":{"loc":{"start":{"line":16,"column":5},"end":{"line":16,"column":35}},"type":"binary-expr","locations":[{"start":{"line":16,"column":5},"end":{"line":16,"column":18}},{"start":{"line":16,"column":22},"end":{"line":16,"column":35}}],"line":16}},"s":{"0":1,"1":1,"2":3,"3":3,"4":3,"5":3,"6":1,"7":2,"8":1,"9":1},"f":{"0":3,"1":1,"2":1},"b":{"0":[1,2],"1":[3,1]},"_coverageSchema":"1a1c01bbd47fc00a2c39e90264f33305004495a9","hash":"059f9668be882f31c0fd1930bd3b7d9a5131519d"}
,"D:\\School\\Webutvikling prosjekt\\Prosjektoppgave-H23-1\\server\\src\\services\\answers-Services.ts": {"path":"D:\\School\\Webutvikling prosjekt\\Prosjektoppgave-H23-1\\server\\src\\services\\answers-Services.ts","statementMap":{"0":{"start":{"line":27,"column":4},"end":{"line":37,"column":7}},"1":{"start":{"line":28,"column":6},"end":{"line":36,"column":8}},"2":{"start":{"line":32,"column":10},"end":{"line":32,"column":42}},"3":{"start":{"line":32,"column":21},"end":{"line":32,"column":42}},"4":{"start":{"line":34,"column":10},"end":{"line":34,"column":40}},"5":{"start":{"line":45,"column":4},"end":{"line":54,"column":7}},"6":{"start":{"line":46,"column":6},"end":{"line":53,"column":8}},"7":{"start":{"line":50,"column":10},"end":{"line":51,"column":44}},"8":{"start":{"line":50,"column":21},"end":{"line":50,"column":35}},"9":{"start":{"line":51,"column":15},"end":{"line":51,"column":44}},"10":{"start":{"line":61,"column":4},"end":{"line":70,"column":7}},"11":{"start":{"line":62,"column":6},"end":{"line":69,"column":8}},"12":{"start":{"line":66,"column":10},"end":{"line":67,"column":41}},"13":{"start":{"line":66,"column":21},"end":{"line":66,"column":35}},"14":{"start":{"line":67,"column":15},"end":{"line":67,"column":41}},"15":{"start":{"line":77,"column":4},"end":{"line":87,"column":7}},"16":{"start":{"line":78,"column":6},"end":{"line":86,"column":8}},"17":{"start":{"line":82,"column":10},"end":{"line":84,"column":25}},"18":{"start":{"line":82,"column":21},"end":{"line":82,"column":35}},"19":{"start":{"line":83,"column":15},"end":{"line":84,"column":25}},"20":{"start":{"line":83,"column":47},"end":{"line":83,"column":91}},"21":{"start":{"line":84,"column":15},"end":{"line":84,"column":25}},"22":{"start":{"line":94,"column":4},"end":{"line":104,"column":7}},"23":{"start":{"line":95,"column":6},"end":{"line":103,"column":8}},"24":{"start":{"line":99,"column":10},"end":{"line":101,"column":25}},"25":{"start":{"line":99,"column":21},"end":{"line":99,"column":35}},"26":{"start":{"line":100,"column":15},"end":{"line":101,"column":25}},"27":{"start":{"line":100,"column":47},"end":{"line":100,"column":91}},"28":{"start":{"line":101,"column":15},"end":{"line":101,"column":25}},"29":{"start":{"line":111,"column":4},"end":{"line":125,"column":7}},"30":{"start":{"line":112,"column":6},"end":{"line":124,"column":8}},"31":{"start":{"line":116,"column":10},"end":{"line":118,"column":11}},"32":{"start":{"line":117,"column":12},"end":{"line":117,"column":33}},"33":{"start":{"line":119,"column":10},"end":{"line":121,"column":11}},"34":{"start":{"line":120,"column":12},"end":{"line":120,"column":74}},"35":{"start":{"line":122,"column":10},"end":{"line":122,"column":20}},"36":{"start":{"line":132,"column":4},"end":{"line":141,"column":7}},"37":{"start":{"line":133,"column":6},"end":{"line":140,"column":8}},"38":{"start":{"line":136,"column":10},"end":{"line":138,"column":75}},"39":{"start":{"line":136,"column":21},"end":{"line":136,"column":35}},"40":{"start":{"line":138,"column":15},"end":{"line":138,"column":75}},"41":{"start":{"line":145,"column":22},"end":{"line":145,"column":41}}},"fnMap":{"0":{"name":"(anonymous_0)","decl":{"start":{"line":26,"column":2},"end":{"line":26,"column":3}},"loc":{"start":{"line":26,"column":24},"end":{"line":38,"column":3}},"line":26},"1":{"name":"(anonymous_1)","decl":{"start":{"line":27,"column":31},"end":{"line":27,"column":32}},"loc":{"start":{"line":27,"column":52},"end":{"line":37,"column":5}},"line":27},"2":{"name":"(anonymous_2)","decl":{"start":{"line":31,"column":8},"end":{"line":31,"column":9}},"loc":{"start":{"line":31,"column":45},"end":{"line":35,"column":9}},"line":31},"3":{"name":"(anonymous_3)","decl":{"start":{"line":44,"column":2},"end":{"line":44,"column":3}},"loc":{"start":{"line":44,"column":45},"end":{"line":55,"column":3}},"line":44},"4":{"name":"(anonymous_4)","decl":{"start":{"line":45,"column":33},"end":{"line":45,"column":34}},"loc":{"start":{"line":45,"column":54},"end":{"line":54,"column":5}},"line":45},"5":{"name":"(anonymous_5)","decl":{"start":{"line":49,"column":8},"end":{"line":49,"column":9}},"loc":{"start":{"line":49,"column":45},"end":{"line":52,"column":9}},"line":49},"6":{"name":"(anonymous_6)","decl":{"start":{"line":60,"column":2},"end":{"line":60,"column":3}},"loc":{"start":{"line":60,"column":65},"end":{"line":71,"column":3}},"line":60},"7":{"name":"(anonymous_7)","decl":{"start":{"line":61,"column":31},"end":{"line":61,"column":32}},"loc":{"start":{"line":61,"column":52},"end":{"line":70,"column":5}},"line":61},"8":{"name":"(anonymous_8)","decl":{"start":{"line":65,"column":8},"end":{"line":65,"column":9}},"loc":{"start":{"line":65,"column":45},"end":{"line":68,"column":9}},"line":65},"9":{"name":"(anonymous_9)","decl":{"start":{"line":76,"column":2},"end":{"line":76,"column":3}},"loc":{"start":{"line":76,"column":50},"end":{"line":88,"column":3}},"line":76},"10":{"name":"(anonymous_10)","decl":{"start":{"line":77,"column":29},"end":{"line":77,"column":30}},"loc":{"start":{"line":77,"column":50},"end":{"line":87,"column":5}},"line":77},"11":{"name":"(anonymous_11)","decl":{"start":{"line":81,"column":8},"end":{"line":81,"column":9}},"loc":{"start":{"line":81,"column":45},"end":{"line":85,"column":9}},"line":81},"12":{"name":"(anonymous_12)","decl":{"start":{"line":93,"column":2},"end":{"line":93,"column":3}},"loc":{"start":{"line":93,"column":33},"end":{"line":105,"column":3}},"line":93},"13":{"name":"(anonymous_13)","decl":{"start":{"line":94,"column":29},"end":{"line":94,"column":30}},"loc":{"start":{"line":94,"column":50},"end":{"line":104,"column":5}},"line":94},"14":{"name":"(anonymous_14)","decl":{"start":{"line":98,"column":8},"end":{"line":98,"column":9}},"loc":{"start":{"line":98,"column":45},"end":{"line":102,"column":9}},"line":98},"15":{"name":"(anonymous_15)","decl":{"start":{"line":110,"column":2},"end":{"line":110,"column":3}},"loc":{"start":{"line":110,"column":62},"end":{"line":126,"column":3}},"line":110},"16":{"name":"(anonymous_16)","decl":{"start":{"line":111,"column":29},"end":{"line":111,"column":30}},"loc":{"start":{"line":111,"column":50},"end":{"line":125,"column":5}},"line":111},"17":{"name":"(anonymous_17)","decl":{"start":{"line":115,"column":8},"end":{"line":115,"column":9}},"loc":{"start":{"line":115,"column":45},"end":{"line":123,"column":9}},"line":115},"18":{"name":"(anonymous_18)","decl":{"start":{"line":131,"column":2},"end":{"line":131,"column":3}},"loc":{"start":{"line":131,"column":20},"end":{"line":142,"column":3}},"line":131},"19":{"name":"(anonymous_19)","decl":{"start":{"line":132,"column":64},"end":{"line":132,"column":65}},"loc":{"start":{"line":132,"column":85},"end":{"line":141,"column":5}},"line":132},"20":{"name":"(anonymous_20)","decl":{"start":{"line":135,"column":8},"end":{"line":135,"column":9}},"loc":{"start":{"line":135,"column":45},"end":{"line":139,"column":9}},"line":135}},"branchMap":{"0":{"loc":{"start":{"line":32,"column":10},"end":{"line":32,"column":42}},"type":"if","locations":[{"start":{"line":32,"column":10},"end":{"line":32,"column":42}},{"start":{},"end":{}}],"line":32},"1":{"loc":{"start":{"line":50,"column":10},"end":{"line":51,"column":44}},"type":"if","locations":[{"start":{"line":50,"column":10},"end":{"line":51,"column":44}},{"start":{"line":51,"column":15},"end":{"line":51,"column":44}}],"line":50},"2":{"loc":{"start":{"line":66,"column":10},"end":{"line":67,"column":41}},"type":"if","locations":[{"start":{"line":66,"column":10},"end":{"line":67,"column":41}},{"start":{"line":67,"column":15},"end":{"line":67,"column":41}}],"line":66},"3":{"loc":{"start":{"line":82,"column":10},"end":{"line":84,"column":25}},"type":"if","locations":[{"start":{"line":82,"column":10},"end":{"line":84,"column":25}},{"start":{"line":83,"column":15},"end":{"line":84,"column":25}}],"line":82},"4":{"loc":{"start":{"line":83,"column":15},"end":{"line":84,"column":25}},"type":"if","locations":[{"start":{"line":83,"column":15},"end":{"line":84,"column":25}},{"start":{"line":84,"column":15},"end":{"line":84,"column":25}}],"line":83},"5":{"loc":{"start":{"line":99,"column":10},"end":{"line":101,"column":25}},"type":"if","locations":[{"start":{"line":99,"column":10},"end":{"line":101,"column":25}},{"start":{"line":100,"column":15},"end":{"line":101,"column":25}}],"line":99},"6":{"loc":{"start":{"line":100,"column":15},"end":{"line":101,"column":25}},"type":"if","locations":[{"start":{"line":100,"column":15},"end":{"line":101,"column":25}},{"start":{"line":101,"column":15},"end":{"line":101,"column":25}}],"line":100},"7":{"loc":{"start":{"line":116,"column":10},"end":{"line":118,"column":11}},"type":"if","locations":[{"start":{"line":116,"column":10},"end":{"line":118,"column":11}},{"start":{},"end":{}}],"line":116},"8":{"loc":{"start":{"line":119,"column":10},"end":{"line":121,"column":11}},"type":"if","locations":[{"start":{"line":119,"column":10},"end":{"line":121,"column":11}},{"start":{},"end":{}}],"line":119},"9":{"loc":{"start":{"line":136,"column":10},"end":{"line":138,"column":75}},"type":"if","locations":[{"start":{"line":136,"column":10},"end":{"line":138,"column":75}},{"start":{"line":138,"column":15},"end":{"line":138,"column":75}}],"line":136}},"s":{"0":4,"1":4,"2":4,"3":0,"4":4,"5":1,"6":1,"7":1,"8":0,"9":1,"10":133,"11":133,"12":133,"13":0,"14":133,"15":0,"16":0,"17":0,"18":0,"19":0,"20":0,"21":0,"22":1,"23":1,"24":1,"25":0,"26":1,"27":0,"28":1,"29":1,"30":1,"31":1,"32":0,"33":1,"34":0,"35":1,"36":1,"37":1,"38":1,"39":0,"40":1,"41":1},"f":{"0":4,"1":4,"2":4,"3":1,"4":1,"5":1,"6":133,"7":133,"8":133,"9":0,"10":0,"11":0,"12":1,"13":1,"14":1,"15":1,"16":1,"17":1,"18":1,"19":1,"20":1},"b":{"0":[0,4],"1":[0,1],"2":[0,133],"3":[0,0],"4":[0,0],"5":[0,1],"6":[0,1],"7":[0,1],"8":[0,1],"9":[0,1]},"_coverageSchema":"1a1c01bbd47fc00a2c39e90264f33305004495a9","hash":"0fae53de72fac549c6d30dacf0b13fd6c7f7ce1c"}
,"D:\\School\\Webutvikling prosjekt\\Prosjektoppgave-H23-1\\server\\src\\services\\comments-Services.ts": {"path":"D:\\School\\Webutvikling prosjekt\\Prosjektoppgave-H23-1\\server\\src\\services\\comments-Services.ts","statementMap":{"0":{"start":{"line":26,"column":4},"end":{"line":35,"column":6}},"1":{"start":{"line":28,"column":6},"end":{"line":34,"column":7}},"2":{"start":{"line":31,"column":10},"end":{"line":32,"column":45}},"3":{"start":{"line":31,"column":21},"end":{"line":31,"column":35}},"4":{"start":{"line":32,"column":15},"end":{"line":32,"column":45}},"5":{"start":{"line":42,"column":4},"end":{"line":53,"column":6}},"6":{"start":{"line":44,"column":6},"end":{"line":52,"column":7}},"7":{"start":{"line":48,"column":10},"end":{"line":48,"column":42}},"8":{"start":{"line":48,"column":21},"end":{"line":48,"column":42}},"9":{"start":{"line":50,"column":10},"end":{"line":50,"column":41}},"10":{"start":{"line":65,"column":4},"end":{"line":77,"column":7}},"11":{"start":{"line":67,"column":21},"end":{"line":67,"column":93}},"12":{"start":{"line":68,"column":21},"end":{"line":68,"column":93}},"13":{"start":{"line":69,"column":6},"end":{"line":76,"column":8}},"14":{"start":{"line":73,"column":10},"end":{"line":73,"column":42}},"15":{"start":{"line":73,"column":21},"end":{"line":73,"column":42}},"16":{"start":{"line":74,"column":10},"end":{"line":74,"column":36}},"17":{"start":{"line":84,"column":4},"end":{"line":94,"column":7}},"18":{"start":{"line":85,"column":6},"end":{"line":93,"column":8}},"19":{"start":{"line":89,"column":10},"end":{"line":89,"column":42}},"20":{"start":{"line":89,"column":21},"end":{"line":89,"column":42}},"21":{"start":{"line":90,"column":10},"end":{"line":90,"column":94}},"22":{"start":{"line":90,"column":42},"end":{"line":90,"column":94}},"23":{"start":{"line":91,"column":10},"end":{"line":91,"column":20}},"24":{"start":{"line":101,"column":4},"end":{"line":112,"column":7}},"25":{"start":{"line":102,"column":6},"end":{"line":111,"column":8}},"26":{"start":{"line":106,"column":10},"end":{"line":106,"column":32}},"27":{"start":{"line":107,"column":10},"end":{"line":107,"column":42}},"28":{"start":{"line":107,"column":21},"end":{"line":107,"column":42}},"29":{"start":{"line":108,"column":10},"end":{"line":108,"column":94}},"30":{"start":{"line":108,"column":42},"end":{"line":108,"column":94}},"31":{"start":{"line":109,"column":10},"end":{"line":109,"column":20}},"32":{"start":{"line":117,"column":23},"end":{"line":117,"column":43}}},"fnMap":{"0":{"name":"(anonymous_0)","decl":{"start":{"line":25,"column":2},"end":{"line":25,"column":3}},"loc":{"start":{"line":25,"column":15},"end":{"line":36,"column":3}},"line":25},"1":{"name":"(anonymous_1)","decl":{"start":{"line":26,"column":34},"end":{"line":26,"column":35}},"loc":{"start":{"line":27,"column":4},"end":{"line":35,"column":5}},"line":27},"2":{"name":"(anonymous_2)","decl":{"start":{"line":30,"column":8},"end":{"line":30,"column":9}},"loc":{"start":{"line":30,"column":45},"end":{"line":33,"column":9}},"line":30},"3":{"name":"(anonymous_3)","decl":{"start":{"line":41,"column":2},"end":{"line":41,"column":3}},"loc":{"start":{"line":41,"column":32},"end":{"line":54,"column":3}},"line":41},"4":{"name":"(anonymous_4)","decl":{"start":{"line":42,"column":32},"end":{"line":42,"column":33}},"loc":{"start":{"line":43,"column":4},"end":{"line":53,"column":5}},"line":43},"5":{"name":"(anonymous_5)","decl":{"start":{"line":47,"column":8},"end":{"line":47,"column":9}},"loc":{"start":{"line":47,"column":45},"end":{"line":51,"column":9}},"line":47},"6":{"name":"(anonymous_6)","decl":{"start":{"line":59,"column":2},"end":{"line":59,"column":3}},"loc":{"start":{"line":64,"column":5},"end":{"line":78,"column":3}},"line":64},"7":{"name":"(anonymous_7)","decl":{"start":{"line":65,"column":31},"end":{"line":65,"column":32}},"loc":{"start":{"line":65,"column":52},"end":{"line":77,"column":5}},"line":65},"8":{"name":"(anonymous_8)","decl":{"start":{"line":72,"column":8},"end":{"line":72,"column":9}},"loc":{"start":{"line":72,"column":45},"end":{"line":75,"column":9}},"line":72},"9":{"name":"(anonymous_9)","decl":{"start":{"line":83,"column":2},"end":{"line":83,"column":3}},"loc":{"start":{"line":83,"column":67},"end":{"line":95,"column":3}},"line":83},"10":{"name":"(anonymous_10)","decl":{"start":{"line":84,"column":23},"end":{"line":84,"column":24}},"loc":{"start":{"line":84,"column":44},"end":{"line":94,"column":5}},"line":84},"11":{"name":"(anonymous_11)","decl":{"start":{"line":88,"column":8},"end":{"line":88,"column":9}},"loc":{"start":{"line":88,"column":45},"end":{"line":92,"column":9}},"line":88},"12":{"name":"(anonymous_12)","decl":{"start":{"line":100,"column":2},"end":{"line":100,"column":3}},"loc":{"start":{"line":100,"column":35},"end":{"line":113,"column":3}},"line":100},"13":{"name":"(anonymous_13)","decl":{"start":{"line":101,"column":29},"end":{"line":101,"column":30}},"loc":{"start":{"line":101,"column":50},"end":{"line":112,"column":5}},"line":101},"14":{"name":"(anonymous_14)","decl":{"start":{"line":105,"column":8},"end":{"line":105,"column":9}},"loc":{"start":{"line":105,"column":45},"end":{"line":110,"column":9}},"line":105}},"branchMap":{"0":{"loc":{"start":{"line":31,"column":10},"end":{"line":32,"column":45}},"type":"if","locations":[{"start":{"line":31,"column":10},"end":{"line":32,"column":45}},{"start":{"line":32,"column":15},"end":{"line":32,"column":45}}],"line":31},"1":{"loc":{"start":{"line":48,"column":10},"end":{"line":48,"column":42}},"type":"if","locations":[{"start":{"line":48,"column":10},"end":{"line":48,"column":42}},{"start":{},"end":{}}],"line":48},"2":{"loc":{"start":{"line":67,"column":21},"end":{"line":67,"column":93}},"type":"cond-expr","locations":[{"start":{"line":67,"column":34},"end":{"line":67,"column":63}},{"start":{"line":67,"column":66},"end":{"line":67,"column":93}}],"line":67},"3":{"loc":{"start":{"line":68,"column":21},"end":{"line":68,"column":93}},"type":"cond-expr","locations":[{"start":{"line":68,"column":34},"end":{"line":68,"column":63}},{"start":{"line":68,"column":66},"end":{"line":68,"column":93}}],"line":68},"4":{"loc":{"start":{"line":73,"column":10},"end":{"line":73,"column":42}},"type":"if","locations":[{"start":{"line":73,"column":10},"end":{"line":73,"column":42}},{"start":{},"end":{}}],"line":73},"5":{"loc":{"start":{"line":89,"column":10},"end":{"line":89,"column":42}},"type":"if","locations":[{"start":{"line":89,"column":10},"end":{"line":89,"column":42}},{"start":{},"end":{}}],"line":89},"6":{"loc":{"start":{"line":90,"column":10},"end":{"line":90,"column":94}},"type":"if","locations":[{"start":{"line":90,"column":10},"end":{"line":90,"column":94}},{"start":{},"end":{}}],"line":90},"7":{"loc":{"start":{"line":107,"column":10},"end":{"line":107,"column":42}},"type":"if","locations":[{"start":{"line":107,"column":10},"end":{"line":107,"column":42}},{"start":{},"end":{}}],"line":107},"8":{"loc":{"start":{"line":108,"column":10},"end":{"line":108,"column":94}},"type":"if","locations":[{"start":{"line":108,"column":10},"end":{"line":108,"column":94}},{"start":{},"end":{}}],"line":108}},"s":{"0":1,"1":1,"2":1,"3":0,"4":1,"5":2,"6":2,"7":2,"8":0,"9":2,"10":177,"11":177,"12":177,"13":177,"14":177,"15":0,"16":177,"17":1,"18":1,"19":1,"20":0,"21":1,"22":0,"23":1,"24":2,"25":2,"26":2,"27":2,"28":2,"29":0,"30":0,"31":0,"32":1},"f":{"0":1,"1":1,"2":1,"3":2,"4":2,"5":2,"6":177,"7":177,"8":177,"9":1,"10":1,"11":1,"12":2,"13":2,"14":2},"b":{"0":[0,1],"1":[0,2],"2":[89,88],"3":[89,88],"4":[0,177],"5":[0,1],"6":[0,1],"7":[2,0],"8":[0,0]},"_coverageSchema":"1a1c01bbd47fc00a2c39e90264f33305004495a9","hash":"51b9d979e2c11a4cd9b4dd7327c4670d9285df24"}
,"D:\\School\\Webutvikling prosjekt\\Prosjektoppgave-H23-1\\server\\src\\services\\favorites-Services.ts": {"path":"D:\\School\\Webutvikling prosjekt\\Prosjektoppgave-H23-1\\server\\src\\services\\favorites-Services.ts","statementMap":{"0":{"start":{"line":22,"column":4},"end":{"line":31,"column":7}},"1":{"start":{"line":23,"column":6},"end":{"line":30,"column":9}},"2":{"start":{"line":26,"column":8},"end":{"line":28,"column":9}},"3":{"start":{"line":27,"column":10},"end":{"line":27,"column":31}},"4":{"start":{"line":29,"column":8},"end":{"line":29,"column":37}},"5":{"start":{"line":38,"column":4},"end":{"line":53,"column":7}},"6":{"start":{"line":39,"column":6},"end":{"line":52,"column":8}},"7":{"start":{"line":43,"column":10},"end":{"line":49,"column":11}},"8":{"start":{"line":45,"column":12},"end":{"line":47,"column":13}},"9":{"start":{"line":46,"column":14},"end":{"line":46,"column":80}},"10":{"start":{"line":48,"column":12},"end":{"line":48,"column":33}},"11":{"start":{"line":50,"column":10},"end":{"line":50,"column":20}},"12":{"start":{"line":60,"column":4},"end":{"line":74,"column":7}},"13":{"start":{"line":61,"column":6},"end":{"line":73,"column":8}},"14":{"start":{"line":65,"column":10},"end":{"line":67,"column":11}},"15":{"start":{"line":66,"column":12},"end":{"line":66,"column":33}},"16":{"start":{"line":68,"column":10},"end":{"line":70,"column":11}},"17":{"start":{"line":69,"column":12},"end":{"line":69,"column":72}},"18":{"start":{"line":71,"column":10},"end":{"line":71,"column":20}},"19":{"start":{"line":78,"column":24},"end":{"line":78,"column":45}}},"fnMap":{"0":{"name":"(anonymous_0)","decl":{"start":{"line":21,"column":2},"end":{"line":21,"column":3}},"loc":{"start":{"line":21,"column":31},"end":{"line":32,"column":3}},"line":21},"1":{"name":"(anonymous_1)","decl":{"start":{"line":22,"column":33},"end":{"line":22,"column":34}},"loc":{"start":{"line":22,"column":54},"end":{"line":31,"column":5}},"line":22},"2":{"name":"(anonymous_2)","decl":{"start":{"line":25,"column":18},"end":{"line":25,"column":19}},"loc":{"start":{"line":25,"column":55},"end":{"line":30,"column":7}},"line":25},"3":{"name":"(anonymous_3)","decl":{"start":{"line":37,"column":2},"end":{"line":37,"column":3}},"loc":{"start":{"line":37,"column":48},"end":{"line":54,"column":3}},"line":37},"4":{"name":"(anonymous_4)","decl":{"start":{"line":38,"column":29},"end":{"line":38,"column":30}},"loc":{"start":{"line":38,"column":50},"end":{"line":53,"column":5}},"line":38},"5":{"name":"(anonymous_5)","decl":{"start":{"line":42,"column":8},"end":{"line":42,"column":9}},"loc":{"start":{"line":42,"column":45},"end":{"line":51,"column":9}},"line":42},"6":{"name":"(anonymous_6)","decl":{"start":{"line":59,"column":2},"end":{"line":59,"column":3}},"loc":{"start":{"line":59,"column":51},"end":{"line":75,"column":3}},"line":59},"7":{"name":"(anonymous_7)","decl":{"start":{"line":60,"column":29},"end":{"line":60,"column":30}},"loc":{"start":{"line":60,"column":50},"end":{"line":74,"column":5}},"line":60},"8":{"name":"(anonymous_8)","decl":{"start":{"line":64,"column":8},"end":{"line":64,"column":9}},"loc":{"start":{"line":64,"column":45},"end":{"line":72,"column":9}},"line":64}},"branchMap":{"0":{"loc":{"start":{"line":26,"column":8},"end":{"line":28,"column":9}},"type":"if","locations":[{"start":{"line":26,"column":8},"end":{"line":28,"column":9}},{"start":{},"end":{}}],"line":26},"1":{"loc":{"start":{"line":43,"column":10},"end":{"line":49,"column":11}},"type":"if","locations":[{"start":{"line":43,"column":10},"end":{"line":49,"column":11}},{"start":{},"end":{}}],"line":43},"2":{"loc":{"start":{"line":45,"column":12},"end":{"line":47,"column":13}},"type":"if","locations":[{"start":{"line":45,"column":12},"end":{"line":47,"column":13}},{"start":{},"end":{}}],"line":45},"3":{"loc":{"start":{"line":65,"column":10},"end":{"line":67,"column":11}},"type":"if","locations":[{"start":{"line":65,"column":10},"end":{"line":67,"column":11}},{"start":{},"end":{}}],"line":65},"4":{"loc":{"start":{"line":68,"column":10},"end":{"line":70,"column":11}},"type":"if","locations":[{"start":{"line":68,"column":10},"end":{"line":70,"column":11}},{"start":{},"end":{}}],"line":68}},"s":{"0":2,"1":2,"2":2,"3":0,"4":2,"5":133,"6":133,"7":133,"8":0,"9":0,"10":0,"11":133,"12":1,"13":1,"14":1,"15":0,"16":1,"17":0,"18":1,"19":1},"f":{"0":2,"1":2,"2":2,"3":133,"4":133,"5":133,"6":1,"7":1,"8":1},"b":{"0":[0,2],"1":[0,133],"2":[0,0],"3":[0,1],"4":[0,1]},"_coverageSchema":"1a1c01bbd47fc00a2c39e90264f33305004495a9","hash":"6b62c47ede239ea4a71fe538a1e1e8e6d3cd3b4f"}
,"D:\\School\\Webutvikling prosjekt\\Prosjektoppgave-H23-1\\server\\src\\services\\questions-Services.ts": {"path":"D:\\School\\Webutvikling prosjekt\\Prosjektoppgave-H23-1\\server\\src\\services\\questions-Services.ts","statementMap":{"0":{"start":{"line":26,"column":4},"end":{"line":36,"column":7}},"1":{"start":{"line":27,"column":6},"end":{"line":35,"column":8}},"2":{"start":{"line":31,"column":10},"end":{"line":31,"column":42}},"3":{"start":{"line":31,"column":21},"end":{"line":31,"column":42}},"4":{"start":{"line":33,"column":10},"end":{"line":33,"column":42}},"5":{"start":{"line":43,"column":4},"end":{"line":49,"column":6}},"6":{"start":{"line":44,"column":6},"end":{"line":48,"column":8}},"7":{"start":{"line":45,"column":8},"end":{"line":45,"column":40}},"8":{"start":{"line":45,"column":19},"end":{"line":45,"column":40}},"9":{"start":{"line":47,"column":8},"end":{"line":47,"column":38}},"10":{"start":{"line":56,"column":4},"end":{"line":65,"column":7}},"11":{"start":{"line":57,"column":6},"end":{"line":64,"column":8}},"12":{"start":{"line":61,"column":10},"end":{"line":61,"column":42}},"13":{"start":{"line":61,"column":21},"end":{"line":61,"column":42}},"14":{"start":{"line":62,"column":10},"end":{"line":62,"column":36}},"15":{"start":{"line":72,"column":4},"end":{"line":84,"column":7}},"16":{"start":{"line":73,"column":6},"end":{"line":83,"column":8}},"17":{"start":{"line":77,"column":10},"end":{"line":77,"column":42}},"18":{"start":{"line":77,"column":21},"end":{"line":77,"column":42}},"19":{"start":{"line":78,"column":10},"end":{"line":80,"column":11}},"20":{"start":{"line":79,"column":12},"end":{"line":79,"column":65}},"21":{"start":{"line":81,"column":10},"end":{"line":81,"column":20}},"22":{"start":{"line":91,"column":4},"end":{"line":103,"column":7}},"23":{"start":{"line":92,"column":6},"end":{"line":102,"column":8}},"24":{"start":{"line":96,"column":10},"end":{"line":96,"column":42}},"25":{"start":{"line":96,"column":21},"end":{"line":96,"column":42}},"26":{"start":{"line":97,"column":10},"end":{"line":99,"column":11}},"27":{"start":{"line":98,"column":12},"end":{"line":98,"column":65}},"28":{"start":{"line":100,"column":10},"end":{"line":100,"column":20}},"29":{"start":{"line":110,"column":4},"end":{"line":122,"column":6}},"30":{"start":{"line":111,"column":6},"end":{"line":121,"column":7}},"31":{"start":{"line":115,"column":10},"end":{"line":115,"column":42}},"32":{"start":{"line":115,"column":21},"end":{"line":115,"column":42}},"33":{"start":{"line":116,"column":10},"end":{"line":118,"column":11}},"34":{"start":{"line":117,"column":12},"end":{"line":117,"column":76}},"35":{"start":{"line":119,"column":10},"end":{"line":119,"column":19}},"36":{"start":{"line":126,"column":24},"end":{"line":126,"column":45}}},"fnMap":{"0":{"name":"(anonymous_0)","decl":{"start":{"line":25,"column":2},"end":{"line":25,"column":3}},"loc":{"start":{"line":25,"column":18},"end":{"line":37,"column":3}},"line":25},"1":{"name":"(anonymous_1)","decl":{"start":{"line":26,"column":33},"end":{"line":26,"column":34}},"loc":{"start":{"line":26,"column":54},"end":{"line":36,"column":5}},"line":26},"2":{"name":"(anonymous_2)","decl":{"start":{"line":30,"column":8},"end":{"line":30,"column":9}},"loc":{"start":{"line":30,"column":45},"end":{"line":34,"column":9}},"line":30},"3":{"name":"(anonymous_3)","decl":{"start":{"line":42,"column":2},"end":{"line":42,"column":3}},"loc":{"start":{"line":42,"column":11},"end":{"line":50,"column":3}},"line":42},"4":{"name":"(anonymous_4)","decl":{"start":{"line":43,"column":35},"end":{"line":43,"column":36}},"loc":{"start":{"line":43,"column":56},"end":{"line":49,"column":5}},"line":43},"5":{"name":"(anonymous_5)","decl":{"start":{"line":44,"column":46},"end":{"line":44,"column":47}},"loc":{"start":{"line":44,"column":83},"end":{"line":48,"column":7}},"line":44},"6":{"name":"(anonymous_6)","decl":{"start":{"line":55,"column":2},"end":{"line":55,"column":3}},"loc":{"start":{"line":55,"column":58},"end":{"line":66,"column":3}},"line":55},"7":{"name":"(anonymous_7)","decl":{"start":{"line":56,"column":31},"end":{"line":56,"column":32}},"loc":{"start":{"line":56,"column":52},"end":{"line":65,"column":5}},"line":56},"8":{"name":"(anonymous_8)","decl":{"start":{"line":60,"column":8},"end":{"line":60,"column":9}},"loc":{"start":{"line":60,"column":45},"end":{"line":63,"column":9}},"line":60},"9":{"name":"(anonymous_9)","decl":{"start":{"line":71,"column":2},"end":{"line":71,"column":3}},"loc":{"start":{"line":71,"column":53},"end":{"line":85,"column":3}},"line":71},"10":{"name":"(anonymous_10)","decl":{"start":{"line":72,"column":29},"end":{"line":72,"column":30}},"loc":{"start":{"line":72,"column":50},"end":{"line":84,"column":5}},"line":72},"11":{"name":"(anonymous_11)","decl":{"start":{"line":76,"column":8},"end":{"line":76,"column":9}},"loc":{"start":{"line":76,"column":45},"end":{"line":82,"column":9}},"line":76},"12":{"name":"(anonymous_12)","decl":{"start":{"line":90,"column":2},"end":{"line":90,"column":3}},"loc":{"start":{"line":90,"column":21},"end":{"line":104,"column":3}},"line":90},"13":{"name":"(anonymous_13)","decl":{"start":{"line":91,"column":29},"end":{"line":91,"column":30}},"loc":{"start":{"line":91,"column":50},"end":{"line":103,"column":5}},"line":91},"14":{"name":"(anonymous_14)","decl":{"start":{"line":95,"column":8},"end":{"line":95,"column":9}},"loc":{"start":{"line":95,"column":45},"end":{"line":101,"column":9}},"line":95},"15":{"name":"(anonymous_15)","decl":{"start":{"line":109,"column":2},"end":{"line":109,"column":3}},"loc":{"start":{"line":109,"column":38},"end":{"line":123,"column":3}},"line":109},"16":{"name":"(anonymous_16)","decl":{"start":{"line":110,"column":29},"end":{"line":110,"column":30}},"loc":{"start":{"line":110,"column":49},"end":{"line":122,"column":5}},"line":110},"17":{"name":"(anonymous_17)","decl":{"start":{"line":114,"column":8},"end":{"line":114,"column":9}},"loc":{"start":{"line":114,"column":44},"end":{"line":120,"column":9}},"line":114}},"branchMap":{"0":{"loc":{"start":{"line":31,"column":10},"end":{"line":31,"column":42}},"type":"if","locations":[{"start":{"line":31,"column":10},"end":{"line":31,"column":42}},{"start":{},"end":{}}],"line":31},"1":{"loc":{"start":{"line":45,"column":8},"end":{"line":45,"column":40}},"type":"if","locations":[{"start":{"line":45,"column":8},"end":{"line":45,"column":40}},{"start":{},"end":{}}],"line":45},"2":{"loc":{"start":{"line":61,"column":10},"end":{"line":61,"column":42}},"type":"if","locations":[{"start":{"line":61,"column":10},"end":{"line":61,"column":42}},{"start":{},"end":{}}],"line":61},"3":{"loc":{"start":{"line":77,"column":10},"end":{"line":77,"column":42}},"type":"if","locations":[{"start":{"line":77,"column":10},"end":{"line":77,"column":42}},{"start":{},"end":{}}],"line":77},"4":{"loc":{"start":{"line":78,"column":10},"end":{"line":80,"column":11}},"type":"if","locations":[{"start":{"line":78,"column":10},"end":{"line":80,"column":11}},{"start":{},"end":{}}],"line":78},"5":{"loc":{"start":{"line":96,"column":10},"end":{"line":96,"column":42}},"type":"if","locations":[{"start":{"line":96,"column":10},"end":{"line":96,"column":42}},{"start":{},"end":{}}],"line":96},"6":{"loc":{"start":{"line":97,"column":10},"end":{"line":99,"column":11}},"type":"if","locations":[{"start":{"line":97,"column":10},"end":{"line":99,"column":11}},{"start":{},"end":{}}],"line":97},"7":{"loc":{"start":{"line":115,"column":10},"end":{"line":115,"column":42}},"type":"if","locations":[{"start":{"line":115,"column":10},"end":{"line":115,"column":42}},{"start":{},"end":{}}],"line":115},"8":{"loc":{"start":{"line":116,"column":10},"end":{"line":118,"column":11}},"type":"if","locations":[{"start":{"line":116,"column":10},"end":{"line":118,"column":11}},{"start":{},"end":{}}],"line":116}},"s":{"0":2,"1":2,"2":2,"3":0,"4":2,"5":1,"6":1,"7":1,"8":0,"9":1,"10":221,"11":221,"12":221,"13":0,"14":221,"15":1,"16":1,"17":1,"18":0,"19":1,"20":0,"21":1,"22":2,"23":2,"24":2,"25":0,"26":2,"27":1,"28":1,"29":1,"30":1,"31":1,"32":0,"33":1,"34":0,"35":1,"36":1},"f":{"0":2,"1":2,"2":2,"3":1,"4":1,"5":1,"6":221,"7":221,"8":221,"9":1,"10":1,"11":1,"12":2,"13":2,"14":2,"15":1,"16":1,"17":1},"b":{"0":[0,2],"1":[0,1],"2":[0,221],"3":[0,1],"4":[0,1],"5":[0,2],"6":[1,1],"7":[0,1],"8":[0,1]},"_coverageSchema":"1a1c01bbd47fc00a2c39e90264f33305004495a9","hash":"7a6af5b8d3fda4c5a6ed312b28c275730ed2335e"}
,"D:\\School\\Webutvikling prosjekt\\Prosjektoppgave-H23-1\\server\\src\\services\\tags-Services.ts": {"path":"D:\\School\\Webutvikling prosjekt\\Prosjektoppgave-H23-1\\server\\src\\services\\tags-Services.ts","statementMap":{"0":{"start":{"line":19,"column":4},"end":{"line":28,"column":7}},"1":{"start":{"line":20,"column":6},"end":{"line":27,"column":8}},"2":{"start":{"line":24,"column":10},"end":{"line":24,"column":42}},"3":{"start":{"line":24,"column":21},"end":{"line":24,"column":42}},"4":{"start":{"line":25,"column":10},"end":{"line":25,"column":36}},"5":{"start":{"line":35,"column":4},"end":{"line":44,"column":7}},"6":{"start":{"line":36,"column":6},"end":{"line":43,"column":8}},"7":{"start":{"line":40,"column":10},"end":{"line":40,"column":42}},"8":{"start":{"line":40,"column":21},"end":{"line":40,"column":42}},"9":{"start":{"line":41,"column":10},"end":{"line":41,"column":20}},"10":{"start":{"line":48,"column":4},"end":{"line":57,"column":6}},"11":{"start":{"line":49,"column":6},"end":{"line":56,"column":7}},"12":{"start":{"line":53,"column":10},"end":{"line":53,"column":42}},"13":{"start":{"line":53,"column":21},"end":{"line":53,"column":42}},"14":{"start":{"line":54,"column":10},"end":{"line":54,"column":35}},"15":{"start":{"line":62,"column":4},"end":{"line":75,"column":7}},"16":{"start":{"line":63,"column":6},"end":{"line":74,"column":8}},"17":{"start":{"line":69,"column":10},"end":{"line":71,"column":11}},"18":{"start":{"line":70,"column":12},"end":{"line":70,"column":33}},"19":{"start":{"line":72,"column":10},"end":{"line":72,"column":27}},"20":{"start":{"line":79,"column":19},"end":{"line":79,"column":35}}},"fnMap":{"0":{"name":"(anonymous_0)","decl":{"start":{"line":18,"column":2},"end":{"line":18,"column":3}},"loc":{"start":{"line":18,"column":41},"end":{"line":29,"column":3}},"line":18},"1":{"name":"(anonymous_1)","decl":{"start":{"line":19,"column":30},"end":{"line":19,"column":31}},"loc":{"start":{"line":19,"column":51},"end":{"line":28,"column":5}},"line":19},"2":{"name":"(anonymous_2)","decl":{"start":{"line":23,"column":8},"end":{"line":23,"column":9}},"loc":{"start":{"line":23,"column":45},"end":{"line":26,"column":9}},"line":23},"3":{"name":"(anonymous_3)","decl":{"start":{"line":34,"column":2},"end":{"line":34,"column":3}},"loc":{"start":{"line":34,"column":54},"end":{"line":45,"column":3}},"line":34},"4":{"name":"(anonymous_4)","decl":{"start":{"line":35,"column":29},"end":{"line":35,"column":30}},"loc":{"start":{"line":35,"column":50},"end":{"line":44,"column":5}},"line":35},"5":{"name":"(anonymous_5)","decl":{"start":{"line":39,"column":8},"end":{"line":39,"column":9}},"loc":{"start":{"line":39,"column":28},"end":{"line":42,"column":9}},"line":39},"6":{"name":"(anonymous_6)","decl":{"start":{"line":47,"column":2},"end":{"line":47,"column":3}},"loc":{"start":{"line":47,"column":26},"end":{"line":58,"column":3}},"line":47},"7":{"name":"(anonymous_7)","decl":{"start":{"line":48,"column":31},"end":{"line":48,"column":32}},"loc":{"start":{"line":48,"column":51},"end":{"line":57,"column":5}},"line":48},"8":{"name":"(anonymous_8)","decl":{"start":{"line":52,"column":8},"end":{"line":52,"column":9}},"loc":{"start":{"line":52,"column":44},"end":{"line":55,"column":9}},"line":52},"9":{"name":"(anonymous_9)","decl":{"start":{"line":61,"column":2},"end":{"line":61,"column":3}},"loc":{"start":{"line":61,"column":32},"end":{"line":76,"column":3}},"line":61},"10":{"name":"(anonymous_10)","decl":{"start":{"line":62,"column":23},"end":{"line":62,"column":24}},"loc":{"start":{"line":62,"column":44},"end":{"line":75,"column":5}},"line":62},"11":{"name":"(anonymous_11)","decl":{"start":{"line":68,"column":8},"end":{"line":68,"column":9}},"loc":{"start":{"line":68,"column":28},"end":{"line":73,"column":9}},"line":68}},"branchMap":{"0":{"loc":{"start":{"line":24,"column":10},"end":{"line":24,"column":42}},"type":"if","locations":[{"start":{"line":24,"column":10},"end":{"line":24,"column":42}},{"start":{},"end":{}}],"line":24},"1":{"loc":{"start":{"line":40,"column":10},"end":{"line":40,"column":42}},"type":"if","locations":[{"start":{"line":40,"column":10},"end":{"line":40,"column":42}},{"start":{},"end":{}}],"line":40},"2":{"loc":{"start":{"line":53,"column":10},"end":{"line":53,"column":42}},"type":"if","locations":[{"start":{"line":53,"column":10},"end":{"line":53,"column":42}},{"start":{},"end":{}}],"line":53},"3":{"loc":{"start":{"line":69,"column":10},"end":{"line":71,"column":11}},"type":"if","locations":[{"start":{"line":69,"column":10},"end":{"line":71,"column":11}},{"start":{},"end":{}}],"line":69}},"s":{"0":1,"1":1,"2":1,"3":0,"4":1,"5":133,"6":133,"7":133,"8":0,"9":133,"10":220,"11":220,"12":220,"13":0,"14":220,"15":1,"16":1,"17":1,"18":0,"19":1,"20":1},"f":{"0":1,"1":1,"2":1,"3":133,"4":133,"5":133,"6":220,"7":220,"8":220,"9":1,"10":1,"11":1},"b":{"0":[0,1],"1":[0,133],"2":[0,220],"3":[0,1]},"_coverageSchema":"1a1c01bbd47fc00a2c39e90264f33305004495a9","hash":"6cf8a73a57fd6ae37521cdfb30fbc3279b129374"}
,"D:\\School\\Webutvikling prosjekt\\Prosjektoppgave-H23-1\\server\\src\\services\\users-Services.ts": {"path":"D:\\School\\Webutvikling prosjekt\\Prosjektoppgave-H23-1\\server\\src\\services\\users-Services.ts","statementMap":{"0":{"start":{"line":17,"column":4},"end":{"line":26,"column":7}},"1":{"start":{"line":18,"column":6},"end":{"line":25,"column":8}},"2":{"start":{"line":22,"column":10},"end":{"line":22,"column":42}},"3":{"start":{"line":22,"column":21},"end":{"line":22,"column":42}},"4":{"start":{"line":23,"column":10},"end":{"line":23,"column":36}},"5":{"start":{"line":31,"column":20},"end":{"line":31,"column":37}}},"fnMap":{"0":{"name":"(anonymous_0)","decl":{"start":{"line":16,"column":2},"end":{"line":16,"column":3}},"loc":{"start":{"line":16,"column":69},"end":{"line":27,"column":3}},"line":16},"1":{"name":"(anonymous_1)","decl":{"start":{"line":17,"column":31},"end":{"line":17,"column":32}},"loc":{"start":{"line":17,"column":52},"end":{"line":26,"column":5}},"line":17},"2":{"name":"(anonymous_2)","decl":{"start":{"line":21,"column":8},"end":{"line":21,"column":9}},"loc":{"start":{"line":21,"column":45},"end":{"line":24,"column":9}},"line":21}},"branchMap":{"0":{"loc":{"start":{"line":22,"column":10},"end":{"line":22,"column":42}},"type":"if","locations":[{"start":{"line":22,"column":10},"end":{"line":22,"column":42}},{"start":{},"end":{}}],"line":22}},"s":{"0":44,"1":44,"2":44,"3":0,"4":44,"5":1},"f":{"0":44,"1":44,"2":44},"b":{"0":[0,44]},"_coverageSchema":"1a1c01bbd47fc00a2c39e90264f33305004495a9","hash":"f6ca31e486dc672743d4f379158c7ffcdc723353"}
,"D:\\School\\Webutvikling prosjekt\\Prosjektoppgave-H23-1\\server\\src\\services\\votes-Services.ts": {"path":"D:\\School\\Webutvikling prosjekt\\Prosjektoppgave-H23-1\\server\\src\\services\\votes-Services.ts","statementMap":{"0":{"start":{"line":21,"column":4},"end":{"line":47,"column":7}},"1":{"start":{"line":22,"column":6},"end":{"line":46,"column":8}},"2":{"start":{"line":26,"column":10},"end":{"line":28,"column":11}},"3":{"start":{"line":27,"column":12},"end":{"line":27,"column":33}},"4":{"start":{"line":32,"column":10},"end":{"line":44,"column":12}},"5":{"start":{"line":36,"column":14},"end":{"line":38,"column":15}},"6":{"start":{"line":37,"column":16},"end":{"line":37,"column":37}},"7":{"start":{"line":39,"column":14},"end":{"line":41,"column":15}},"8":{"start":{"line":40,"column":16},"end":{"line":40,"column":73}},"9":{"start":{"line":42,"column":14},"end":{"line":42,"column":24}},"10":{"start":{"line":51,"column":21},"end":{"line":51,"column":38}}},"fnMap":{"0":{"name":"(anonymous_0)","decl":{"start":{"line":20,"column":2},"end":{"line":20,"column":3}},"loc":{"start":{"line":20,"column":67},"end":{"line":48,"column":3}},"line":20},"1":{"name":"(anonymous_1)","decl":{"start":{"line":21,"column":29},"end":{"line":21,"column":30}},"loc":{"start":{"line":21,"column":50},"end":{"line":47,"column":5}},"line":21},"2":{"name":"(anonymous_2)","decl":{"start":{"line":25,"column":8},"end":{"line":25,"column":9}},"loc":{"start":{"line":25,"column":19},"end":{"line":45,"column":9}},"line":25},"3":{"name":"(anonymous_3)","decl":{"start":{"line":35,"column":12},"end":{"line":35,"column":13}},"loc":{"start":{"line":35,"column":49},"end":{"line":43,"column":13}},"line":35}},"branchMap":{"0":{"loc":{"start":{"line":26,"column":10},"end":{"line":28,"column":11}},"type":"if","locations":[{"start":{"line":26,"column":10},"end":{"line":28,"column":11}},{"start":{},"end":{}}],"line":26},"1":{"loc":{"start":{"line":36,"column":14},"end":{"line":38,"column":15}},"type":"if","locations":[{"start":{"line":36,"column":14},"end":{"line":38,"column":15}},{"start":{},"end":{}}],"line":36},"2":{"loc":{"start":{"line":39,"column":14},"end":{"line":41,"column":15}},"type":"if","locations":[{"start":{"line":39,"column":14},"end":{"line":41,"column":15}},{"start":{},"end":{}}],"line":39}},"s":{"0":2,"1":2,"2":2,"3":1,"4":1,"5":1,"6":0,"7":1,"8":0,"9":1,"10":1},"f":{"0":2,"1":2,"2":2,"3":1},"b":{"0":[1,1],"1":[0,1],"2":[0,1]},"_coverageSchema":"1a1c01bbd47fc00a2c39e90264f33305004495a9","hash":"ebb1a03c74c1b617abca698bdab98beef57daa07"}
,"D:\\School\\Webutvikling prosjekt\\Prosjektoppgave-H23-1\\server\\test\\utils\\testSetup.ts": {"path":"D:\\School\\Webutvikling prosjekt\\Prosjektoppgave-H23-1\\server\\test\\utils\\testSetup.ts","statementMap":{"0":{"start":{"line":13,"column":28},"end":{"line":15,"column":3}},"1":{"start":{"line":17,"column":37},"end":{"line":63,"column":3}},"2":{"start":{"line":64,"column":33},"end":{"line":95,"column":3}},"3":{"start":{"line":97,"column":35},"end":{"line":134,"column":3}},"4":{"start":{"line":136,"column":27},"end":{"line":142,"column":3}},"5":{"start":{"line":144,"column":28},"end":{"line":148,"column":3}},"6":{"start":{"line":150,"column":29},"end":{"line":154,"column":3}},"7":{"start":{"line":156,"column":37},"end":{"line":160,"column":3}},"8":{"start":{"line":163,"column":4},"end":{"line":199,"column":5}},"9":{"start":{"line":165,"column":21},"end":{"line":165,"column":33}},"10":{"start":{"line":166,"column":8},"end":{"line":166,"column":79}},"11":{"start":{"line":167,"column":8},"end":{"line":167,"column":14}},"12":{"start":{"line":169,"column":25},"end":{"line":169,"column":41}},"13":{"start":{"line":170,"column":8},"end":{"line":170,"column":88}},"14":{"start":{"line":171,"column":8},"end":{"line":171,"column":14}},"15":{"start":{"line":173,"column":23},"end":{"line":173,"column":37}},"16":{"start":{"line":174,"column":8},"end":{"line":174,"column":88}},"17":{"start":{"line":175,"column":8},"end":{"line":175,"column":14}},"18":{"start":{"line":177,"column":24},"end":{"line":177,"column":39}},"19":{"start":{"line":178,"column":8},"end":{"line":183,"column":10}},"20":{"start":{"line":184,"column":8},"end":{"line":184,"column":14}},"21":{"start":{"line":186,"column":20},"end":{"line":186,"column":31}},"22":{"start":{"line":187,"column":8},"end":{"line":187,"column":45}},"23":{"start":{"line":188,"column":8},"end":{"line":188,"column":14}},"24":{"start":{"line":190,"column":23},"end":{"line":190,"column":27}},"25":{"start":{"line":191,"column":10},"end":{"line":191,"column":73}},"26":{"start":{"line":192,"column":10},"end":{"line":192,"column":16}},"27":{"start":{"line":194,"column":25},"end":{"line":194,"column":41}},"28":{"start":{"line":195,"column":8},"end":{"line":195,"column":78}},"29":{"start":{"line":196,"column":8},"end":{"line":196,"column":14}},"30":{"start":{"line":198,"column":8},"end":{"line":198,"column":64}},"31":{"start":{"line":203,"column":21},"end":{"line":212,"column":5}},"32":{"start":{"line":215,"column":5},"end":{"line":222,"column":6}},"33":{"start":{"line":216,"column":26},"end":{"line":216,"column":50}},"34":{"start":{"line":217,"column":7},"end":{"line":221,"column":9}},"35":{"start":{"line":219,"column":11},"end":{"line":219,"column":65}},"36":{"start":{"line":226,"column":4},"end":{"line":226,"column":43}},"37":{"start":{"line":229,"column":4},"end":{"line":229,"column":43}},"38":{"start":{"line":230,"column":4},"end":{"line":230,"column":39}},"39":{"start":{"line":231,"column":4},"end":{"line":231,"column":42}},"40":{"start":{"line":232,"column":4},"end":{"line":232,"column":41}},"41":{"start":{"line":233,"column":4},"end":{"line":233,"column":43}},"42":{"start":{"line":234,"column":4},"end":{"line":234,"column":47}},"43":{"start":{"line":235,"column":4},"end":{"line":235,"column":38}},"44":{"start":{"line":236,"column":4},"end":{"line":236,"column":39}},"45":{"start":{"line":238,"column":4},"end":{"line":242,"column":5}},"46":{"start":{"line":239,"column":6},"end":{"line":239,"column":34}},"47":{"start":{"line":241,"column":6},"end":{"line":241,"column":23}},"48":{"start":{"line":244,"column":4},"end":{"line":244,"column":43}}},"fnMap":{"0":{"name":"(anonymous_0)","decl":{"start":{"line":162,"column":2},"end":{"line":162,"column":3}},"loc":{"start":{"line":162,"column":56},"end":{"line":200,"column":3}},"line":162},"1":{"name":"(anonymous_1)","decl":{"start":{"line":202,"column":2},"end":{"line":202,"column":3}},"loc":{"start":{"line":202,"column":32},"end":{"line":223,"column":3}},"line":202},"2":{"name":"(anonymous_2)","decl":{"start":{"line":218,"column":25},"end":{"line":218,"column":26}},"loc":{"start":{"line":218,"column":41},"end":{"line":220,"column":10}},"line":218},"3":{"name":"(anonymous_3)","decl":{"start":{"line":225,"column":2},"end":{"line":225,"column":3}},"loc":{"start":{"line":225,"column":31},"end":{"line":245,"column":3}},"line":225}},"branchMap":{"0":{"loc":{"start":{"line":163,"column":4},"end":{"line":199,"column":5}},"type":"switch","locations":[{"start":{"line":164,"column":6},"end":{"line":167,"column":14}},{"start":{"line":168,"column":6},"end":{"line":171,"column":14}},{"start":{"line":172,"column":6},"end":{"line":175,"column":14}},{"start":{"line":176,"column":6},"end":{"line":184,"column":14}},{"start":{"line":185,"column":6},"end":{"line":188,"column":14}},{"start":{"line":189,"column":6},"end":{"line":192,"column":16}},{"start":{"line":193,"column":6},"end":{"line":196,"column":14}},{"start":{"line":197,"column":6},"end":{"line":198,"column":64}}],"line":163},"1":{"loc":{"start":{"line":216,"column":26},"end":{"line":216,"column":50}},"type":"binary-expr","locations":[{"start":{"line":216,"column":26},"end":{"line":216,"column":37}},{"start":{"line":216,"column":41},"end":{"line":216,"column":50}}],"line":216}},"s":{"0":1,"1":1,"2":1,"3":1,"4":1,"5":1,"6":1,"7":1,"8":1056,"9":44,"10":44,"11":44,"12":220,"13":220,"14":220,"15":132,"16":132,"17":132,"18":176,"19":176,"20":176,"21":220,"22":220,"23":220,"24":132,"25":132,"26":132,"27":132,"28":132,"29":132,"30":0,"31":44,"32":44,"33":308,"34":308,"35":1056,"36":44,"37":44,"38":44,"39":44,"40":44,"41":44,"42":44,"43":44,"44":44,"45":44,"46":44,"47":0,"48":44},"f":{"0":1056,"1":44,"2":1056,"3":44},"b":{"0":[44,220,132,176,220,132,132,0],"1":[308,0]},"_coverageSchema":"1a1c01bbd47fc00a2c39e90264f33305004495a9","hash":"bd4e72df22a2cc681f124fb83ba1f2f2afd470f3"}
}
