{"D:\\School\\Webutvikling prosjekt\\Prosjektoppgave-H23-1\\server\\src\\app.ts": {"path":"D:\\School\\Webutvikling prosjekt\\Prosjektoppgave-H23-1\\server\\src\\app.ts","statementMap":{"0":{"start":{"line":15,"column":12},"end":{"line":15,"column":21}},"1":{"start":{"line":17,"column":0},"end":{"line":17,"column":24}},"2":{"start":{"line":19,"column":0},"end":{"line":19,"column":36}},"3":{"start":{"line":20,"column":0},"end":{"line":20,"column":32}},"4":{"start":{"line":21,"column":0},"end":{"line":21,"column":35}},"5":{"start":{"line":22,"column":0},"end":{"line":22,"column":33}},"6":{"start":{"line":23,"column":0},"end":{"line":23,"column":37}},"7":{"start":{"line":24,"column":0},"end":{"line":24,"column":36}}},"fnMap":{},"branchMap":{},"s":{"0":2,"1":2,"2":2,"3":2,"4":2,"5":2,"6":2,"7":2},"f":{},"b":{},"_coverageSchema":"1a1c01bbd47fc00a2c39e90264f33305004495a9","hash":"4aca99ab6ff58fa29aef764fd03485c8cfc1bfd7"}
,"D:\\School\\Webutvikling prosjekt\\Prosjektoppgave-H23-1\\server\\src\\mysql-pool.ts": {"path":"D:\\School\\Webutvikling prosjekt\\Prosjektoppgave-H23-1\\server\\src\\mysql-pool.ts","statementMap":{"0":{"start":{"line":10,"column":13},"end":{"line":27,"column":2}},"1":{"start":{"line":19,"column":4},"end":{"line":21,"column":5}},"2":{"start":{"line":20,"column":6},"end":{"line":20,"column":36}},"3":{"start":{"line":22,"column":4},"end":{"line":24,"column":5}},"4":{"start":{"line":23,"column":6},"end":{"line":23,"column":37}},"5":{"start":{"line":25,"column":4},"end":{"line":25,"column":18}}},"fnMap":{"0":{"name":"(anonymous_0)","decl":{"start":{"line":18,"column":12},"end":{"line":18,"column":13}},"loc":{"start":{"line":18,"column":29},"end":{"line":26,"column":3}},"line":18}},"branchMap":{"0":{"loc":{"start":{"line":19,"column":4},"end":{"line":21,"column":5}},"type":"if","locations":[{"start":{"line":19,"column":4},"end":{"line":21,"column":5}},{"start":{},"end":{}}],"line":19},"1":{"loc":{"start":{"line":19,"column":8},"end":{"line":19,"column":51}},"type":"binary-expr","locations":[{"start":{"line":19,"column":8},"end":{"line":19,"column":29}},{"start":{"line":19,"column":33},"end":{"line":19,"column":51}}],"line":19},"2":{"loc":{"start":{"line":22,"column":4},"end":{"line":24,"column":5}},"type":"if","locations":[{"start":{"line":22,"column":4},"end":{"line":24,"column":5}},{"start":{},"end":{}}],"line":22},"3":{"loc":{"start":{"line":22,"column":8},"end":{"line":22,"column":50}},"type":"binary-expr","locations":[{"start":{"line":22,"column":8},"end":{"line":22,"column":28}},{"start":{"line":22,"column":32},"end":{"line":22,"column":50}}],"line":22}},"s":{"0":2,"1":0,"2":0,"3":0,"4":0,"5":0},"f":{"0":0},"b":{"0":[0,0],"1":[0,0],"2":[0,0],"3":[0,0]},"_coverageSchema":"1a1c01bbd47fc00a2c39e90264f33305004495a9","hash":"ba37e69c29bc792e44ad207f984e0c28001bf5ea"}
,"D:\\School\\Webutvikling prosjekt\\Prosjektoppgave-H23-1\\server\\src\\routers\\answerRouters.ts": {"path":"D:\\School\\Webutvikling prosjekt\\Prosjektoppgave-H23-1\\server\\src\\routers\\answerRouters.ts","statementMap":{"0":{"start":{"line":10,"column":22},"end":{"line":10,"column":38}},"1":{"start":{"line":13,"column":0},"end":{"line":19,"column":3}},"2":{"start":{"line":14,"column":18},"end":{"line":14,"column":49}},"3":{"start":{"line":16,"column":1},"end":{"line":18,"column":53}},"4":{"start":{"line":17,"column":22},"end":{"line":17,"column":100}},"5":{"start":{"line":18,"column":19},"end":{"line":18,"column":51}},"6":{"start":{"line":23,"column":0},"end":{"line":29,"column":3}},"7":{"start":{"line":24,"column":21},"end":{"line":24,"column":54}},"8":{"start":{"line":26,"column":2},"end":{"line":28,"column":54}},"9":{"start":{"line":27,"column":21},"end":{"line":27,"column":126}},"10":{"start":{"line":28,"column":20},"end":{"line":28,"column":52}},"11":{"start":{"line":32,"column":0},"end":{"line":41,"column":3}},"12":{"start":{"line":33,"column":42},"end":{"line":33,"column":54}},"13":{"start":{"line":34,"column":2},"end":{"line":40,"column":3}},"14":{"start":{"line":35,"column":4},"end":{"line":37,"column":56}},"15":{"start":{"line":36,"column":24},"end":{"line":36,"column":67}},"16":{"start":{"line":37,"column":22},"end":{"line":37,"column":54}},"17":{"start":{"line":39,"column":4},"end":{"line":39,"column":89}},"18":{"start":{"line":44,"column":0},"end":{"line":54,"column":3}},"19":{"start":{"line":45,"column":19},"end":{"line":45,"column":50}},"20":{"start":{"line":46,"column":22},"end":{"line":46,"column":34}},"21":{"start":{"line":47,"column":2},"end":{"line":53,"column":3}},"22":{"start":{"line":48,"column":4},"end":{"line":50,"column":56}},"23":{"start":{"line":49,"column":18},"end":{"line":49,"column":49}},"24":{"start":{"line":50,"column":22},"end":{"line":50,"column":54}},"25":{"start":{"line":52,"column":4},"end":{"line":52,"column":67}},"26":{"start":{"line":57,"column":0},"end":{"line":62,"column":3}},"27":{"start":{"line":58,"column":19},"end":{"line":58,"column":50}},"28":{"start":{"line":59,"column":2},"end":{"line":61,"column":54}},"29":{"start":{"line":60,"column":16},"end":{"line":60,"column":31}},"30":{"start":{"line":61,"column":20},"end":{"line":61,"column":52}},"31":{"start":{"line":65,"column":0},"end":{"line":75,"column":3}},"32":{"start":{"line":66,"column":19},"end":{"line":66,"column":50}},"33":{"start":{"line":67,"column":25},"end":{"line":67,"column":37}},"34":{"start":{"line":68,"column":2},"end":{"line":74,"column":3}},"35":{"start":{"line":69,"column":4},"end":{"line":71,"column":56}},"36":{"start":{"line":70,"column":18},"end":{"line":70,"column":33}},"37":{"start":{"line":71,"column":22},"end":{"line":71,"column":54}},"38":{"start":{"line":73,"column":4},"end":{"line":73,"column":75}},"39":{"start":{"line":78,"column":0},"end":{"line":82,"column":3}},"40":{"start":{"line":79,"column":1},"end":{"line":81,"column":53}},"41":{"start":{"line":80,"column":19},"end":{"line":80,"column":40}},"42":{"start":{"line":81,"column":19},"end":{"line":81,"column":51}}},"fnMap":{"0":{"name":"(anonymous_0)","decl":{"start":{"line":13,"column":40},"end":{"line":13,"column":41}},"loc":{"start":{"line":13,"column":63},"end":{"line":19,"column":1}},"line":13},"1":{"name":"(anonymous_1)","decl":{"start":{"line":17,"column":9},"end":{"line":17,"column":10}},"loc":{"start":{"line":17,"column":22},"end":{"line":17,"column":100}},"line":17},"2":{"name":"(anonymous_2)","decl":{"start":{"line":18,"column":10},"end":{"line":18,"column":11}},"loc":{"start":{"line":18,"column":19},"end":{"line":18,"column":51}},"line":18},"3":{"name":"(anonymous_3)","decl":{"start":{"line":23,"column":51},"end":{"line":23,"column":52}},"loc":{"start":{"line":23,"column":74},"end":{"line":29,"column":1}},"line":23},"4":{"name":"(anonymous_4)","decl":{"start":{"line":27,"column":10},"end":{"line":27,"column":11}},"loc":{"start":{"line":27,"column":21},"end":{"line":27,"column":126}},"line":27},"5":{"name":"(anonymous_5)","decl":{"start":{"line":28,"column":11},"end":{"line":28,"column":12}},"loc":{"start":{"line":28,"column":20},"end":{"line":28,"column":52}},"line":28},"6":{"name":"(anonymous_6)","decl":{"start":{"line":32,"column":31},"end":{"line":32,"column":32}},"loc":{"start":{"line":32,"column":54},"end":{"line":41,"column":1}},"line":32},"7":{"name":"(anonymous_7)","decl":{"start":{"line":36,"column":12},"end":{"line":36,"column":13}},"loc":{"start":{"line":36,"column":24},"end":{"line":36,"column":67}},"line":36},"8":{"name":"(anonymous_8)","decl":{"start":{"line":37,"column":13},"end":{"line":37,"column":14}},"loc":{"start":{"line":37,"column":22},"end":{"line":37,"column":54}},"line":37},"9":{"name":"(anonymous_9)","decl":{"start":{"line":44,"column":40},"end":{"line":44,"column":41}},"loc":{"start":{"line":44,"column":63},"end":{"line":54,"column":1}},"line":44},"10":{"name":"(anonymous_10)","decl":{"start":{"line":49,"column":12},"end":{"line":49,"column":13}},"loc":{"start":{"line":49,"column":18},"end":{"line":49,"column":49}},"line":49},"11":{"name":"(anonymous_11)","decl":{"start":{"line":50,"column":13},"end":{"line":50,"column":14}},"loc":{"start":{"line":50,"column":22},"end":{"line":50,"column":54}},"line":50},"12":{"name":"(anonymous_12)","decl":{"start":{"line":57,"column":43},"end":{"line":57,"column":44}},"loc":{"start":{"line":57,"column":66},"end":{"line":62,"column":1}},"line":57},"13":{"name":"(anonymous_13)","decl":{"start":{"line":60,"column":10},"end":{"line":60,"column":11}},"loc":{"start":{"line":60,"column":16},"end":{"line":60,"column":31}},"line":60},"14":{"name":"(anonymous_14)","decl":{"start":{"line":61,"column":11},"end":{"line":61,"column":12}},"loc":{"start":{"line":61,"column":20},"end":{"line":61,"column":52}},"line":61},"15":{"name":"(anonymous_15)","decl":{"start":{"line":65,"column":47},"end":{"line":65,"column":48}},"loc":{"start":{"line":65,"column":70},"end":{"line":75,"column":1}},"line":65},"16":{"name":"(anonymous_16)","decl":{"start":{"line":70,"column":12},"end":{"line":70,"column":13}},"loc":{"start":{"line":70,"column":18},"end":{"line":70,"column":33}},"line":70},"17":{"name":"(anonymous_17)","decl":{"start":{"line":71,"column":13},"end":{"line":71,"column":14}},"loc":{"start":{"line":71,"column":22},"end":{"line":71,"column":54}},"line":71},"18":{"name":"(anonymous_18)","decl":{"start":{"line":78,"column":35},"end":{"line":78,"column":36}},"loc":{"start":{"line":78,"column":59},"end":{"line":82,"column":1}},"line":78},"19":{"name":"(anonymous_19)","decl":{"start":{"line":80,"column":9},"end":{"line":80,"column":10}},"loc":{"start":{"line":80,"column":19},"end":{"line":80,"column":40}},"line":80},"20":{"name":"(anonymous_20)","decl":{"start":{"line":81,"column":10},"end":{"line":81,"column":11}},"loc":{"start":{"line":81,"column":19},"end":{"line":81,"column":51}},"line":81}},"branchMap":{"0":{"loc":{"start":{"line":17,"column":22},"end":{"line":17,"column":100}},"type":"cond-expr","locations":[{"start":{"line":17,"column":31},"end":{"line":17,"column":52}},{"start":{"line":17,"column":55},"end":{"line":17,"column":100}}],"line":17},"1":{"loc":{"start":{"line":27,"column":21},"end":{"line":27,"column":126}},"type":"cond-expr","locations":[{"start":{"line":27,"column":38},"end":{"line":27,"column":60}},{"start":{"line":27,"column":63},"end":{"line":27,"column":126}}],"line":27},"2":{"loc":{"start":{"line":34,"column":2},"end":{"line":40,"column":3}},"type":"if","locations":[{"start":{"line":34,"column":2},"end":{"line":40,"column":3}},{"start":{"line":38,"column":9},"end":{"line":40,"column":3}}],"line":34},"3":{"loc":{"start":{"line":34,"column":6},"end":{"line":34,"column":37}},"type":"binary-expr","locations":[{"start":{"line":34,"column":6},"end":{"line":34,"column":16}},{"start":{"line":34,"column":20},"end":{"line":34,"column":26}},{"start":{"line":34,"column":30},"end":{"line":34,"column":37}}],"line":34},"4":{"loc":{"start":{"line":47,"column":2},"end":{"line":53,"column":3}},"type":"if","locations":[{"start":{"line":47,"column":2},"end":{"line":53,"column":3}},{"start":{"line":51,"column":9},"end":{"line":53,"column":3}}],"line":47},"5":{"loc":{"start":{"line":47,"column":6},"end":{"line":47,"column":25}},"type":"binary-expr","locations":[{"start":{"line":47,"column":6},"end":{"line":47,"column":14}},{"start":{"line":47,"column":18},"end":{"line":47,"column":25}}],"line":47},"6":{"loc":{"start":{"line":68,"column":2},"end":{"line":74,"column":3}},"type":"if","locations":[{"start":{"line":68,"column":2},"end":{"line":74,"column":3}},{"start":{"line":72,"column":9},"end":{"line":74,"column":3}}],"line":68}},"s":{"0":2,"1":2,"2":0,"3":0,"4":0,"5":0,"6":2,"7":0,"8":0,"9":0,"10":0,"11":2,"12":0,"13":0,"14":0,"15":0,"16":0,"17":0,"18":2,"19":0,"20":0,"21":0,"22":0,"23":0,"24":0,"25":0,"26":2,"27":0,"28":0,"29":0,"30":0,"31":2,"32":0,"33":0,"34":0,"35":0,"36":0,"37":0,"38":0,"39":2,"40":0,"41":0,"42":0},"f":{"0":0,"1":0,"2":0,"3":0,"4":0,"5":0,"6":0,"7":0,"8":0,"9":0,"10":0,"11":0,"12":0,"13":0,"14":0,"15":0,"16":0,"17":0,"18":0,"19":0,"20":0},"b":{"0":[0,0],"1":[0,0],"2":[0,0],"3":[0,0,0],"4":[0,0],"5":[0,0],"6":[0,0]},"_coverageSchema":"1a1c01bbd47fc00a2c39e90264f33305004495a9","hash":"b50fe98d1b5317acaf1b9066cfd35d295e470395"}
,"D:\\School\\Webutvikling prosjekt\\Prosjektoppgave-H23-1\\server\\src\\routers\\commentRouters.ts": {"path":"D:\\School\\Webutvikling prosjekt\\Prosjektoppgave-H23-1\\server\\src\\routers\\commentRouters.ts","statementMap":{"0":{"start":{"line":11,"column":23},"end":{"line":11,"column":39}},"1":{"start":{"line":14,"column":0},"end":{"line":19,"column":3}},"2":{"start":{"line":15,"column":2},"end":{"line":18,"column":54}},"3":{"start":{"line":17,"column":23},"end":{"line":17,"column":46}},"4":{"start":{"line":18,"column":21},"end":{"line":18,"column":53}},"5":{"start":{"line":22,"column":0},"end":{"line":37,"column":3}},"6":{"start":{"line":23,"column":19},"end":{"line":23,"column":51}},"7":{"start":{"line":25,"column":1},"end":{"line":27,"column":2}},"8":{"start":{"line":26,"column":3},"end":{"line":26,"column":58}},"9":{"start":{"line":29,"column":1},"end":{"line":36,"column":53}},"10":{"start":{"line":31,"column":5},"end":{"line":33,"column":6}},"11":{"start":{"line":32,"column":7},"end":{"line":32,"column":61}},"12":{"start":{"line":34,"column":5},"end":{"line":34,"column":28}},"13":{"start":{"line":36,"column":19},"end":{"line":36,"column":51}},"14":{"start":{"line":42,"column":0},"end":{"line":53,"column":3}},"15":{"start":{"line":43,"column":52},"end":{"line":43,"column":64}},"16":{"start":{"line":46,"column":2},"end":{"line":52,"column":3}},"17":{"start":{"line":47,"column":4},"end":{"line":49,"column":56}},"18":{"start":{"line":48,"column":25},"end":{"line":48,"column":69}},"19":{"start":{"line":49,"column":22},"end":{"line":49,"column":54}},"20":{"start":{"line":51,"column":4},"end":{"line":51,"column":98}},"21":{"start":{"line":56,"column":0},"end":{"line":66,"column":3}},"22":{"start":{"line":57,"column":20},"end":{"line":57,"column":52}},"23":{"start":{"line":58,"column":22},"end":{"line":58,"column":34}},"24":{"start":{"line":59,"column":2},"end":{"line":65,"column":3}},"25":{"start":{"line":60,"column":4},"end":{"line":62,"column":56}},"26":{"start":{"line":61,"column":18},"end":{"line":61,"column":50}},"27":{"start":{"line":62,"column":22},"end":{"line":62,"column":54}},"28":{"start":{"line":64,"column":4},"end":{"line":64,"column":68}},"29":{"start":{"line":69,"column":0},"end":{"line":74,"column":3}},"30":{"start":{"line":70,"column":20},"end":{"line":70,"column":52}},"31":{"start":{"line":71,"column":2},"end":{"line":73,"column":54}},"32":{"start":{"line":72,"column":16},"end":{"line":72,"column":31}},"33":{"start":{"line":73,"column":20},"end":{"line":73,"column":52}}},"fnMap":{"0":{"name":"(anonymous_0)","decl":{"start":{"line":14,"column":32},"end":{"line":14,"column":33}},"loc":{"start":{"line":14,"column":56},"end":{"line":19,"column":1}},"line":14},"1":{"name":"(anonymous_1)","decl":{"start":{"line":17,"column":9},"end":{"line":17,"column":10}},"loc":{"start":{"line":17,"column":23},"end":{"line":17,"column":46}},"line":17},"2":{"name":"(anonymous_2)","decl":{"start":{"line":18,"column":10},"end":{"line":18,"column":11}},"loc":{"start":{"line":18,"column":21},"end":{"line":18,"column":53}},"line":18},"3":{"name":"(anonymous_3)","decl":{"start":{"line":22,"column":43},"end":{"line":22,"column":44}},"loc":{"start":{"line":22,"column":66},"end":{"line":37,"column":1}},"line":22},"4":{"name":"(anonymous_4)","decl":{"start":{"line":30,"column":9},"end":{"line":30,"column":10}},"loc":{"start":{"line":30,"column":20},"end":{"line":35,"column":4}},"line":30},"5":{"name":"(anonymous_5)","decl":{"start":{"line":36,"column":10},"end":{"line":36,"column":11}},"loc":{"start":{"line":36,"column":19},"end":{"line":36,"column":51}},"line":36},"6":{"name":"(anonymous_6)","decl":{"start":{"line":42,"column":33},"end":{"line":42,"column":34}},"loc":{"start":{"line":42,"column":56},"end":{"line":53,"column":1}},"line":42},"7":{"name":"(anonymous_7)","decl":{"start":{"line":48,"column":12},"end":{"line":48,"column":13}},"loc":{"start":{"line":48,"column":25},"end":{"line":48,"column":69}},"line":48},"8":{"name":"(anonymous_8)","decl":{"start":{"line":49,"column":13},"end":{"line":49,"column":14}},"loc":{"start":{"line":49,"column":22},"end":{"line":49,"column":54}},"line":49},"9":{"name":"(anonymous_9)","decl":{"start":{"line":56,"column":43},"end":{"line":56,"column":44}},"loc":{"start":{"line":56,"column":66},"end":{"line":66,"column":1}},"line":56},"10":{"name":"(anonymous_10)","decl":{"start":{"line":61,"column":12},"end":{"line":61,"column":13}},"loc":{"start":{"line":61,"column":18},"end":{"line":61,"column":50}},"line":61},"11":{"name":"(anonymous_11)","decl":{"start":{"line":62,"column":13},"end":{"line":62,"column":14}},"loc":{"start":{"line":62,"column":22},"end":{"line":62,"column":54}},"line":62},"12":{"name":"(anonymous_12)","decl":{"start":{"line":69,"column":46},"end":{"line":69,"column":47}},"loc":{"start":{"line":69,"column":69},"end":{"line":74,"column":1}},"line":69},"13":{"name":"(anonymous_13)","decl":{"start":{"line":72,"column":10},"end":{"line":72,"column":11}},"loc":{"start":{"line":72,"column":16},"end":{"line":72,"column":31}},"line":72},"14":{"name":"(anonymous_14)","decl":{"start":{"line":73,"column":11},"end":{"line":73,"column":12}},"loc":{"start":{"line":73,"column":20},"end":{"line":73,"column":52}},"line":73}},"branchMap":{"0":{"loc":{"start":{"line":25,"column":1},"end":{"line":27,"column":2}},"type":"if","locations":[{"start":{"line":25,"column":1},"end":{"line":27,"column":2}},{"start":{},"end":{}}],"line":25},"1":{"loc":{"start":{"line":31,"column":5},"end":{"line":33,"column":6}},"type":"if","locations":[{"start":{"line":31,"column":5},"end":{"line":33,"column":6}},{"start":{},"end":{}}],"line":31},"2":{"loc":{"start":{"line":46,"column":2},"end":{"line":52,"column":3}},"type":"if","locations":[{"start":{"line":46,"column":2},"end":{"line":52,"column":3}},{"start":{"line":50,"column":9},"end":{"line":52,"column":3}}],"line":46},"3":{"loc":{"start":{"line":46,"column":6},"end":{"line":46,"column":69}},"type":"binary-expr","locations":[{"start":{"line":46,"column":6},"end":{"line":46,"column":12}},{"start":{"line":46,"column":16},"end":{"line":46,"column":23}},{"start":{"line":46,"column":28},"end":{"line":46,"column":47}},{"start":{"line":46,"column":51},"end":{"line":46,"column":68}}],"line":46},"4":{"loc":{"start":{"line":59,"column":2},"end":{"line":65,"column":3}},"type":"if","locations":[{"start":{"line":59,"column":2},"end":{"line":65,"column":3}},{"start":{"line":63,"column":9},"end":{"line":65,"column":3}}],"line":59},"5":{"loc":{"start":{"line":59,"column":6},"end":{"line":59,"column":26}},"type":"binary-expr","locations":[{"start":{"line":59,"column":6},"end":{"line":59,"column":15}},{"start":{"line":59,"column":19},"end":{"line":59,"column":26}}],"line":59}},"s":{"0":2,"1":2,"2":0,"3":0,"4":0,"5":2,"6":0,"7":0,"8":0,"9":0,"10":0,"11":0,"12":0,"13":0,"14":2,"15":0,"16":0,"17":0,"18":0,"19":0,"20":0,"21":2,"22":0,"23":0,"24":0,"25":0,"26":0,"27":0,"28":0,"29":2,"30":0,"31":0,"32":0,"33":0},"f":{"0":0,"1":0,"2":0,"3":0,"4":0,"5":0,"6":0,"7":0,"8":0,"9":0,"10":0,"11":0,"12":0,"13":0,"14":0},"b":{"0":[0,0],"1":[0,0],"2":[0,0],"3":[0,0,0,0],"4":[0,0],"5":[0,0]},"_coverageSchema":"1a1c01bbd47fc00a2c39e90264f33305004495a9","hash":"8d03f7c3f301f234e0d55b641c1912a2f0f91418"}
,"D:\\School\\Webutvikling prosjekt\\Prosjektoppgave-H23-1\\server\\src\\routers\\favoriteRouters.ts": {"path":"D:\\School\\Webutvikling prosjekt\\Prosjektoppgave-H23-1\\server\\src\\routers\\favoriteRouters.ts","statementMap":{"0":{"start":{"line":10,"column":24},"end":{"line":10,"column":40}},"1":{"start":{"line":13,"column":0},"end":{"line":19,"column":3}},"2":{"start":{"line":14,"column":16},"end":{"line":14,"column":45}},"3":{"start":{"line":16,"column":1},"end":{"line":18,"column":53}},"4":{"start":{"line":17,"column":22},"end":{"line":17,"column":129}},"5":{"start":{"line":18,"column":19},"end":{"line":18,"column":51}},"6":{"start":{"line":22,"column":0},"end":{"line":31,"column":3}},"7":{"start":{"line":23,"column":30},"end":{"line":23,"column":42}},"8":{"start":{"line":24,"column":1},"end":{"line":30,"column":2}},"9":{"start":{"line":25,"column":3},"end":{"line":27,"column":63}},"10":{"start":{"line":26,"column":17},"end":{"line":26,"column":61}},"11":{"start":{"line":27,"column":21},"end":{"line":27,"column":61}},"12":{"start":{"line":29,"column":3},"end":{"line":29,"column":76}},"13":{"start":{"line":34,"column":0},"end":{"line":43,"column":3}},"14":{"start":{"line":35,"column":30},"end":{"line":35,"column":42}},"15":{"start":{"line":36,"column":1},"end":{"line":42,"column":2}},"16":{"start":{"line":37,"column":3},"end":{"line":39,"column":63}},"17":{"start":{"line":38,"column":17},"end":{"line":38,"column":63}},"18":{"start":{"line":39,"column":21},"end":{"line":39,"column":61}},"19":{"start":{"line":41,"column":3},"end":{"line":41,"column":76}}},"fnMap":{"0":{"name":"(anonymous_0)","decl":{"start":{"line":13,"column":42},"end":{"line":13,"column":43}},"loc":{"start":{"line":13,"column":65},"end":{"line":19,"column":1}},"line":13},"1":{"name":"(anonymous_1)","decl":{"start":{"line":17,"column":9},"end":{"line":17,"column":10}},"loc":{"start":{"line":17,"column":22},"end":{"line":17,"column":129}},"line":17},"2":{"name":"(anonymous_2)","decl":{"start":{"line":18,"column":10},"end":{"line":18,"column":11}},"loc":{"start":{"line":18,"column":19},"end":{"line":18,"column":51}},"line":18},"3":{"name":"(anonymous_3)","decl":{"start":{"line":22,"column":35},"end":{"line":22,"column":36}},"loc":{"start":{"line":22,"column":58},"end":{"line":31,"column":1}},"line":22},"4":{"name":"(anonymous_4)","decl":{"start":{"line":26,"column":11},"end":{"line":26,"column":12}},"loc":{"start":{"line":26,"column":17},"end":{"line":26,"column":61}},"line":26},"5":{"name":"(anonymous_5)","decl":{"start":{"line":27,"column":12},"end":{"line":27,"column":13}},"loc":{"start":{"line":27,"column":21},"end":{"line":27,"column":61}},"line":27},"6":{"name":"(anonymous_6)","decl":{"start":{"line":34,"column":37},"end":{"line":34,"column":38}},"loc":{"start":{"line":34,"column":60},"end":{"line":43,"column":1}},"line":34},"7":{"name":"(anonymous_7)","decl":{"start":{"line":38,"column":11},"end":{"line":38,"column":12}},"loc":{"start":{"line":38,"column":17},"end":{"line":38,"column":63}},"line":38},"8":{"name":"(anonymous_8)","decl":{"start":{"line":39,"column":12},"end":{"line":39,"column":13}},"loc":{"start":{"line":39,"column":21},"end":{"line":39,"column":61}},"line":39}},"branchMap":{"0":{"loc":{"start":{"line":17,"column":22},"end":{"line":17,"column":129}},"type":"cond-expr","locations":[{"start":{"line":17,"column":41},"end":{"line":17,"column":65}},{"start":{"line":17,"column":68},"end":{"line":17,"column":129}}],"line":17},"1":{"loc":{"start":{"line":24,"column":1},"end":{"line":30,"column":2}},"type":"if","locations":[{"start":{"line":24,"column":1},"end":{"line":30,"column":2}},{"start":{"line":28,"column":8},"end":{"line":30,"column":2}}],"line":24},"2":{"loc":{"start":{"line":24,"column":5},"end":{"line":24,"column":23}},"type":"binary-expr","locations":[{"start":{"line":24,"column":5},"end":{"line":24,"column":11}},{"start":{"line":24,"column":15},"end":{"line":24,"column":23}}],"line":24},"3":{"loc":{"start":{"line":36,"column":1},"end":{"line":42,"column":2}},"type":"if","locations":[{"start":{"line":36,"column":1},"end":{"line":42,"column":2}},{"start":{"line":40,"column":8},"end":{"line":42,"column":2}}],"line":36},"4":{"loc":{"start":{"line":36,"column":5},"end":{"line":36,"column":23}},"type":"binary-expr","locations":[{"start":{"line":36,"column":5},"end":{"line":36,"column":11}},{"start":{"line":36,"column":15},"end":{"line":36,"column":23}}],"line":36}},"s":{"0":2,"1":2,"2":0,"3":0,"4":0,"5":0,"6":2,"7":0,"8":0,"9":0,"10":0,"11":0,"12":0,"13":2,"14":0,"15":0,"16":0,"17":0,"18":0,"19":0},"f":{"0":0,"1":0,"2":0,"3":0,"4":0,"5":0,"6":0,"7":0,"8":0},"b":{"0":[0,0],"1":[0,0],"2":[0,0],"3":[0,0],"4":[0,0]},"_coverageSchema":"1a1c01bbd47fc00a2c39e90264f33305004495a9","hash":"52600583b250b0166f8e051e23a6ca973b08bb0c"}
,"D:\\School\\Webutvikling prosjekt\\Prosjektoppgave-H23-1\\server\\src\\routers\\questionRouters.ts": {"path":"D:\\School\\Webutvikling prosjekt\\Prosjektoppgave-H23-1\\server\\src\\routers\\questionRouters.ts","statementMap":{"0":{"start":{"line":9,"column":24},"end":{"line":9,"column":40}},"1":{"start":{"line":12,"column":0},"end":{"line":17,"column":2}},"2":{"start":{"line":13,"column":2},"end":{"line":16,"column":55}},"3":{"start":{"line":15,"column":25},"end":{"line":15,"column":49}},"4":{"start":{"line":16,"column":22},"end":{"line":16,"column":54}},"5":{"start":{"line":20,"column":0},"end":{"line":26,"column":3}},"6":{"start":{"line":21,"column":13},"end":{"line":21,"column":38}},"7":{"start":{"line":22,"column":2},"end":{"line":25,"column":56}},"8":{"start":{"line":24,"column":25},"end":{"line":24,"column":109}},"9":{"start":{"line":25,"column":22},"end":{"line":25,"column":54}},"10":{"start":{"line":30,"column":0},"end":{"line":50,"column":3}},"11":{"start":{"line":31,"column":37},"end":{"line":31,"column":49}},"12":{"start":{"line":32,"column":2},"end":{"line":35,"column":3}},"13":{"start":{"line":33,"column":4},"end":{"line":33,"column":16}},"14":{"start":{"line":34,"column":4},"end":{"line":34,"column":18}},"15":{"start":{"line":36,"column":2},"end":{"line":49,"column":3}},"16":{"start":{"line":43,"column":4},"end":{"line":46,"column":58}},"17":{"start":{"line":45,"column":28},"end":{"line":45,"column":61}},"18":{"start":{"line":46,"column":24},"end":{"line":46,"column":56}},"19":{"start":{"line":48,"column":4},"end":{"line":48,"column":76}},"20":{"start":{"line":54,"column":0},"end":{"line":65,"column":3}},"21":{"start":{"line":55,"column":29},"end":{"line":55,"column":41}},"22":{"start":{"line":56,"column":13},"end":{"line":56,"column":38}},"23":{"start":{"line":57,"column":2},"end":{"line":64,"column":3}},"24":{"start":{"line":58,"column":4},"end":{"line":61,"column":58}},"25":{"start":{"line":60,"column":18},"end":{"line":60,"column":43}},"26":{"start":{"line":61,"column":24},"end":{"line":61,"column":56}},"27":{"start":{"line":63,"column":4},"end":{"line":63,"column":69}},"28":{"start":{"line":68,"column":0},"end":{"line":79,"column":3}},"29":{"start":{"line":69,"column":25},"end":{"line":69,"column":37}},"30":{"start":{"line":71,"column":2},"end":{"line":73,"column":3}},"31":{"start":{"line":72,"column":4},"end":{"line":72,"column":64}},"32":{"start":{"line":75,"column":2},"end":{"line":78,"column":56}},"33":{"start":{"line":77,"column":16},"end":{"line":77,"column":31}},"34":{"start":{"line":78,"column":22},"end":{"line":78,"column":54}},"35":{"start":{"line":83,"column":0},"end":{"line":88,"column":3}},"36":{"start":{"line":84,"column":2},"end":{"line":87,"column":56}},"37":{"start":{"line":86,"column":16},"end":{"line":86,"column":31}},"38":{"start":{"line":87,"column":22},"end":{"line":87,"column":54}}},"fnMap":{"0":{"name":"(anonymous_0)","decl":{"start":{"line":12,"column":34},"end":{"line":12,"column":35}},"loc":{"start":{"line":12,"column":58},"end":{"line":17,"column":1}},"line":12},"1":{"name":"(anonymous_1)","decl":{"start":{"line":15,"column":10},"end":{"line":15,"column":11}},"loc":{"start":{"line":15,"column":25},"end":{"line":15,"column":49}},"line":15},"2":{"name":"(anonymous_2)","decl":{"start":{"line":16,"column":11},"end":{"line":16,"column":12}},"loc":{"start":{"line":16,"column":22},"end":{"line":16,"column":54}},"line":16},"3":{"name":"(anonymous_3)","decl":{"start":{"line":20,"column":38},"end":{"line":20,"column":39}},"loc":{"start":{"line":20,"column":61},"end":{"line":26,"column":1}},"line":20},"4":{"name":"(anonymous_4)","decl":{"start":{"line":24,"column":10},"end":{"line":24,"column":11}},"loc":{"start":{"line":24,"column":25},"end":{"line":24,"column":109}},"line":24},"5":{"name":"(anonymous_5)","decl":{"start":{"line":25,"column":11},"end":{"line":25,"column":12}},"loc":{"start":{"line":25,"column":22},"end":{"line":25,"column":54}},"line":25},"6":{"name":"(anonymous_6)","decl":{"start":{"line":30,"column":35},"end":{"line":30,"column":36}},"loc":{"start":{"line":30,"column":58},"end":{"line":50,"column":1}},"line":30},"7":{"name":"(anonymous_7)","decl":{"start":{"line":45,"column":12},"end":{"line":45,"column":13}},"loc":{"start":{"line":45,"column":28},"end":{"line":45,"column":61}},"line":45},"8":{"name":"(anonymous_8)","decl":{"start":{"line":46,"column":13},"end":{"line":46,"column":14}},"loc":{"start":{"line":46,"column":24},"end":{"line":46,"column":56}},"line":46},"9":{"name":"(anonymous_9)","decl":{"start":{"line":54,"column":38},"end":{"line":54,"column":39}},"loc":{"start":{"line":54,"column":61},"end":{"line":65,"column":1}},"line":54},"10":{"name":"(anonymous_10)","decl":{"start":{"line":60,"column":12},"end":{"line":60,"column":13}},"loc":{"start":{"line":60,"column":18},"end":{"line":60,"column":43}},"line":60},"11":{"name":"(anonymous_11)","decl":{"start":{"line":61,"column":13},"end":{"line":61,"column":14}},"loc":{"start":{"line":61,"column":24},"end":{"line":61,"column":56}},"line":61},"12":{"name":"(anonymous_12)","decl":{"start":{"line":68,"column":40},"end":{"line":68,"column":41}},"loc":{"start":{"line":68,"column":63},"end":{"line":79,"column":1}},"line":68},"13":{"name":"(anonymous_13)","decl":{"start":{"line":77,"column":10},"end":{"line":77,"column":11}},"loc":{"start":{"line":77,"column":16},"end":{"line":77,"column":31}},"line":77},"14":{"name":"(anonymous_14)","decl":{"start":{"line":78,"column":11},"end":{"line":78,"column":12}},"loc":{"start":{"line":78,"column":22},"end":{"line":78,"column":54}},"line":78},"15":{"name":"(anonymous_15)","decl":{"start":{"line":83,"column":41},"end":{"line":83,"column":42}},"loc":{"start":{"line":83,"column":64},"end":{"line":88,"column":1}},"line":83},"16":{"name":"(anonymous_16)","decl":{"start":{"line":86,"column":10},"end":{"line":86,"column":11}},"loc":{"start":{"line":86,"column":16},"end":{"line":86,"column":31}},"line":86},"17":{"name":"(anonymous_17)","decl":{"start":{"line":87,"column":11},"end":{"line":87,"column":12}},"loc":{"start":{"line":87,"column":22},"end":{"line":87,"column":54}},"line":87}},"branchMap":{"0":{"loc":{"start":{"line":24,"column":25},"end":{"line":24,"column":109}},"type":"cond-expr","locations":[{"start":{"line":24,"column":36},"end":{"line":24,"column":59}},{"start":{"line":24,"column":62},"end":{"line":24,"column":109}}],"line":24},"1":{"loc":{"start":{"line":32,"column":2},"end":{"line":35,"column":3}},"type":"if","locations":[{"start":{"line":32,"column":2},"end":{"line":35,"column":3}},{"start":{},"end":{}}],"line":32},"2":{"loc":{"start":{"line":32,"column":5},"end":{"line":32,"column":21}},"type":"binary-expr","locations":[{"start":{"line":32,"column":5},"end":{"line":32,"column":10}},{"start":{"line":32,"column":14},"end":{"line":32,"column":21}}],"line":32},"3":{"loc":{"start":{"line":36,"column":2},"end":{"line":49,"column":3}},"type":"if","locations":[{"start":{"line":36,"column":2},"end":{"line":49,"column":3}},{"start":{"line":47,"column":9},"end":{"line":49,"column":3}}],"line":36},"4":{"loc":{"start":{"line":37,"column":4},"end":{"line":41,"column":30}},"type":"binary-expr","locations":[{"start":{"line":37,"column":4},"end":{"line":37,"column":9}},{"start":{"line":38,"column":4},"end":{"line":38,"column":22}},{"start":{"line":39,"column":4},"end":{"line":39,"column":11}},{"start":{"line":40,"column":4},"end":{"line":40,"column":24}},{"start":{"line":41,"column":4},"end":{"line":41,"column":30}}],"line":37},"5":{"loc":{"start":{"line":57,"column":2},"end":{"line":64,"column":3}},"type":"if","locations":[{"start":{"line":57,"column":2},"end":{"line":64,"column":3}},{"start":{"line":62,"column":9},"end":{"line":64,"column":3}}],"line":57},"6":{"loc":{"start":{"line":57,"column":6},"end":{"line":57,"column":48}},"type":"binary-expr","locations":[{"start":{"line":57,"column":6},"end":{"line":57,"column":28}},{"start":{"line":57,"column":32},"end":{"line":57,"column":37}},{"start":{"line":57,"column":41},"end":{"line":57,"column":48}}],"line":57},"7":{"loc":{"start":{"line":71,"column":2},"end":{"line":73,"column":3}},"type":"if","locations":[{"start":{"line":71,"column":2},"end":{"line":73,"column":3}},{"start":{},"end":{}}],"line":71}},"s":{"0":2,"1":2,"2":0,"3":0,"4":0,"5":2,"6":0,"7":0,"8":0,"9":0,"10":2,"11":0,"12":0,"13":0,"14":0,"15":0,"16":0,"17":0,"18":0,"19":0,"20":2,"21":0,"22":0,"23":0,"24":0,"25":0,"26":0,"27":0,"28":2,"29":0,"30":0,"31":0,"32":0,"33":0,"34":0,"35":2,"36":0,"37":0,"38":0},"f":{"0":0,"1":0,"2":0,"3":0,"4":0,"5":0,"6":0,"7":0,"8":0,"9":0,"10":0,"11":0,"12":0,"13":0,"14":0,"15":0,"16":0,"17":0},"b":{"0":[0,0],"1":[0,0],"2":[0,0],"3":[0,0],"4":[0,0,0,0,0],"5":[0,0],"6":[0,0,0],"7":[0,0]},"_coverageSchema":"1a1c01bbd47fc00a2c39e90264f33305004495a9","hash":"58f57aa9c21bfd98086c1f62222b4c6a998b9c7b"}
,"D:\\School\\Webutvikling prosjekt\\Prosjektoppgave-H23-1\\server\\src\\routers\\tagsRouters.ts": {"path":"D:\\School\\Webutvikling prosjekt\\Prosjektoppgave-H23-1\\server\\src\\routers\\tagsRouters.ts","statementMap":{"0":{"start":{"line":9,"column":19},"end":{"line":9,"column":35}},"1":{"start":{"line":12,"column":0},"end":{"line":17,"column":3}},"2":{"start":{"line":13,"column":1},"end":{"line":16,"column":54}},"3":{"start":{"line":15,"column":18},"end":{"line":15,"column":37}},"4":{"start":{"line":16,"column":20},"end":{"line":16,"column":52}},"5":{"start":{"line":20,"column":0},"end":{"line":25,"column":2}},"6":{"start":{"line":21,"column":1},"end":{"line":24,"column":53}},"7":{"start":{"line":23,"column":18},"end":{"line":23,"column":37}},"8":{"start":{"line":24,"column":20},"end":{"line":24,"column":52}},"9":{"start":{"line":29,"column":0},"end":{"line":41,"column":3}},"10":{"start":{"line":30,"column":29},"end":{"line":30,"column":41}},"11":{"start":{"line":33,"column":1},"end":{"line":40,"column":2}},"12":{"start":{"line":34,"column":2},"end":{"line":37,"column":63}},"13":{"start":{"line":36,"column":15},"end":{"line":36,"column":78}},"14":{"start":{"line":37,"column":21},"end":{"line":37,"column":61}},"15":{"start":{"line":39,"column":3},"end":{"line":39,"column":60}},"16":{"start":{"line":45,"column":0},"end":{"line":50,"column":3}},"17":{"start":{"line":46,"column":2},"end":{"line":49,"column":56}},"18":{"start":{"line":48,"column":20},"end":{"line":48,"column":39}},"19":{"start":{"line":49,"column":22},"end":{"line":49,"column":54}}},"fnMap":{"0":{"name":"(anonymous_0)","decl":{"start":{"line":12,"column":24},"end":{"line":12,"column":25}},"loc":{"start":{"line":12,"column":47},"end":{"line":17,"column":1}},"line":12},"1":{"name":"(anonymous_1)","decl":{"start":{"line":15,"column":8},"end":{"line":15,"column":9}},"loc":{"start":{"line":15,"column":18},"end":{"line":15,"column":37}},"line":15},"2":{"name":"(anonymous_2)","decl":{"start":{"line":16,"column":9},"end":{"line":16,"column":10}},"loc":{"start":{"line":16,"column":20},"end":{"line":16,"column":52}},"line":16},"3":{"name":"(anonymous_3)","decl":{"start":{"line":20,"column":45},"end":{"line":20,"column":46}},"loc":{"start":{"line":20,"column":68},"end":{"line":25,"column":1}},"line":20},"4":{"name":"(anonymous_4)","decl":{"start":{"line":23,"column":8},"end":{"line":23,"column":9}},"loc":{"start":{"line":23,"column":18},"end":{"line":23,"column":37}},"line":23},"5":{"name":"(anonymous_5)","decl":{"start":{"line":24,"column":9},"end":{"line":24,"column":10}},"loc":{"start":{"line":24,"column":20},"end":{"line":24,"column":52}},"line":24},"6":{"name":"(anonymous_6)","decl":{"start":{"line":29,"column":34},"end":{"line":29,"column":35}},"loc":{"start":{"line":29,"column":56},"end":{"line":41,"column":1}},"line":29},"7":{"name":"(anonymous_7)","decl":{"start":{"line":36,"column":9},"end":{"line":36,"column":10}},"loc":{"start":{"line":36,"column":15},"end":{"line":36,"column":78}},"line":36},"8":{"name":"(anonymous_8)","decl":{"start":{"line":37,"column":10},"end":{"line":37,"column":11}},"loc":{"start":{"line":37,"column":21},"end":{"line":37,"column":61}},"line":37},"9":{"name":"(anonymous_9)","decl":{"start":{"line":45,"column":30},"end":{"line":45,"column":31}},"loc":{"start":{"line":45,"column":54},"end":{"line":50,"column":1}},"line":45},"10":{"name":"(anonymous_10)","decl":{"start":{"line":48,"column":10},"end":{"line":48,"column":11}},"loc":{"start":{"line":48,"column":20},"end":{"line":48,"column":39}},"line":48},"11":{"name":"(anonymous_11)","decl":{"start":{"line":49,"column":11},"end":{"line":49,"column":12}},"loc":{"start":{"line":49,"column":22},"end":{"line":49,"column":54}},"line":49}},"branchMap":{"0":{"loc":{"start":{"line":33,"column":1},"end":{"line":40,"column":2}},"type":"if","locations":[{"start":{"line":33,"column":1},"end":{"line":40,"column":2}},{"start":{"line":38,"column":8},"end":{"line":40,"column":2}}],"line":33},"1":{"loc":{"start":{"line":33,"column":4},"end":{"line":33,"column":63}},"type":"binary-expr","locations":[{"start":{"line":33,"column":4},"end":{"line":33,"column":29}},{"start":{"line":33,"column":33},"end":{"line":33,"column":63}}],"line":33}},"s":{"0":2,"1":2,"2":0,"3":0,"4":0,"5":2,"6":0,"7":0,"8":0,"9":2,"10":0,"11":0,"12":0,"13":0,"14":0,"15":0,"16":2,"17":0,"18":0,"19":0},"f":{"0":0,"1":0,"2":0,"3":0,"4":0,"5":0,"6":0,"7":0,"8":0,"9":0,"10":0,"11":0},"b":{"0":[0,0],"1":[0,0]},"_coverageSchema":"1a1c01bbd47fc00a2c39e90264f33305004495a9","hash":"def6919a4709e69e6402b2e9c4c38f8b48aa032f"}
,"D:\\School\\Webutvikling prosjekt\\Prosjektoppgave-H23-1\\server\\src\\routers\\voteRouters.ts": {"path":"D:\\School\\Webutvikling prosjekt\\Prosjektoppgave-H23-1\\server\\src\\routers\\voteRouters.ts","statementMap":{"0":{"start":{"line":9,"column":20},"end":{"line":9,"column":36}},"1":{"start":{"line":11,"column":0},"end":{"line":23,"column":3}},"2":{"start":{"line":12,"column":18},"end":{"line":12,"column":49}},"3":{"start":{"line":13,"column":16},"end":{"line":13,"column":35}},"4":{"start":{"line":14,"column":18},"end":{"line":14,"column":39}},"5":{"start":{"line":16,"column":1},"end":{"line":18,"column":2}},"6":{"start":{"line":17,"column":3},"end":{"line":17,"column":66}},"7":{"start":{"line":20,"column":1},"end":{"line":22,"column":61}},"8":{"start":{"line":21,"column":15},"end":{"line":21,"column":67}},"9":{"start":{"line":22,"column":19},"end":{"line":22,"column":59}}},"fnMap":{"0":{"name":"(anonymous_0)","decl":{"start":{"line":11,"column":37},"end":{"line":11,"column":38}},"loc":{"start":{"line":11,"column":60},"end":{"line":23,"column":1}},"line":11},"1":{"name":"(anonymous_1)","decl":{"start":{"line":21,"column":9},"end":{"line":21,"column":10}},"loc":{"start":{"line":21,"column":15},"end":{"line":21,"column":67}},"line":21},"2":{"name":"(anonymous_2)","decl":{"start":{"line":22,"column":10},"end":{"line":22,"column":11}},"loc":{"start":{"line":22,"column":19},"end":{"line":22,"column":59}},"line":22}},"branchMap":{"0":{"loc":{"start":{"line":16,"column":1},"end":{"line":18,"column":2}},"type":"if","locations":[{"start":{"line":16,"column":1},"end":{"line":18,"column":2}},{"start":{},"end":{}}],"line":16},"1":{"loc":{"start":{"line":16,"column":5},"end":{"line":16,"column":35}},"type":"binary-expr","locations":[{"start":{"line":16,"column":5},"end":{"line":16,"column":18}},{"start":{"line":16,"column":22},"end":{"line":16,"column":35}}],"line":16}},"s":{"0":2,"1":2,"2":0,"3":0,"4":0,"5":0,"6":0,"7":0,"8":0,"9":0},"f":{"0":0,"1":0,"2":0},"b":{"0":[0,0],"1":[0,0]},"_coverageSchema":"1a1c01bbd47fc00a2c39e90264f33305004495a9","hash":"059f9668be882f31c0fd1930bd3b7d9a5131519d"}
,"D:\\School\\Webutvikling prosjekt\\Prosjektoppgave-H23-1\\server\\src\\services\\answers-Services.ts": {"path":"D:\\School\\Webutvikling prosjekt\\Prosjektoppgave-H23-1\\server\\src\\services\\answers-Services.ts","statementMap":{"0":{"start":{"line":27,"column":4},"end":{"line":37,"column":7}},"1":{"start":{"line":28,"column":6},"end":{"line":36,"column":8}},"2":{"start":{"line":32,"column":10},"end":{"line":32,"column":42}},"3":{"start":{"line":32,"column":21},"end":{"line":32,"column":42}},"4":{"start":{"line":34,"column":10},"end":{"line":34,"column":40}},"5":{"start":{"line":45,"column":4},"end":{"line":54,"column":7}},"6":{"start":{"line":46,"column":6},"end":{"line":53,"column":8}},"7":{"start":{"line":50,"column":10},"end":{"line":51,"column":44}},"8":{"start":{"line":50,"column":21},"end":{"line":50,"column":35}},"9":{"start":{"line":51,"column":15},"end":{"line":51,"column":44}},"10":{"start":{"line":61,"column":4},"end":{"line":70,"column":7}},"11":{"start":{"line":62,"column":6},"end":{"line":69,"column":8}},"12":{"start":{"line":66,"column":10},"end":{"line":67,"column":41}},"13":{"start":{"line":66,"column":21},"end":{"line":66,"column":35}},"14":{"start":{"line":67,"column":15},"end":{"line":67,"column":41}},"15":{"start":{"line":77,"column":4},"end":{"line":87,"column":7}},"16":{"start":{"line":78,"column":6},"end":{"line":86,"column":8}},"17":{"start":{"line":82,"column":10},"end":{"line":84,"column":25}},"18":{"start":{"line":82,"column":21},"end":{"line":82,"column":35}},"19":{"start":{"line":83,"column":15},"end":{"line":84,"column":25}},"20":{"start":{"line":83,"column":47},"end":{"line":83,"column":91}},"21":{"start":{"line":84,"column":15},"end":{"line":84,"column":25}},"22":{"start":{"line":94,"column":4},"end":{"line":104,"column":7}},"23":{"start":{"line":95,"column":6},"end":{"line":103,"column":8}},"24":{"start":{"line":99,"column":10},"end":{"line":101,"column":25}},"25":{"start":{"line":99,"column":21},"end":{"line":99,"column":35}},"26":{"start":{"line":100,"column":15},"end":{"line":101,"column":25}},"27":{"start":{"line":100,"column":47},"end":{"line":100,"column":91}},"28":{"start":{"line":101,"column":15},"end":{"line":101,"column":25}},"29":{"start":{"line":111,"column":4},"end":{"line":125,"column":7}},"30":{"start":{"line":112,"column":6},"end":{"line":124,"column":8}},"31":{"start":{"line":116,"column":10},"end":{"line":118,"column":11}},"32":{"start":{"line":117,"column":12},"end":{"line":117,"column":33}},"33":{"start":{"line":119,"column":10},"end":{"line":121,"column":11}},"34":{"start":{"line":120,"column":12},"end":{"line":120,"column":74}},"35":{"start":{"line":122,"column":10},"end":{"line":122,"column":20}},"36":{"start":{"line":132,"column":4},"end":{"line":141,"column":7}},"37":{"start":{"line":133,"column":6},"end":{"line":140,"column":8}},"38":{"start":{"line":136,"column":10},"end":{"line":138,"column":75}},"39":{"start":{"line":136,"column":21},"end":{"line":136,"column":35}},"40":{"start":{"line":138,"column":15},"end":{"line":138,"column":75}},"41":{"start":{"line":145,"column":22},"end":{"line":145,"column":41}}},"fnMap":{"0":{"name":"(anonymous_0)","decl":{"start":{"line":26,"column":2},"end":{"line":26,"column":3}},"loc":{"start":{"line":26,"column":24},"end":{"line":38,"column":3}},"line":26},"1":{"name":"(anonymous_1)","decl":{"start":{"line":27,"column":31},"end":{"line":27,"column":32}},"loc":{"start":{"line":27,"column":52},"end":{"line":37,"column":5}},"line":27},"2":{"name":"(anonymous_2)","decl":{"start":{"line":31,"column":8},"end":{"line":31,"column":9}},"loc":{"start":{"line":31,"column":45},"end":{"line":35,"column":9}},"line":31},"3":{"name":"(anonymous_3)","decl":{"start":{"line":44,"column":2},"end":{"line":44,"column":3}},"loc":{"start":{"line":44,"column":45},"end":{"line":55,"column":3}},"line":44},"4":{"name":"(anonymous_4)","decl":{"start":{"line":45,"column":33},"end":{"line":45,"column":34}},"loc":{"start":{"line":45,"column":54},"end":{"line":54,"column":5}},"line":45},"5":{"name":"(anonymous_5)","decl":{"start":{"line":49,"column":8},"end":{"line":49,"column":9}},"loc":{"start":{"line":49,"column":45},"end":{"line":52,"column":9}},"line":49},"6":{"name":"(anonymous_6)","decl":{"start":{"line":60,"column":2},"end":{"line":60,"column":3}},"loc":{"start":{"line":60,"column":65},"end":{"line":71,"column":3}},"line":60},"7":{"name":"(anonymous_7)","decl":{"start":{"line":61,"column":31},"end":{"line":61,"column":32}},"loc":{"start":{"line":61,"column":52},"end":{"line":70,"column":5}},"line":61},"8":{"name":"(anonymous_8)","decl":{"start":{"line":65,"column":8},"end":{"line":65,"column":9}},"loc":{"start":{"line":65,"column":45},"end":{"line":68,"column":9}},"line":65},"9":{"name":"(anonymous_9)","decl":{"start":{"line":76,"column":2},"end":{"line":76,"column":3}},"loc":{"start":{"line":76,"column":50},"end":{"line":88,"column":3}},"line":76},"10":{"name":"(anonymous_10)","decl":{"start":{"line":77,"column":29},"end":{"line":77,"column":30}},"loc":{"start":{"line":77,"column":50},"end":{"line":87,"column":5}},"line":77},"11":{"name":"(anonymous_11)","decl":{"start":{"line":81,"column":8},"end":{"line":81,"column":9}},"loc":{"start":{"line":81,"column":45},"end":{"line":85,"column":9}},"line":81},"12":{"name":"(anonymous_12)","decl":{"start":{"line":93,"column":2},"end":{"line":93,"column":3}},"loc":{"start":{"line":93,"column":33},"end":{"line":105,"column":3}},"line":93},"13":{"name":"(anonymous_13)","decl":{"start":{"line":94,"column":29},"end":{"line":94,"column":30}},"loc":{"start":{"line":94,"column":50},"end":{"line":104,"column":5}},"line":94},"14":{"name":"(anonymous_14)","decl":{"start":{"line":98,"column":8},"end":{"line":98,"column":9}},"loc":{"start":{"line":98,"column":45},"end":{"line":102,"column":9}},"line":98},"15":{"name":"(anonymous_15)","decl":{"start":{"line":110,"column":2},"end":{"line":110,"column":3}},"loc":{"start":{"line":110,"column":62},"end":{"line":126,"column":3}},"line":110},"16":{"name":"(anonymous_16)","decl":{"start":{"line":111,"column":29},"end":{"line":111,"column":30}},"loc":{"start":{"line":111,"column":50},"end":{"line":125,"column":5}},"line":111},"17":{"name":"(anonymous_17)","decl":{"start":{"line":115,"column":8},"end":{"line":115,"column":9}},"loc":{"start":{"line":115,"column":45},"end":{"line":123,"column":9}},"line":115},"18":{"name":"(anonymous_18)","decl":{"start":{"line":131,"column":2},"end":{"line":131,"column":3}},"loc":{"start":{"line":131,"column":20},"end":{"line":142,"column":3}},"line":131},"19":{"name":"(anonymous_19)","decl":{"start":{"line":132,"column":64},"end":{"line":132,"column":65}},"loc":{"start":{"line":132,"column":85},"end":{"line":141,"column":5}},"line":132},"20":{"name":"(anonymous_20)","decl":{"start":{"line":135,"column":8},"end":{"line":135,"column":9}},"loc":{"start":{"line":135,"column":45},"end":{"line":139,"column":9}},"line":135}},"branchMap":{"0":{"loc":{"start":{"line":32,"column":10},"end":{"line":32,"column":42}},"type":"if","locations":[{"start":{"line":32,"column":10},"end":{"line":32,"column":42}},{"start":{},"end":{}}],"line":32},"1":{"loc":{"start":{"line":50,"column":10},"end":{"line":51,"column":44}},"type":"if","locations":[{"start":{"line":50,"column":10},"end":{"line":51,"column":44}},{"start":{"line":51,"column":15},"end":{"line":51,"column":44}}],"line":50},"2":{"loc":{"start":{"line":66,"column":10},"end":{"line":67,"column":41}},"type":"if","locations":[{"start":{"line":66,"column":10},"end":{"line":67,"column":41}},{"start":{"line":67,"column":15},"end":{"line":67,"column":41}}],"line":66},"3":{"loc":{"start":{"line":82,"column":10},"end":{"line":84,"column":25}},"type":"if","locations":[{"start":{"line":82,"column":10},"end":{"line":84,"column":25}},{"start":{"line":83,"column":15},"end":{"line":84,"column":25}}],"line":82},"4":{"loc":{"start":{"line":83,"column":15},"end":{"line":84,"column":25}},"type":"if","locations":[{"start":{"line":83,"column":15},"end":{"line":84,"column":25}},{"start":{"line":84,"column":15},"end":{"line":84,"column":25}}],"line":83},"5":{"loc":{"start":{"line":99,"column":10},"end":{"line":101,"column":25}},"type":"if","locations":[{"start":{"line":99,"column":10},"end":{"line":101,"column":25}},{"start":{"line":100,"column":15},"end":{"line":101,"column":25}}],"line":99},"6":{"loc":{"start":{"line":100,"column":15},"end":{"line":101,"column":25}},"type":"if","locations":[{"start":{"line":100,"column":15},"end":{"line":101,"column":25}},{"start":{"line":101,"column":15},"end":{"line":101,"column":25}}],"line":100},"7":{"loc":{"start":{"line":116,"column":10},"end":{"line":118,"column":11}},"type":"if","locations":[{"start":{"line":116,"column":10},"end":{"line":118,"column":11}},{"start":{},"end":{}}],"line":116},"8":{"loc":{"start":{"line":119,"column":10},"end":{"line":121,"column":11}},"type":"if","locations":[{"start":{"line":119,"column":10},"end":{"line":121,"column":11}},{"start":{},"end":{}}],"line":119},"9":{"loc":{"start":{"line":136,"column":10},"end":{"line":138,"column":75}},"type":"if","locations":[{"start":{"line":136,"column":10},"end":{"line":138,"column":75}},{"start":{"line":138,"column":15},"end":{"line":138,"column":75}}],"line":136}},"s":{"0":0,"1":0,"2":0,"3":0,"4":0,"5":0,"6":0,"7":0,"8":0,"9":0,"10":0,"11":0,"12":0,"13":0,"14":0,"15":0,"16":0,"17":0,"18":0,"19":0,"20":0,"21":0,"22":0,"23":0,"24":0,"25":0,"26":0,"27":0,"28":0,"29":0,"30":0,"31":0,"32":0,"33":0,"34":0,"35":0,"36":0,"37":0,"38":0,"39":0,"40":0,"41":2},"f":{"0":0,"1":0,"2":0,"3":0,"4":0,"5":0,"6":0,"7":0,"8":0,"9":0,"10":0,"11":0,"12":0,"13":0,"14":0,"15":0,"16":0,"17":0,"18":0,"19":0,"20":0},"b":{"0":[0,0],"1":[0,0],"2":[0,0],"3":[0,0],"4":[0,0],"5":[0,0],"6":[0,0],"7":[0,0],"8":[0,0],"9":[0,0]},"_coverageSchema":"1a1c01bbd47fc00a2c39e90264f33305004495a9","hash":"0fae53de72fac549c6d30dacf0b13fd6c7f7ce1c"}
,"D:\\School\\Webutvikling prosjekt\\Prosjektoppgave-H23-1\\server\\src\\services\\comments-Services.ts": {"path":"D:\\School\\Webutvikling prosjekt\\Prosjektoppgave-H23-1\\server\\src\\services\\comments-Services.ts","statementMap":{"0":{"start":{"line":26,"column":4},"end":{"line":35,"column":6}},"1":{"start":{"line":28,"column":6},"end":{"line":34,"column":7}},"2":{"start":{"line":31,"column":10},"end":{"line":32,"column":45}},"3":{"start":{"line":31,"column":21},"end":{"line":31,"column":35}},"4":{"start":{"line":32,"column":15},"end":{"line":32,"column":45}},"5":{"start":{"line":42,"column":4},"end":{"line":53,"column":6}},"6":{"start":{"line":44,"column":6},"end":{"line":52,"column":7}},"7":{"start":{"line":48,"column":10},"end":{"line":48,"column":42}},"8":{"start":{"line":48,"column":21},"end":{"line":48,"column":42}},"9":{"start":{"line":50,"column":10},"end":{"line":50,"column":41}},"10":{"start":{"line":65,"column":4},"end":{"line":77,"column":7}},"11":{"start":{"line":67,"column":21},"end":{"line":67,"column":93}},"12":{"start":{"line":68,"column":21},"end":{"line":68,"column":93}},"13":{"start":{"line":69,"column":6},"end":{"line":76,"column":8}},"14":{"start":{"line":73,"column":10},"end":{"line":73,"column":42}},"15":{"start":{"line":73,"column":21},"end":{"line":73,"column":42}},"16":{"start":{"line":74,"column":10},"end":{"line":74,"column":36}},"17":{"start":{"line":84,"column":4},"end":{"line":94,"column":7}},"18":{"start":{"line":85,"column":6},"end":{"line":93,"column":8}},"19":{"start":{"line":89,"column":10},"end":{"line":89,"column":42}},"20":{"start":{"line":89,"column":21},"end":{"line":89,"column":42}},"21":{"start":{"line":90,"column":10},"end":{"line":90,"column":94}},"22":{"start":{"line":90,"column":42},"end":{"line":90,"column":94}},"23":{"start":{"line":91,"column":10},"end":{"line":91,"column":20}},"24":{"start":{"line":101,"column":4},"end":{"line":111,"column":7}},"25":{"start":{"line":102,"column":6},"end":{"line":110,"column":8}},"26":{"start":{"line":106,"column":10},"end":{"line":106,"column":42}},"27":{"start":{"line":106,"column":21},"end":{"line":106,"column":42}},"28":{"start":{"line":107,"column":10},"end":{"line":107,"column":94}},"29":{"start":{"line":107,"column":42},"end":{"line":107,"column":94}},"30":{"start":{"line":108,"column":10},"end":{"line":108,"column":20}},"31":{"start":{"line":116,"column":23},"end":{"line":116,"column":43}}},"fnMap":{"0":{"name":"(anonymous_0)","decl":{"start":{"line":25,"column":2},"end":{"line":25,"column":3}},"loc":{"start":{"line":25,"column":15},"end":{"line":36,"column":3}},"line":25},"1":{"name":"(anonymous_1)","decl":{"start":{"line":26,"column":34},"end":{"line":26,"column":35}},"loc":{"start":{"line":27,"column":4},"end":{"line":35,"column":5}},"line":27},"2":{"name":"(anonymous_2)","decl":{"start":{"line":30,"column":8},"end":{"line":30,"column":9}},"loc":{"start":{"line":30,"column":45},"end":{"line":33,"column":9}},"line":30},"3":{"name":"(anonymous_3)","decl":{"start":{"line":41,"column":2},"end":{"line":41,"column":3}},"loc":{"start":{"line":41,"column":32},"end":{"line":54,"column":3}},"line":41},"4":{"name":"(anonymous_4)","decl":{"start":{"line":42,"column":32},"end":{"line":42,"column":33}},"loc":{"start":{"line":43,"column":4},"end":{"line":53,"column":5}},"line":43},"5":{"name":"(anonymous_5)","decl":{"start":{"line":47,"column":8},"end":{"line":47,"column":9}},"loc":{"start":{"line":47,"column":45},"end":{"line":51,"column":9}},"line":47},"6":{"name":"(anonymous_6)","decl":{"start":{"line":59,"column":2},"end":{"line":59,"column":3}},"loc":{"start":{"line":64,"column":5},"end":{"line":78,"column":3}},"line":64},"7":{"name":"(anonymous_7)","decl":{"start":{"line":65,"column":31},"end":{"line":65,"column":32}},"loc":{"start":{"line":65,"column":52},"end":{"line":77,"column":5}},"line":65},"8":{"name":"(anonymous_8)","decl":{"start":{"line":72,"column":8},"end":{"line":72,"column":9}},"loc":{"start":{"line":72,"column":45},"end":{"line":75,"column":9}},"line":72},"9":{"name":"(anonymous_9)","decl":{"start":{"line":83,"column":2},"end":{"line":83,"column":3}},"loc":{"start":{"line":83,"column":67},"end":{"line":95,"column":3}},"line":83},"10":{"name":"(anonymous_10)","decl":{"start":{"line":84,"column":23},"end":{"line":84,"column":24}},"loc":{"start":{"line":84,"column":44},"end":{"line":94,"column":5}},"line":84},"11":{"name":"(anonymous_11)","decl":{"start":{"line":88,"column":8},"end":{"line":88,"column":9}},"loc":{"start":{"line":88,"column":45},"end":{"line":92,"column":9}},"line":88},"12":{"name":"(anonymous_12)","decl":{"start":{"line":100,"column":2},"end":{"line":100,"column":3}},"loc":{"start":{"line":100,"column":50},"end":{"line":112,"column":3}},"line":100},"13":{"name":"(anonymous_13)","decl":{"start":{"line":101,"column":23},"end":{"line":101,"column":24}},"loc":{"start":{"line":101,"column":44},"end":{"line":111,"column":5}},"line":101},"14":{"name":"(anonymous_14)","decl":{"start":{"line":105,"column":8},"end":{"line":105,"column":9}},"loc":{"start":{"line":105,"column":45},"end":{"line":109,"column":9}},"line":105}},"branchMap":{"0":{"loc":{"start":{"line":31,"column":10},"end":{"line":32,"column":45}},"type":"if","locations":[{"start":{"line":31,"column":10},"end":{"line":32,"column":45}},{"start":{"line":32,"column":15},"end":{"line":32,"column":45}}],"line":31},"1":{"loc":{"start":{"line":48,"column":10},"end":{"line":48,"column":42}},"type":"if","locations":[{"start":{"line":48,"column":10},"end":{"line":48,"column":42}},{"start":{},"end":{}}],"line":48},"2":{"loc":{"start":{"line":67,"column":21},"end":{"line":67,"column":93}},"type":"cond-expr","locations":[{"start":{"line":67,"column":34},"end":{"line":67,"column":63}},{"start":{"line":67,"column":66},"end":{"line":67,"column":93}}],"line":67},"3":{"loc":{"start":{"line":68,"column":21},"end":{"line":68,"column":93}},"type":"cond-expr","locations":[{"start":{"line":68,"column":34},"end":{"line":68,"column":63}},{"start":{"line":68,"column":66},"end":{"line":68,"column":93}}],"line":68},"4":{"loc":{"start":{"line":73,"column":10},"end":{"line":73,"column":42}},"type":"if","locations":[{"start":{"line":73,"column":10},"end":{"line":73,"column":42}},{"start":{},"end":{}}],"line":73},"5":{"loc":{"start":{"line":89,"column":10},"end":{"line":89,"column":42}},"type":"if","locations":[{"start":{"line":89,"column":10},"end":{"line":89,"column":42}},{"start":{},"end":{}}],"line":89},"6":{"loc":{"start":{"line":90,"column":10},"end":{"line":90,"column":94}},"type":"if","locations":[{"start":{"line":90,"column":10},"end":{"line":90,"column":94}},{"start":{},"end":{}}],"line":90},"7":{"loc":{"start":{"line":106,"column":10},"end":{"line":106,"column":42}},"type":"if","locations":[{"start":{"line":106,"column":10},"end":{"line":106,"column":42}},{"start":{},"end":{}}],"line":106},"8":{"loc":{"start":{"line":107,"column":10},"end":{"line":107,"column":94}},"type":"if","locations":[{"start":{"line":107,"column":10},"end":{"line":107,"column":94}},{"start":{},"end":{}}],"line":107}},"s":{"0":0,"1":0,"2":0,"3":0,"4":0,"5":0,"6":0,"7":0,"8":0,"9":0,"10":0,"11":0,"12":0,"13":0,"14":0,"15":0,"16":0,"17":0,"18":0,"19":0,"20":0,"21":0,"22":0,"23":0,"24":0,"25":0,"26":0,"27":0,"28":0,"29":0,"30":0,"31":2},"f":{"0":0,"1":0,"2":0,"3":0,"4":0,"5":0,"6":0,"7":0,"8":0,"9":0,"10":0,"11":0,"12":0,"13":0,"14":0},"b":{"0":[0,0],"1":[0,0],"2":[0,0],"3":[0,0],"4":[0,0],"5":[0,0],"6":[0,0],"7":[0,0],"8":[0,0]},"_coverageSchema":"1a1c01bbd47fc00a2c39e90264f33305004495a9","hash":"5a9590be4903adbe5d451b2eaece1beb4ddf8e6a"}
,"D:\\School\\Webutvikling prosjekt\\Prosjektoppgave-H23-1\\server\\src\\services\\favorites-Services.ts": {"path":"D:\\School\\Webutvikling prosjekt\\Prosjektoppgave-H23-1\\server\\src\\services\\favorites-Services.ts","statementMap":{"0":{"start":{"line":22,"column":4},"end":{"line":31,"column":7}},"1":{"start":{"line":23,"column":6},"end":{"line":30,"column":9}},"2":{"start":{"line":26,"column":8},"end":{"line":28,"column":9}},"3":{"start":{"line":27,"column":10},"end":{"line":27,"column":31}},"4":{"start":{"line":29,"column":8},"end":{"line":29,"column":37}},"5":{"start":{"line":38,"column":4},"end":{"line":53,"column":7}},"6":{"start":{"line":39,"column":6},"end":{"line":52,"column":8}},"7":{"start":{"line":43,"column":10},"end":{"line":49,"column":11}},"8":{"start":{"line":45,"column":12},"end":{"line":47,"column":13}},"9":{"start":{"line":46,"column":14},"end":{"line":46,"column":80}},"10":{"start":{"line":48,"column":12},"end":{"line":48,"column":33}},"11":{"start":{"line":50,"column":10},"end":{"line":50,"column":20}},"12":{"start":{"line":60,"column":4},"end":{"line":74,"column":7}},"13":{"start":{"line":61,"column":6},"end":{"line":73,"column":8}},"14":{"start":{"line":65,"column":10},"end":{"line":67,"column":11}},"15":{"start":{"line":66,"column":12},"end":{"line":66,"column":33}},"16":{"start":{"line":68,"column":10},"end":{"line":70,"column":11}},"17":{"start":{"line":69,"column":12},"end":{"line":69,"column":72}},"18":{"start":{"line":71,"column":10},"end":{"line":71,"column":20}},"19":{"start":{"line":78,"column":24},"end":{"line":78,"column":45}}},"fnMap":{"0":{"name":"(anonymous_0)","decl":{"start":{"line":21,"column":2},"end":{"line":21,"column":3}},"loc":{"start":{"line":21,"column":31},"end":{"line":32,"column":3}},"line":21},"1":{"name":"(anonymous_1)","decl":{"start":{"line":22,"column":33},"end":{"line":22,"column":34}},"loc":{"start":{"line":22,"column":54},"end":{"line":31,"column":5}},"line":22},"2":{"name":"(anonymous_2)","decl":{"start":{"line":25,"column":18},"end":{"line":25,"column":19}},"loc":{"start":{"line":25,"column":55},"end":{"line":30,"column":7}},"line":25},"3":{"name":"(anonymous_3)","decl":{"start":{"line":37,"column":2},"end":{"line":37,"column":3}},"loc":{"start":{"line":37,"column":48},"end":{"line":54,"column":3}},"line":37},"4":{"name":"(anonymous_4)","decl":{"start":{"line":38,"column":29},"end":{"line":38,"column":30}},"loc":{"start":{"line":38,"column":50},"end":{"line":53,"column":5}},"line":38},"5":{"name":"(anonymous_5)","decl":{"start":{"line":42,"column":8},"end":{"line":42,"column":9}},"loc":{"start":{"line":42,"column":45},"end":{"line":51,"column":9}},"line":42},"6":{"name":"(anonymous_6)","decl":{"start":{"line":59,"column":2},"end":{"line":59,"column":3}},"loc":{"start":{"line":59,"column":51},"end":{"line":75,"column":3}},"line":59},"7":{"name":"(anonymous_7)","decl":{"start":{"line":60,"column":29},"end":{"line":60,"column":30}},"loc":{"start":{"line":60,"column":50},"end":{"line":74,"column":5}},"line":60},"8":{"name":"(anonymous_8)","decl":{"start":{"line":64,"column":8},"end":{"line":64,"column":9}},"loc":{"start":{"line":64,"column":45},"end":{"line":72,"column":9}},"line":64}},"branchMap":{"0":{"loc":{"start":{"line":26,"column":8},"end":{"line":28,"column":9}},"type":"if","locations":[{"start":{"line":26,"column":8},"end":{"line":28,"column":9}},{"start":{},"end":{}}],"line":26},"1":{"loc":{"start":{"line":43,"column":10},"end":{"line":49,"column":11}},"type":"if","locations":[{"start":{"line":43,"column":10},"end":{"line":49,"column":11}},{"start":{},"end":{}}],"line":43},"2":{"loc":{"start":{"line":45,"column":12},"end":{"line":47,"column":13}},"type":"if","locations":[{"start":{"line":45,"column":12},"end":{"line":47,"column":13}},{"start":{},"end":{}}],"line":45},"3":{"loc":{"start":{"line":65,"column":10},"end":{"line":67,"column":11}},"type":"if","locations":[{"start":{"line":65,"column":10},"end":{"line":67,"column":11}},{"start":{},"end":{}}],"line":65},"4":{"loc":{"start":{"line":68,"column":10},"end":{"line":70,"column":11}},"type":"if","locations":[{"start":{"line":68,"column":10},"end":{"line":70,"column":11}},{"start":{},"end":{}}],"line":68}},"s":{"0":0,"1":0,"2":0,"3":0,"4":0,"5":0,"6":0,"7":0,"8":0,"9":0,"10":0,"11":0,"12":0,"13":0,"14":0,"15":0,"16":0,"17":0,"18":0,"19":2},"f":{"0":0,"1":0,"2":0,"3":0,"4":0,"5":0,"6":0,"7":0,"8":0},"b":{"0":[0,0],"1":[0,0],"2":[0,0],"3":[0,0],"4":[0,0]},"_coverageSchema":"1a1c01bbd47fc00a2c39e90264f33305004495a9","hash":"6b62c47ede239ea4a71fe538a1e1e8e6d3cd3b4f"}
,"D:\\School\\Webutvikling prosjekt\\Prosjektoppgave-H23-1\\server\\src\\services\\questions-Services.ts": {"path":"D:\\School\\Webutvikling prosjekt\\Prosjektoppgave-H23-1\\server\\src\\services\\questions-Services.ts","statementMap":{"0":{"start":{"line":26,"column":4},"end":{"line":36,"column":7}},"1":{"start":{"line":27,"column":6},"end":{"line":35,"column":8}},"2":{"start":{"line":31,"column":10},"end":{"line":31,"column":42}},"3":{"start":{"line":31,"column":21},"end":{"line":31,"column":42}},"4":{"start":{"line":33,"column":10},"end":{"line":33,"column":42}},"5":{"start":{"line":43,"column":4},"end":{"line":49,"column":6}},"6":{"start":{"line":44,"column":6},"end":{"line":48,"column":8}},"7":{"start":{"line":45,"column":8},"end":{"line":45,"column":40}},"8":{"start":{"line":45,"column":19},"end":{"line":45,"column":40}},"9":{"start":{"line":47,"column":8},"end":{"line":47,"column":38}},"10":{"start":{"line":56,"column":4},"end":{"line":65,"column":7}},"11":{"start":{"line":57,"column":6},"end":{"line":64,"column":8}},"12":{"start":{"line":61,"column":10},"end":{"line":61,"column":42}},"13":{"start":{"line":61,"column":21},"end":{"line":61,"column":42}},"14":{"start":{"line":62,"column":10},"end":{"line":62,"column":36}},"15":{"start":{"line":72,"column":4},"end":{"line":84,"column":7}},"16":{"start":{"line":73,"column":6},"end":{"line":83,"column":8}},"17":{"start":{"line":77,"column":10},"end":{"line":77,"column":42}},"18":{"start":{"line":77,"column":21},"end":{"line":77,"column":42}},"19":{"start":{"line":78,"column":10},"end":{"line":80,"column":11}},"20":{"start":{"line":79,"column":12},"end":{"line":79,"column":65}},"21":{"start":{"line":81,"column":10},"end":{"line":81,"column":20}},"22":{"start":{"line":91,"column":4},"end":{"line":103,"column":7}},"23":{"start":{"line":92,"column":6},"end":{"line":102,"column":8}},"24":{"start":{"line":96,"column":10},"end":{"line":96,"column":42}},"25":{"start":{"line":96,"column":21},"end":{"line":96,"column":42}},"26":{"start":{"line":97,"column":10},"end":{"line":99,"column":11}},"27":{"start":{"line":98,"column":12},"end":{"line":98,"column":65}},"28":{"start":{"line":100,"column":10},"end":{"line":100,"column":20}},"29":{"start":{"line":110,"column":4},"end":{"line":122,"column":6}},"30":{"start":{"line":111,"column":6},"end":{"line":121,"column":7}},"31":{"start":{"line":115,"column":10},"end":{"line":115,"column":42}},"32":{"start":{"line":115,"column":21},"end":{"line":115,"column":42}},"33":{"start":{"line":116,"column":10},"end":{"line":118,"column":11}},"34":{"start":{"line":117,"column":12},"end":{"line":117,"column":76}},"35":{"start":{"line":119,"column":10},"end":{"line":119,"column":19}},"36":{"start":{"line":126,"column":24},"end":{"line":126,"column":45}}},"fnMap":{"0":{"name":"(anonymous_0)","decl":{"start":{"line":25,"column":2},"end":{"line":25,"column":3}},"loc":{"start":{"line":25,"column":18},"end":{"line":37,"column":3}},"line":25},"1":{"name":"(anonymous_1)","decl":{"start":{"line":26,"column":33},"end":{"line":26,"column":34}},"loc":{"start":{"line":26,"column":54},"end":{"line":36,"column":5}},"line":26},"2":{"name":"(anonymous_2)","decl":{"start":{"line":30,"column":8},"end":{"line":30,"column":9}},"loc":{"start":{"line":30,"column":45},"end":{"line":34,"column":9}},"line":30},"3":{"name":"(anonymous_3)","decl":{"start":{"line":42,"column":2},"end":{"line":42,"column":3}},"loc":{"start":{"line":42,"column":11},"end":{"line":50,"column":3}},"line":42},"4":{"name":"(anonymous_4)","decl":{"start":{"line":43,"column":35},"end":{"line":43,"column":36}},"loc":{"start":{"line":43,"column":56},"end":{"line":49,"column":5}},"line":43},"5":{"name":"(anonymous_5)","decl":{"start":{"line":44,"column":46},"end":{"line":44,"column":47}},"loc":{"start":{"line":44,"column":83},"end":{"line":48,"column":7}},"line":44},"6":{"name":"(anonymous_6)","decl":{"start":{"line":55,"column":2},"end":{"line":55,"column":3}},"loc":{"start":{"line":55,"column":58},"end":{"line":66,"column":3}},"line":55},"7":{"name":"(anonymous_7)","decl":{"start":{"line":56,"column":31},"end":{"line":56,"column":32}},"loc":{"start":{"line":56,"column":52},"end":{"line":65,"column":5}},"line":56},"8":{"name":"(anonymous_8)","decl":{"start":{"line":60,"column":8},"end":{"line":60,"column":9}},"loc":{"start":{"line":60,"column":45},"end":{"line":63,"column":9}},"line":60},"9":{"name":"(anonymous_9)","decl":{"start":{"line":71,"column":2},"end":{"line":71,"column":3}},"loc":{"start":{"line":71,"column":53},"end":{"line":85,"column":3}},"line":71},"10":{"name":"(anonymous_10)","decl":{"start":{"line":72,"column":29},"end":{"line":72,"column":30}},"loc":{"start":{"line":72,"column":50},"end":{"line":84,"column":5}},"line":72},"11":{"name":"(anonymous_11)","decl":{"start":{"line":76,"column":8},"end":{"line":76,"column":9}},"loc":{"start":{"line":76,"column":45},"end":{"line":82,"column":9}},"line":76},"12":{"name":"(anonymous_12)","decl":{"start":{"line":90,"column":2},"end":{"line":90,"column":3}},"loc":{"start":{"line":90,"column":21},"end":{"line":104,"column":3}},"line":90},"13":{"name":"(anonymous_13)","decl":{"start":{"line":91,"column":29},"end":{"line":91,"column":30}},"loc":{"start":{"line":91,"column":50},"end":{"line":103,"column":5}},"line":91},"14":{"name":"(anonymous_14)","decl":{"start":{"line":95,"column":8},"end":{"line":95,"column":9}},"loc":{"start":{"line":95,"column":45},"end":{"line":101,"column":9}},"line":95},"15":{"name":"(anonymous_15)","decl":{"start":{"line":109,"column":2},"end":{"line":109,"column":3}},"loc":{"start":{"line":109,"column":38},"end":{"line":123,"column":3}},"line":109},"16":{"name":"(anonymous_16)","decl":{"start":{"line":110,"column":29},"end":{"line":110,"column":30}},"loc":{"start":{"line":110,"column":49},"end":{"line":122,"column":5}},"line":110},"17":{"name":"(anonymous_17)","decl":{"start":{"line":114,"column":8},"end":{"line":114,"column":9}},"loc":{"start":{"line":114,"column":44},"end":{"line":120,"column":9}},"line":114}},"branchMap":{"0":{"loc":{"start":{"line":31,"column":10},"end":{"line":31,"column":42}},"type":"if","locations":[{"start":{"line":31,"column":10},"end":{"line":31,"column":42}},{"start":{},"end":{}}],"line":31},"1":{"loc":{"start":{"line":45,"column":8},"end":{"line":45,"column":40}},"type":"if","locations":[{"start":{"line":45,"column":8},"end":{"line":45,"column":40}},{"start":{},"end":{}}],"line":45},"2":{"loc":{"start":{"line":61,"column":10},"end":{"line":61,"column":42}},"type":"if","locations":[{"start":{"line":61,"column":10},"end":{"line":61,"column":42}},{"start":{},"end":{}}],"line":61},"3":{"loc":{"start":{"line":77,"column":10},"end":{"line":77,"column":42}},"type":"if","locations":[{"start":{"line":77,"column":10},"end":{"line":77,"column":42}},{"start":{},"end":{}}],"line":77},"4":{"loc":{"start":{"line":78,"column":10},"end":{"line":80,"column":11}},"type":"if","locations":[{"start":{"line":78,"column":10},"end":{"line":80,"column":11}},{"start":{},"end":{}}],"line":78},"5":{"loc":{"start":{"line":96,"column":10},"end":{"line":96,"column":42}},"type":"if","locations":[{"start":{"line":96,"column":10},"end":{"line":96,"column":42}},{"start":{},"end":{}}],"line":96},"6":{"loc":{"start":{"line":97,"column":10},"end":{"line":99,"column":11}},"type":"if","locations":[{"start":{"line":97,"column":10},"end":{"line":99,"column":11}},{"start":{},"end":{}}],"line":97},"7":{"loc":{"start":{"line":115,"column":10},"end":{"line":115,"column":42}},"type":"if","locations":[{"start":{"line":115,"column":10},"end":{"line":115,"column":42}},{"start":{},"end":{}}],"line":115},"8":{"loc":{"start":{"line":116,"column":10},"end":{"line":118,"column":11}},"type":"if","locations":[{"start":{"line":116,"column":10},"end":{"line":118,"column":11}},{"start":{},"end":{}}],"line":116}},"s":{"0":0,"1":0,"2":0,"3":0,"4":0,"5":0,"6":0,"7":0,"8":0,"9":0,"10":0,"11":0,"12":0,"13":0,"14":0,"15":0,"16":0,"17":0,"18":0,"19":0,"20":0,"21":0,"22":0,"23":0,"24":0,"25":0,"26":0,"27":0,"28":0,"29":0,"30":0,"31":0,"32":0,"33":0,"34":0,"35":0,"36":2},"f":{"0":0,"1":0,"2":0,"3":0,"4":0,"5":0,"6":0,"7":0,"8":0,"9":0,"10":0,"11":0,"12":0,"13":0,"14":0,"15":0,"16":0,"17":0},"b":{"0":[0,0],"1":[0,0],"2":[0,0],"3":[0,0],"4":[0,0],"5":[0,0],"6":[0,0],"7":[0,0],"8":[0,0]},"_coverageSchema":"1a1c01bbd47fc00a2c39e90264f33305004495a9","hash":"7a6af5b8d3fda4c5a6ed312b28c275730ed2335e"}
,"D:\\School\\Webutvikling prosjekt\\Prosjektoppgave-H23-1\\server\\src\\services\\tags-Services.ts": {"path":"D:\\School\\Webutvikling prosjekt\\Prosjektoppgave-H23-1\\server\\src\\services\\tags-Services.ts","statementMap":{"0":{"start":{"line":19,"column":4},"end":{"line":25,"column":7}},"1":{"start":{"line":20,"column":6},"end":{"line":24,"column":9}},"2":{"start":{"line":22,"column":8},"end":{"line":22,"column":40}},"3":{"start":{"line":22,"column":19},"end":{"line":22,"column":40}},"4":{"start":{"line":23,"column":8},"end":{"line":23,"column":34}},"5":{"start":{"line":32,"column":4},"end":{"line":41,"column":7}},"6":{"start":{"line":33,"column":6},"end":{"line":40,"column":8}},"7":{"start":{"line":37,"column":10},"end":{"line":37,"column":42}},"8":{"start":{"line":37,"column":21},"end":{"line":37,"column":42}},"9":{"start":{"line":38,"column":10},"end":{"line":38,"column":36}},"10":{"start":{"line":48,"column":4},"end":{"line":57,"column":7}},"11":{"start":{"line":49,"column":6},"end":{"line":56,"column":8}},"12":{"start":{"line":53,"column":10},"end":{"line":53,"column":42}},"13":{"start":{"line":53,"column":21},"end":{"line":53,"column":42}},"14":{"start":{"line":54,"column":10},"end":{"line":54,"column":20}},"15":{"start":{"line":61,"column":4},"end":{"line":70,"column":6}},"16":{"start":{"line":62,"column":6},"end":{"line":69,"column":7}},"17":{"start":{"line":66,"column":10},"end":{"line":66,"column":42}},"18":{"start":{"line":66,"column":21},"end":{"line":66,"column":42}},"19":{"start":{"line":67,"column":10},"end":{"line":67,"column":35}},"20":{"start":{"line":78,"column":24},"end":{"line":78,"column":65}},"21":{"start":{"line":79,"column":24},"end":{"line":79,"column":65}},"22":{"start":{"line":80,"column":26},"end":{"line":80,"column":94}},"23":{"start":{"line":82,"column":4},"end":{"line":97,"column":7}},"24":{"start":{"line":83,"column":6},"end":{"line":96,"column":8}},"25":{"start":{"line":93,"column":10},"end":{"line":93,"column":42}},"26":{"start":{"line":93,"column":21},"end":{"line":93,"column":42}},"27":{"start":{"line":94,"column":10},"end":{"line":94,"column":69}},"28":{"start":{"line":101,"column":4},"end":{"line":114,"column":7}},"29":{"start":{"line":102,"column":6},"end":{"line":113,"column":8}},"30":{"start":{"line":108,"column":10},"end":{"line":110,"column":11}},"31":{"start":{"line":109,"column":12},"end":{"line":109,"column":33}},"32":{"start":{"line":111,"column":10},"end":{"line":111,"column":27}},"33":{"start":{"line":118,"column":19},"end":{"line":118,"column":35}}},"fnMap":{"0":{"name":"(anonymous_0)","decl":{"start":{"line":18,"column":2},"end":{"line":18,"column":3}},"loc":{"start":{"line":18,"column":15},"end":{"line":26,"column":3}},"line":18},"1":{"name":"(anonymous_1)","decl":{"start":{"line":19,"column":30},"end":{"line":19,"column":31}},"loc":{"start":{"line":19,"column":51},"end":{"line":25,"column":5}},"line":19},"2":{"name":"(anonymous_2)","decl":{"start":{"line":21,"column":6},"end":{"line":21,"column":7}},"loc":{"start":{"line":21,"column":43},"end":{"line":24,"column":7}},"line":21},"3":{"name":"(anonymous_3)","decl":{"start":{"line":31,"column":2},"end":{"line":31,"column":3}},"loc":{"start":{"line":31,"column":41},"end":{"line":42,"column":3}},"line":31},"4":{"name":"(anonymous_4)","decl":{"start":{"line":32,"column":30},"end":{"line":32,"column":31}},"loc":{"start":{"line":32,"column":51},"end":{"line":41,"column":5}},"line":32},"5":{"name":"(anonymous_5)","decl":{"start":{"line":36,"column":8},"end":{"line":36,"column":9}},"loc":{"start":{"line":36,"column":45},"end":{"line":39,"column":9}},"line":36},"6":{"name":"(anonymous_6)","decl":{"start":{"line":47,"column":2},"end":{"line":47,"column":3}},"loc":{"start":{"line":47,"column":54},"end":{"line":58,"column":3}},"line":47},"7":{"name":"(anonymous_7)","decl":{"start":{"line":48,"column":29},"end":{"line":48,"column":30}},"loc":{"start":{"line":48,"column":50},"end":{"line":57,"column":5}},"line":48},"8":{"name":"(anonymous_8)","decl":{"start":{"line":52,"column":8},"end":{"line":52,"column":9}},"loc":{"start":{"line":52,"column":28},"end":{"line":55,"column":9}},"line":52},"9":{"name":"(anonymous_9)","decl":{"start":{"line":60,"column":2},"end":{"line":60,"column":3}},"loc":{"start":{"line":60,"column":26},"end":{"line":71,"column":3}},"line":60},"10":{"name":"(anonymous_10)","decl":{"start":{"line":61,"column":31},"end":{"line":61,"column":32}},"loc":{"start":{"line":61,"column":51},"end":{"line":70,"column":5}},"line":61},"11":{"name":"(anonymous_11)","decl":{"start":{"line":65,"column":8},"end":{"line":65,"column":9}},"loc":{"start":{"line":65,"column":44},"end":{"line":68,"column":9}},"line":65},"12":{"name":"(anonymous_12)","decl":{"start":{"line":77,"column":2},"end":{"line":77,"column":3}},"loc":{"start":{"line":77,"column":72},"end":{"line":98,"column":3}},"line":77},"13":{"name":"(anonymous_13)","decl":{"start":{"line":82,"column":63},"end":{"line":82,"column":64}},"loc":{"start":{"line":82,"column":84},"end":{"line":97,"column":5}},"line":82},"14":{"name":"(anonymous_14)","decl":{"start":{"line":92,"column":8},"end":{"line":92,"column":9}},"loc":{"start":{"line":92,"column":45},"end":{"line":95,"column":9}},"line":92},"15":{"name":"(anonymous_15)","decl":{"start":{"line":100,"column":2},"end":{"line":100,"column":3}},"loc":{"start":{"line":100,"column":32},"end":{"line":115,"column":3}},"line":100},"16":{"name":"(anonymous_16)","decl":{"start":{"line":101,"column":23},"end":{"line":101,"column":24}},"loc":{"start":{"line":101,"column":44},"end":{"line":114,"column":5}},"line":101},"17":{"name":"(anonymous_17)","decl":{"start":{"line":107,"column":8},"end":{"line":107,"column":9}},"loc":{"start":{"line":107,"column":28},"end":{"line":112,"column":9}},"line":107}},"branchMap":{"0":{"loc":{"start":{"line":22,"column":8},"end":{"line":22,"column":40}},"type":"if","locations":[{"start":{"line":22,"column":8},"end":{"line":22,"column":40}},{"start":{},"end":{}}],"line":22},"1":{"loc":{"start":{"line":37,"column":10},"end":{"line":37,"column":42}},"type":"if","locations":[{"start":{"line":37,"column":10},"end":{"line":37,"column":42}},{"start":{},"end":{}}],"line":37},"2":{"loc":{"start":{"line":53,"column":10},"end":{"line":53,"column":42}},"type":"if","locations":[{"start":{"line":53,"column":10},"end":{"line":53,"column":42}},{"start":{},"end":{}}],"line":53},"3":{"loc":{"start":{"line":66,"column":10},"end":{"line":66,"column":42}},"type":"if","locations":[{"start":{"line":66,"column":10},"end":{"line":66,"column":42}},{"start":{},"end":{}}],"line":66},"4":{"loc":{"start":{"line":77,"column":10},"end":{"line":77,"column":35}},"type":"default-arg","locations":[{"start":{"line":77,"column":33},"end":{"line":77,"column":35}}],"line":77},"5":{"loc":{"start":{"line":77,"column":37},"end":{"line":77,"column":70}},"type":"default-arg","locations":[{"start":{"line":77,"column":65},"end":{"line":77,"column":70}}],"line":77},"6":{"loc":{"start":{"line":78,"column":24},"end":{"line":78,"column":65}},"type":"cond-expr","locations":[{"start":{"line":78,"column":39},"end":{"line":78,"column":60}},{"start":{"line":78,"column":63},"end":{"line":78,"column":65}}],"line":78},"7":{"loc":{"start":{"line":79,"column":24},"end":{"line":79,"column":65}},"type":"cond-expr","locations":[{"start":{"line":79,"column":39},"end":{"line":79,"column":60}},{"start":{"line":79,"column":63},"end":{"line":79,"column":65}}],"line":79},"8":{"loc":{"start":{"line":80,"column":26},"end":{"line":80,"column":94}},"type":"cond-expr","locations":[{"start":{"line":80,"column":45},"end":{"line":80,"column":74}},{"start":{"line":80,"column":77},"end":{"line":80,"column":94}}],"line":80},"9":{"loc":{"start":{"line":93,"column":10},"end":{"line":93,"column":42}},"type":"if","locations":[{"start":{"line":93,"column":10},"end":{"line":93,"column":42}},{"start":{},"end":{}}],"line":93},"10":{"loc":{"start":{"line":108,"column":10},"end":{"line":110,"column":11}},"type":"if","locations":[{"start":{"line":108,"column":10},"end":{"line":110,"column":11}},{"start":{},"end":{}}],"line":108}},"s":{"0":0,"1":0,"2":0,"3":0,"4":0,"5":0,"6":0,"7":0,"8":0,"9":0,"10":0,"11":0,"12":0,"13":0,"14":0,"15":0,"16":0,"17":0,"18":0,"19":0,"20":0,"21":0,"22":0,"23":0,"24":0,"25":0,"26":0,"27":0,"28":0,"29":0,"30":0,"31":0,"32":0,"33":2},"f":{"0":0,"1":0,"2":0,"3":0,"4":0,"5":0,"6":0,"7":0,"8":0,"9":0,"10":0,"11":0,"12":0,"13":0,"14":0,"15":0,"16":0,"17":0},"b":{"0":[0,0],"1":[0,0],"2":[0,0],"3":[0,0],"4":[0],"5":[0],"6":[0,0],"7":[0,0],"8":[0,0],"9":[0,0],"10":[0,0]},"_coverageSchema":"1a1c01bbd47fc00a2c39e90264f33305004495a9","hash":"1373b6e71b8cddbe900d9cffefdbad6576558384"}
,"D:\\School\\Webutvikling prosjekt\\Prosjektoppgave-H23-1\\server\\src\\services\\users-Services.ts": {"path":"D:\\School\\Webutvikling prosjekt\\Prosjektoppgave-H23-1\\server\\src\\services\\users-Services.ts","statementMap":{"0":{"start":{"line":17,"column":4},"end":{"line":26,"column":7}},"1":{"start":{"line":18,"column":6},"end":{"line":25,"column":8}},"2":{"start":{"line":22,"column":10},"end":{"line":22,"column":42}},"3":{"start":{"line":22,"column":21},"end":{"line":22,"column":42}},"4":{"start":{"line":23,"column":10},"end":{"line":23,"column":36}},"5":{"start":{"line":31,"column":20},"end":{"line":31,"column":37}}},"fnMap":{"0":{"name":"(anonymous_0)","decl":{"start":{"line":16,"column":2},"end":{"line":16,"column":3}},"loc":{"start":{"line":16,"column":69},"end":{"line":27,"column":3}},"line":16},"1":{"name":"(anonymous_1)","decl":{"start":{"line":17,"column":31},"end":{"line":17,"column":32}},"loc":{"start":{"line":17,"column":52},"end":{"line":26,"column":5}},"line":17},"2":{"name":"(anonymous_2)","decl":{"start":{"line":21,"column":8},"end":{"line":21,"column":9}},"loc":{"start":{"line":21,"column":45},"end":{"line":24,"column":9}},"line":21}},"branchMap":{"0":{"loc":{"start":{"line":22,"column":10},"end":{"line":22,"column":42}},"type":"if","locations":[{"start":{"line":22,"column":10},"end":{"line":22,"column":42}},{"start":{},"end":{}}],"line":22}},"s":{"0":0,"1":0,"2":0,"3":0,"4":0,"5":2},"f":{"0":0,"1":0,"2":0},"b":{"0":[0,0]},"_coverageSchema":"1a1c01bbd47fc00a2c39e90264f33305004495a9","hash":"f6ca31e486dc672743d4f379158c7ffcdc723353"}
,"D:\\School\\Webutvikling prosjekt\\Prosjektoppgave-H23-1\\server\\src\\services\\votes-Services.ts": {"path":"D:\\School\\Webutvikling prosjekt\\Prosjektoppgave-H23-1\\server\\src\\services\\votes-Services.ts","statementMap":{"0":{"start":{"line":21,"column":4},"end":{"line":47,"column":7}},"1":{"start":{"line":22,"column":6},"end":{"line":46,"column":8}},"2":{"start":{"line":26,"column":10},"end":{"line":28,"column":11}},"3":{"start":{"line":27,"column":12},"end":{"line":27,"column":33}},"4":{"start":{"line":32,"column":10},"end":{"line":44,"column":12}},"5":{"start":{"line":36,"column":14},"end":{"line":38,"column":15}},"6":{"start":{"line":37,"column":16},"end":{"line":37,"column":37}},"7":{"start":{"line":39,"column":14},"end":{"line":41,"column":15}},"8":{"start":{"line":40,"column":16},"end":{"line":40,"column":73}},"9":{"start":{"line":42,"column":14},"end":{"line":42,"column":24}},"10":{"start":{"line":51,"column":21},"end":{"line":51,"column":38}}},"fnMap":{"0":{"name":"(anonymous_0)","decl":{"start":{"line":20,"column":2},"end":{"line":20,"column":3}},"loc":{"start":{"line":20,"column":67},"end":{"line":48,"column":3}},"line":20},"1":{"name":"(anonymous_1)","decl":{"start":{"line":21,"column":29},"end":{"line":21,"column":30}},"loc":{"start":{"line":21,"column":50},"end":{"line":47,"column":5}},"line":21},"2":{"name":"(anonymous_2)","decl":{"start":{"line":25,"column":8},"end":{"line":25,"column":9}},"loc":{"start":{"line":25,"column":19},"end":{"line":45,"column":9}},"line":25},"3":{"name":"(anonymous_3)","decl":{"start":{"line":35,"column":12},"end":{"line":35,"column":13}},"loc":{"start":{"line":35,"column":49},"end":{"line":43,"column":13}},"line":35}},"branchMap":{"0":{"loc":{"start":{"line":26,"column":10},"end":{"line":28,"column":11}},"type":"if","locations":[{"start":{"line":26,"column":10},"end":{"line":28,"column":11}},{"start":{},"end":{}}],"line":26},"1":{"loc":{"start":{"line":36,"column":14},"end":{"line":38,"column":15}},"type":"if","locations":[{"start":{"line":36,"column":14},"end":{"line":38,"column":15}},{"start":{},"end":{}}],"line":36},"2":{"loc":{"start":{"line":39,"column":14},"end":{"line":41,"column":15}},"type":"if","locations":[{"start":{"line":39,"column":14},"end":{"line":41,"column":15}},{"start":{},"end":{}}],"line":39}},"s":{"0":0,"1":0,"2":0,"3":0,"4":0,"5":0,"6":0,"7":0,"8":0,"9":0,"10":2},"f":{"0":0,"1":0,"2":0,"3":0},"b":{"0":[0,0],"1":[0,0],"2":[0,0]},"_coverageSchema":"1a1c01bbd47fc00a2c39e90264f33305004495a9","hash":"ebb1a03c74c1b617abca698bdab98beef57daa07"}
,"D:\\School\\Webutvikling prosjekt\\Prosjektoppgave-H23-1\\server\\test\\utils\\testSetup.ts": {"path":"D:\\School\\Webutvikling prosjekt\\Prosjektoppgave-H23-1\\server\\test\\utils\\testSetup.ts","statementMap":{"0":{"start":{"line":15,"column":27},"end":{"line":17,"column":3}},"1":{"start":{"line":19,"column":35},"end":{"line":25,"column":3}},"2":{"start":{"line":26,"column":31},"end":{"line":30,"column":3}},"3":{"start":{"line":32,"column":34},"end":{"line":61,"column":2}},"4":{"start":{"line":63,"column":25},"end":{"line":69,"column":2}},"5":{"start":{"line":71,"column":27},"end":{"line":75,"column":2}},"6":{"start":{"line":77,"column":34},"end":{"line":81,"column":2}},"7":{"start":{"line":83,"column":30},"end":{"line":91,"column":2}},"8":{"start":{"line":94,"column":1},"end":{"line":121,"column":1}},"9":{"start":{"line":95,"column":2},"end":{"line":119,"column":2}},"10":{"start":{"line":96,"column":3},"end":{"line":117,"column":2}},"11":{"start":{"line":98,"column":7},"end":{"line":98,"column":72}},"12":{"start":{"line":99,"column":7},"end":{"line":99,"column":13}},"13":{"start":{"line":101,"column":7},"end":{"line":101,"column":69}},"14":{"start":{"line":102,"column":7},"end":{"line":102,"column":13}},"15":{"start":{"line":104,"column":7},"end":{"line":104,"column":75}},"16":{"start":{"line":105,"column":7},"end":{"line":105,"column":13}},"17":{"start":{"line":107,"column":7},"end":{"line":107,"column":92}},"18":{"start":{"line":108,"column":7},"end":{"line":108,"column":13}},"19":{"start":{"line":110,"column":7},"end":{"line":110,"column":39}},"20":{"start":{"line":111,"column":7},"end":{"line":111,"column":13}},"21":{"start":{"line":113,"column":7},"end":{"line":113,"column":63}},"22":{"start":{"line":114,"column":7},"end":{"line":114,"column":13}},"23":{"start":{"line":116,"column":6},"end":{"line":116,"column":62}},"24":{"start":{"line":125,"column":2},"end":{"line":125,"column":47}},"25":{"start":{"line":128,"column":2},"end":{"line":128,"column":47}},"26":{"start":{"line":129,"column":2},"end":{"line":129,"column":43}},"27":{"start":{"line":130,"column":2},"end":{"line":130,"column":46}},"28":{"start":{"line":131,"column":2},"end":{"line":131,"column":45}},"29":{"start":{"line":132,"column":2},"end":{"line":132,"column":47}},"30":{"start":{"line":133,"column":2},"end":{"line":133,"column":51}},"31":{"start":{"line":134,"column":2},"end":{"line":134,"column":42}},"32":{"start":{"line":135,"column":2},"end":{"line":135,"column":43}},"33":{"start":{"line":137,"column":2},"end":{"line":137,"column":30}},"34":{"start":{"line":139,"column":2},"end":{"line":139,"column":47}}},"fnMap":{"0":{"name":"(anonymous_0)","decl":{"start":{"line":13,"column":1},"end":{"line":13,"column":2}},"loc":{"start":{"line":13,"column":25},"end":{"line":122,"column":1}},"line":13},"1":{"name":"(anonymous_1)","decl":{"start":{"line":124,"column":1},"end":{"line":124,"column":2}},"loc":{"start":{"line":124,"column":30},"end":{"line":141,"column":2}},"line":124}},"branchMap":{"0":{"loc":{"start":{"line":96,"column":3},"end":{"line":117,"column":2}},"type":"switch","locations":[{"start":{"line":97,"column":5},"end":{"line":99,"column":13}},{"start":{"line":100,"column":5},"end":{"line":102,"column":13}},{"start":{"line":103,"column":5},"end":{"line":105,"column":13}},{"start":{"line":106,"column":5},"end":{"line":108,"column":13}},{"start":{"line":109,"column":5},"end":{"line":111,"column":13}},{"start":{"line":112,"column":5},"end":{"line":114,"column":13}},{"start":{"line":115,"column":5},"end":{"line":116,"column":62}}],"line":96}},"s":{"0":0,"1":0,"2":0,"3":0,"4":0,"5":0,"6":0,"7":0,"8":0,"9":0,"10":0,"11":0,"12":0,"13":0,"14":0,"15":0,"16":0,"17":0,"18":0,"19":0,"20":0,"21":0,"22":0,"23":0,"24":3,"25":0,"26":0,"27":0,"28":0,"29":0,"30":0,"31":0,"32":0,"33":0,"34":0},"f":{"0":0,"1":3},"b":{"0":[0,0,0,0,0,0,0]},"_coverageSchema":"1a1c01bbd47fc00a2c39e90264f33305004495a9","hash":"e89ee641c2b892b096dcdb6fc832fab8b52bee88"}
}
