TN:
SF:src\app.ts
FNF:0
FNH:0
DA:15,1
DA:17,1
DA:19,1
DA:20,1
DA:21,1
DA:22,1
DA:23,1
DA:24,1
LF:8
LH:8
BRF:0
BRH:0
end_of_record
TN:
SF:src\mysql-pool.ts
FN:18,(anonymous_0)
FNF:1
FNH:1
FNDA:135,(anonymous_0)
DA:10,1
DA:19,135
DA:20,0
DA:22,135
DA:23,5
DA:25,130
LF:6
LH:5
BRDA:19,0,0,0
BRDA:19,0,1,135
BRDA:19,1,0,135
BRDA:19,1,1,0
BRDA:22,2,0,5
BRDA:22,2,1,130
BRDA:22,3,0,135
BRDA:22,3,1,5
BRF:8
BRH:6
end_of_record
TN:
SF:src\routers\answerRouters.ts
FN:13,(anonymous_0)
FN:17,(anonymous_1)
FN:18,(anonymous_2)
FN:23,(anonymous_3)
FN:31,(anonymous_4)
FN:32,(anonymous_5)
FN:36,(anonymous_6)
FN:40,(anonymous_7)
FN:41,(anonymous_8)
FN:48,(anonymous_9)
FN:53,(anonymous_10)
FN:54,(anonymous_11)
FN:61,(anonymous_12)
FN:64,(anonymous_13)
FN:65,(anonymous_14)
FN:69,(anonymous_15)
FN:75,(anonymous_16)
FN:82,(anonymous_17)
FN:83,(anonymous_18)
FN:90,(anonymous_19)
FN:92,(anonymous_20)
FN:93,(anonymous_21)
FNF:22
FNH:13
FNDA:2,(anonymous_0)
FNDA:2,(anonymous_1)
FNDA:0,(anonymous_2)
FNDA:2,(anonymous_3)
FNDA:1,(anonymous_4)
FNDA:0,(anonymous_5)
FNDA:2,(anonymous_6)
FNDA:1,(anonymous_7)
FNDA:0,(anonymous_8)
FNDA:0,(anonymous_9)
FNDA:0,(anonymous_10)
FNDA:0,(anonymous_11)
FNDA:1,(anonymous_12)
FNDA:1,(anonymous_13)
FNDA:0,(anonymous_14)
FNDA:3,(anonymous_15)
FNDA:2,(anonymous_16)
FNDA:2,(anonymous_17)
FNDA:0,(anonymous_18)
FNDA:1,(anonymous_19)
FNDA:1,(anonymous_20)
FNDA:0,(anonymous_21)
DA:10,1
DA:13,1
DA:14,2
DA:16,2
DA:17,2
DA:18,0
DA:23,1
DA:24,2
DA:26,2
DA:27,1
DA:30,1
DA:31,1
DA:32,0
DA:36,1
DA:37,2
DA:38,2
DA:39,1
DA:40,1
DA:41,0
DA:43,1
DA:48,1
DA:49,0
DA:50,0
DA:51,0
DA:52,0
DA:53,0
DA:54,0
DA:56,0
DA:61,1
DA:62,1
DA:63,1
DA:64,1
DA:65,0
DA:69,1
DA:70,3
DA:72,3
DA:73,3
DA:74,2
DA:76,2
DA:77,1
DA:79,1
DA:82,2
DA:83,0
DA:85,1
DA:90,1
DA:91,1
DA:92,1
DA:93,0
LF:48
LH:35
BRDA:17,0,0,1
BRDA:17,0,1,1
BRDA:26,1,0,1
BRDA:26,1,1,1
BRDA:31,2,0,1
BRDA:31,2,1,0
BRDA:38,3,0,1
BRDA:38,3,1,1
BRDA:38,4,0,2
BRDA:38,4,1,1
BRDA:38,4,2,1
BRDA:51,5,0,0
BRDA:51,5,1,0
BRDA:51,6,0,0
BRDA:51,6,1,0
BRDA:73,7,0,2
BRDA:73,7,1,1
BRDA:76,8,0,1
BRDA:76,8,1,1
BRF:19
BRH:14
end_of_record
TN:
SF:src\routers\commentRouters.ts
FN:14,(anonymous_0)
FN:17,(anonymous_1)
FN:18,(anonymous_2)
FN:22,(anonymous_3)
FN:30,(anonymous_4)
FN:36,(anonymous_5)
FN:42,(anonymous_6)
FN:48,(anonymous_7)
FN:49,(anonymous_8)
FN:56,(anonymous_9)
FN:61,(anonymous_10)
FN:62,(anonymous_11)
FN:69,(anonymous_12)
FN:72,(anonymous_13)
FN:73,(anonymous_14)
FNF:15
FNH:10
FNDA:1,(anonymous_0)
FNDA:1,(anonymous_1)
FNDA:0,(anonymous_2)
FNDA:2,(anonymous_3)
FNDA:2,(anonymous_4)
FNDA:0,(anonymous_5)
FNDA:2,(anonymous_6)
FNDA:1,(anonymous_7)
FNDA:0,(anonymous_8)
FNDA:2,(anonymous_9)
FNDA:1,(anonymous_10)
FNDA:0,(anonymous_11)
FNDA:2,(anonymous_12)
FNDA:0,(anonymous_13)
FNDA:2,(anonymous_14)
DA:11,1
DA:14,1
DA:15,1
DA:17,1
DA:18,0
DA:22,1
DA:23,2
DA:25,2
DA:26,0
DA:29,2
DA:31,2
DA:32,1
DA:34,1
DA:36,0
DA:42,1
DA:43,2
DA:46,2
DA:47,1
DA:48,1
DA:49,0
DA:51,1
DA:56,1
DA:57,2
DA:58,2
DA:59,2
DA:60,1
DA:61,1
DA:62,0
DA:64,1
DA:69,1
DA:70,2
DA:71,2
DA:72,0
DA:73,2
LF:34
LH:28
BRDA:25,0,0,0
BRDA:25,0,1,2
BRDA:31,1,0,1
BRDA:31,1,1,1
BRDA:46,2,0,1
BRDA:46,2,1,1
BRDA:46,3,0,2
BRDA:46,3,1,2
BRDA:46,3,2,1
BRDA:46,3,3,0
BRDA:59,4,0,1
BRDA:59,4,1,1
BRDA:59,5,0,2
BRDA:59,5,1,2
BRF:14
BRH:12
end_of_record
TN:
SF:src\routers\favoriteRouters.ts
FN:13,(anonymous_0)
FN:17,(anonymous_1)
FN:18,(anonymous_2)
FN:22,(anonymous_3)
FN:26,(anonymous_4)
FN:27,(anonymous_5)
FN:34,(anonymous_6)
FN:38,(anonymous_7)
FN:39,(anonymous_8)
FNF:9
FNH:6
FNDA:2,(anonymous_0)
FNDA:2,(anonymous_1)
FNDA:0,(anonymous_2)
FNDA:2,(anonymous_3)
FNDA:1,(anonymous_4)
FNDA:0,(anonymous_5)
FNDA:2,(anonymous_6)
FNDA:1,(anonymous_7)
FNDA:0,(anonymous_8)
DA:10,1
DA:13,1
DA:14,2
DA:16,2
DA:17,2
DA:18,0
DA:22,1
DA:23,2
DA:24,2
DA:25,1
DA:26,1
DA:27,0
DA:29,1
DA:34,1
DA:35,2
DA:36,2
DA:37,1
DA:38,1
DA:39,0
DA:41,1
LF:20
LH:17
BRDA:17,0,0,1
BRDA:17,0,1,1
BRDA:24,1,0,1
BRDA:24,1,1,1
BRDA:24,2,0,2
BRDA:24,2,1,2
BRDA:36,3,0,1
BRDA:36,3,1,1
BRDA:36,4,0,2
BRDA:36,4,1,2
BRF:10
BRH:10
end_of_record
TN:
SF:src\routers\questionRouters.ts
FN:12,(anonymous_0)
FN:15,(anonymous_1)
FN:16,(anonymous_2)
FN:20,(anonymous_3)
FN:24,(anonymous_4)
FN:25,(anonymous_5)
FN:30,(anonymous_6)
FN:45,(anonymous_7)
FN:46,(anonymous_8)
FN:54,(anonymous_9)
FN:60,(anonymous_10)
FN:61,(anonymous_11)
FN:68,(anonymous_12)
FN:77,(anonymous_13)
FN:78,(anonymous_14)
FN:83,(anonymous_15)
FN:86,(anonymous_16)
FN:87,(anonymous_17)
FNF:18
FNH:13
FNDA:1,(anonymous_0)
FNDA:1,(anonymous_1)
FNDA:0,(anonymous_2)
FNDA:2,(anonymous_3)
FNDA:2,(anonymous_4)
FNDA:0,(anonymous_5)
FNDA:2,(anonymous_6)
FNDA:1,(anonymous_7)
FNDA:0,(anonymous_8)
FNDA:2,(anonymous_9)
FNDA:1,(anonymous_10)
FNDA:0,(anonymous_11)
FNDA:2,(anonymous_12)
FNDA:1,(anonymous_13)
FNDA:0,(anonymous_14)
FNDA:2,(anonymous_15)
FNDA:1,(anonymous_16)
FNDA:1,(anonymous_17)
DA:9,1
DA:12,1
DA:13,1
DA:15,1
DA:16,0
DA:20,1
DA:21,2
DA:22,2
DA:24,2
DA:25,0
DA:30,1
DA:31,2
DA:32,2
DA:33,1
DA:34,1
DA:36,2
DA:43,1
DA:45,1
DA:46,0
DA:48,1
DA:54,1
DA:55,2
DA:56,2
DA:57,2
DA:58,1
DA:60,1
DA:61,0
DA:63,1
DA:68,1
DA:69,2
DA:71,2
DA:72,1
DA:75,1
DA:77,1
DA:78,0
DA:83,1
DA:84,2
DA:86,1
DA:87,1
LF:39
LH:34
BRDA:24,0,0,1
BRDA:24,0,1,1
BRDA:32,1,0,1
BRDA:32,1,1,1
BRDA:32,2,0,2
BRDA:32,2,1,1
BRDA:36,3,0,1
BRDA:36,3,1,1
BRDA:37,4,0,2
BRDA:37,4,1,1
BRDA:37,4,2,1
BRDA:37,4,3,1
BRDA:37,4,4,1
BRDA:57,5,0,1
BRDA:57,5,1,1
BRDA:57,6,0,2
BRDA:57,6,1,2
BRDA:57,6,2,1
BRDA:71,7,0,1
BRDA:71,7,1,1
BRF:20
BRH:20
end_of_record
TN:
SF:src\routers\tagsRouters.ts
FN:12,(anonymous_0)
FN:15,(anonymous_1)
FN:16,(anonymous_2)
FN:20,(anonymous_3)
FN:26,(anonymous_4)
FN:27,(anonymous_5)
FN:35,(anonymous_6)
FN:42,(anonymous_7)
FN:43,(anonymous_8)
FN:51,(anonymous_9)
FN:54,(anonymous_10)
FN:55,(anonymous_11)
FNF:12
FNH:8
FNDA:1,(anonymous_0)
FNDA:1,(anonymous_1)
FNDA:0,(anonymous_2)
FNDA:3,(anonymous_3)
FNDA:1,(anonymous_4)
FNDA:0,(anonymous_5)
FNDA:2,(anonymous_6)
FNDA:1,(anonymous_7)
FNDA:0,(anonymous_8)
FNDA:1,(anonymous_9)
FNDA:1,(anonymous_10)
FNDA:0,(anonymous_11)
DA:9,1
DA:12,1
DA:13,1
DA:15,1
DA:16,0
DA:20,1
DA:21,3
DA:23,3
DA:24,1
DA:26,1
DA:27,0
DA:29,2
DA:35,1
DA:36,2
DA:39,2
DA:40,1
DA:42,1
DA:43,0
DA:45,1
DA:51,1
DA:52,1
DA:54,1
DA:55,0
LF:23
LH:19
BRDA:23,0,0,1
BRDA:23,0,1,2
BRDA:23,1,0,3
BRDA:23,1,1,1
BRDA:39,2,0,1
BRDA:39,2,1,1
BRDA:39,3,0,2
BRDA:39,3,1,1
BRF:8
BRH:8
end_of_record
TN:
SF:src\routers\voteRouters.ts
FN:11,(anonymous_0)
FN:21,(anonymous_1)
FN:22,(anonymous_2)
FNF:3
FNH:3
FNDA:3,(anonymous_0)
FNDA:1,(anonymous_1)
FNDA:1,(anonymous_2)
DA:9,1
DA:11,1
DA:12,3
DA:13,3
DA:14,3
DA:16,3
DA:17,1
DA:20,2
DA:21,1
DA:22,1
LF:10
LH:10
BRDA:16,0,0,1
BRDA:16,0,1,2
BRDA:16,1,0,3
BRDA:16,1,1,1
BRF:4
BRH:4
end_of_record
TN:
SF:src\services\answers-Services.ts
FN:26,(anonymous_0)
FN:27,(anonymous_1)
FN:31,(anonymous_2)
FN:44,(anonymous_3)
FN:45,(anonymous_4)
FN:49,(anonymous_5)
FN:60,(anonymous_6)
FN:61,(anonymous_7)
FN:65,(anonymous_8)
FN:76,(anonymous_9)
FN:77,(anonymous_10)
FN:81,(anonymous_11)
FN:93,(anonymous_12)
FN:94,(anonymous_13)
FN:98,(anonymous_14)
FN:110,(anonymous_15)
FN:111,(anonymous_16)
FN:115,(anonymous_17)
FN:131,(anonymous_18)
FN:132,(anonymous_19)
FN:135,(anonymous_20)
FNF:21
FNH:18
FNDA:4,(anonymous_0)
FNDA:4,(anonymous_1)
FNDA:4,(anonymous_2)
FNDA:1,(anonymous_3)
FNDA:1,(anonymous_4)
FNDA:1,(anonymous_5)
FNDA:142,(anonymous_6)
FNDA:142,(anonymous_7)
FNDA:142,(anonymous_8)
FNDA:0,(anonymous_9)
FNDA:0,(anonymous_10)
FNDA:0,(anonymous_11)
FNDA:1,(anonymous_12)
FNDA:1,(anonymous_13)
FNDA:1,(anonymous_14)
FNDA:1,(anonymous_15)
FNDA:1,(anonymous_16)
FNDA:1,(anonymous_17)
FNDA:1,(anonymous_18)
FNDA:1,(anonymous_19)
FNDA:1,(anonymous_20)
DA:27,4
DA:28,4
DA:32,4
DA:34,4
DA:45,1
DA:46,1
DA:50,1
DA:51,1
DA:61,142
DA:62,142
DA:66,142
DA:67,142
DA:77,0
DA:78,0
DA:82,0
DA:83,0
DA:84,0
DA:94,1
DA:95,1
DA:99,1
DA:100,1
DA:101,1
DA:111,1
DA:112,1
DA:116,1
DA:117,0
DA:119,1
DA:120,0
DA:122,1
DA:132,1
DA:133,1
DA:136,1
DA:138,1
DA:145,1
LF:34
LH:27
BRDA:32,0,0,0
BRDA:32,0,1,4
BRDA:50,1,0,0
BRDA:50,1,1,1
BRDA:66,2,0,0
BRDA:66,2,1,142
BRDA:82,3,0,0
BRDA:82,3,1,0
BRDA:83,4,0,0
BRDA:83,4,1,0
BRDA:99,5,0,0
BRDA:99,5,1,1
BRDA:100,6,0,0
BRDA:100,6,1,1
BRDA:116,7,0,0
BRDA:116,7,1,1
BRDA:119,8,0,0
BRDA:119,8,1,1
BRDA:136,9,0,0
BRDA:136,9,1,1
BRF:20
BRH:8
end_of_record
TN:
SF:src\services\comments-Services.ts
FN:25,(anonymous_0)
FN:26,(anonymous_1)
FN:30,(anonymous_2)
FN:41,(anonymous_3)
FN:42,(anonymous_4)
FN:47,(anonymous_5)
FN:59,(anonymous_6)
FN:65,(anonymous_7)
FN:72,(anonymous_8)
FN:83,(anonymous_9)
FN:84,(anonymous_10)
FN:88,(anonymous_11)
FN:100,(anonymous_12)
FN:101,(anonymous_13)
FN:105,(anonymous_14)
FNF:15
FNH:15
FNDA:1,(anonymous_0)
FNDA:1,(anonymous_1)
FNDA:1,(anonymous_2)
FNDA:2,(anonymous_3)
FNDA:2,(anonymous_4)
FNDA:2,(anonymous_5)
FNDA:189,(anonymous_6)
FNDA:189,(anonymous_7)
FNDA:189,(anonymous_8)
FNDA:1,(anonymous_9)
FNDA:1,(anonymous_10)
FNDA:1,(anonymous_11)
FNDA:2,(anonymous_12)
FNDA:2,(anonymous_13)
FNDA:2,(anonymous_14)
DA:26,1
DA:28,1
DA:31,1
DA:32,1
DA:42,2
DA:44,2
DA:48,2
DA:50,2
DA:65,189
DA:67,189
DA:68,189
DA:69,189
DA:73,189
DA:74,189
DA:84,1
DA:85,1
DA:89,1
DA:90,1
DA:91,1
DA:101,2
DA:102,2
DA:106,2
DA:107,0
DA:108,0
DA:116,1
LF:25
LH:23
BRDA:31,0,0,0
BRDA:31,0,1,1
BRDA:48,1,0,0
BRDA:48,1,1,2
BRDA:67,2,0,95
BRDA:67,2,1,94
BRDA:68,3,0,95
BRDA:68,3,1,94
BRDA:73,4,0,0
BRDA:73,4,1,189
BRDA:89,5,0,0
BRDA:89,5,1,1
BRDA:90,6,0,0
BRDA:90,6,1,1
BRDA:106,7,0,2
BRDA:106,7,1,0
BRDA:107,8,0,0
BRDA:107,8,1,0
BRF:18
BRH:10
end_of_record
TN:
SF:src\services\favorites-Services.ts
FN:21,(anonymous_0)
FN:22,(anonymous_1)
FN:25,(anonymous_2)
FN:37,(anonymous_3)
FN:38,(anonymous_4)
FN:42,(anonymous_5)
FN:59,(anonymous_6)
FN:60,(anonymous_7)
FN:64,(anonymous_8)
FNF:9
FNH:9
FNDA:2,(anonymous_0)
FNDA:2,(anonymous_1)
FNDA:2,(anonymous_2)
FNDA:142,(anonymous_3)
FNDA:142,(anonymous_4)
FNDA:142,(anonymous_5)
FNDA:1,(anonymous_6)
FNDA:1,(anonymous_7)
FNDA:1,(anonymous_8)
DA:22,2
DA:23,2
DA:26,2
DA:27,0
DA:29,2
DA:38,142
DA:39,142
DA:43,142
DA:45,0
DA:46,0
DA:48,0
DA:50,142
DA:60,1
DA:61,1
DA:65,1
DA:66,0
DA:68,1
DA:69,0
DA:71,1
DA:78,1
LF:20
LH:14
BRDA:26,0,0,0
BRDA:26,0,1,2
BRDA:43,1,0,0
BRDA:43,1,1,142
BRDA:45,2,0,0
BRDA:45,2,1,0
BRDA:65,3,0,0
BRDA:65,3,1,1
BRDA:68,4,0,0
BRDA:68,4,1,1
BRF:10
BRH:4
end_of_record
TN:
SF:src\services\questions-Services.ts
FN:25,(anonymous_0)
FN:26,(anonymous_1)
FN:30,(anonymous_2)
FN:42,(anonymous_3)
FN:43,(anonymous_4)
FN:44,(anonymous_5)
FN:55,(anonymous_6)
FN:56,(anonymous_7)
FN:60,(anonymous_8)
FN:71,(anonymous_9)
FN:72,(anonymous_10)
FN:76,(anonymous_11)
FN:90,(anonymous_12)
FN:91,(anonymous_13)
FN:95,(anonymous_14)
FN:109,(anonymous_15)
FN:110,(anonymous_16)
FN:114,(anonymous_17)
FNF:18
FNH:18
FNDA:2,(anonymous_0)
FNDA:2,(anonymous_1)
FNDA:2,(anonymous_2)
FNDA:1,(anonymous_3)
FNDA:1,(anonymous_4)
FNDA:1,(anonymous_5)
FNDA:236,(anonymous_6)
FNDA:236,(anonymous_7)
FNDA:236,(anonymous_8)
FNDA:1,(anonymous_9)
FNDA:1,(anonymous_10)
FNDA:1,(anonymous_11)
FNDA:2,(anonymous_12)
FNDA:2,(anonymous_13)
FNDA:2,(anonymous_14)
FNDA:1,(anonymous_15)
FNDA:1,(anonymous_16)
FNDA:1,(anonymous_17)
DA:26,2
DA:27,2
DA:31,2
DA:33,2
DA:43,1
DA:44,1
DA:45,1
DA:47,1
DA:56,236
DA:57,236
DA:61,236
DA:62,236
DA:72,1
DA:73,1
DA:77,1
DA:78,1
DA:79,0
DA:81,1
DA:91,2
DA:92,2
DA:96,2
DA:97,2
DA:98,1
DA:100,1
DA:110,1
DA:111,1
DA:115,1
DA:116,1
DA:117,0
DA:119,1
DA:126,1
LF:31
LH:29
BRDA:31,0,0,0
BRDA:31,0,1,2
BRDA:45,1,0,0
BRDA:45,1,1,1
BRDA:61,2,0,0
BRDA:61,2,1,236
BRDA:77,3,0,0
BRDA:77,3,1,1
BRDA:78,4,0,0
BRDA:78,4,1,1
BRDA:96,5,0,0
BRDA:96,5,1,2
BRDA:97,6,0,1
BRDA:97,6,1,1
BRDA:115,7,0,0
BRDA:115,7,1,1
BRDA:116,8,0,0
BRDA:116,8,1,1
BRF:18
BRH:10
end_of_record
TN:
SF:src\services\tags-Services.ts
FN:18,(anonymous_0)
FN:19,(anonymous_1)
FN:23,(anonymous_2)
FN:34,(anonymous_3)
FN:35,(anonymous_4)
FN:39,(anonymous_5)
FN:51,(anonymous_6)
FN:52,(anonymous_7)
FN:56,(anonymous_8)
FN:65,(anonymous_9)
FN:66,(anonymous_10)
FN:72,(anonymous_11)
FNF:12
FNH:12
FNDA:1,(anonymous_0)
FNDA:1,(anonymous_1)
FNDA:1,(anonymous_2)
FNDA:142,(anonymous_3)
FNDA:142,(anonymous_4)
FNDA:142,(anonymous_5)
FNDA:236,(anonymous_6)
FNDA:236,(anonymous_7)
FNDA:236,(anonymous_8)
FNDA:1,(anonymous_9)
FNDA:1,(anonymous_10)
FNDA:1,(anonymous_11)
DA:19,1
DA:20,1
DA:24,1
DA:25,1
DA:35,142
DA:36,142
DA:40,142
DA:41,142
DA:52,236
DA:53,236
DA:57,236
DA:58,236
DA:66,1
DA:67,1
DA:73,1
DA:74,0
DA:76,1
DA:83,1
LF:18
LH:17
BRDA:24,0,0,0
BRDA:24,0,1,1
BRDA:40,1,0,0
BRDA:40,1,1,142
BRDA:57,2,0,0
BRDA:57,2,1,236
BRDA:73,3,0,0
BRDA:73,3,1,1
BRF:8
BRH:4
end_of_record
TN:
SF:src\services\users-Services.ts
FN:16,(anonymous_0)
FN:17,(anonymous_1)
FN:21,(anonymous_2)
FNF:3
FNH:3
FNDA:47,(anonymous_0)
FNDA:47,(anonymous_1)
FNDA:47,(anonymous_2)
DA:17,47
DA:18,47
DA:22,47
DA:23,47
DA:31,1
LF:5
LH:5
BRDA:22,0,0,0
BRDA:22,0,1,47
BRF:2
BRH:1
end_of_record
TN:
SF:src\services\votes-Services.ts
FN:20,(anonymous_0)
FN:21,(anonymous_1)
FN:25,(anonymous_2)
FN:35,(anonymous_3)
FNF:4
FNH:4
FNDA:2,(anonymous_0)
FNDA:2,(anonymous_1)
FNDA:2,(anonymous_2)
FNDA:1,(anonymous_3)
DA:21,2
DA:22,2
DA:26,2
DA:27,1
DA:32,1
DA:36,1
DA:37,0
DA:39,1
DA:40,0
DA:42,1
DA:51,1
LF:11
LH:9
BRDA:26,0,0,1
BRDA:26,0,1,1
BRDA:36,1,0,0
BRDA:36,1,1,1
BRDA:39,2,0,0
BRDA:39,2,1,1
BRF:6
BRH:4
end_of_record
TN:
SF:test\utils\testSetup.ts
FN:162,(anonymous_0)
FN:202,(anonymous_1)
FN:218,(anonymous_2)
FN:225,(anonymous_3)
FNF:4
FNH:4
FNDA:1128,(anonymous_0)
FNDA:47,(anonymous_1)
FNDA:1128,(anonymous_2)
FNDA:47,(anonymous_3)
DA:13,1
DA:17,1
DA:64,1
DA:97,1
DA:136,1
DA:144,1
DA:150,1
DA:156,1
DA:163,1128
DA:165,47
DA:166,47
DA:167,47
DA:169,235
DA:170,235
DA:171,235
DA:173,141
DA:174,141
DA:175,141
DA:177,188
DA:178,188
DA:184,188
DA:186,235
DA:187,235
DA:188,235
DA:190,141
DA:191,141
DA:192,141
DA:194,141
DA:195,141
DA:196,141
DA:198,0
DA:203,47
DA:215,47
DA:216,329
DA:217,329
DA:219,1128
DA:226,47
DA:229,47
DA:230,47
DA:231,47
DA:232,47
DA:233,47
DA:234,47
DA:235,47
DA:236,47
DA:238,47
DA:239,47
DA:241,0
DA:244,47
LF:49
LH:47
BRDA:163,0,0,47
BRDA:163,0,1,235
BRDA:163,0,2,141
BRDA:163,0,3,188
BRDA:163,0,4,235
BRDA:163,0,5,141
BRDA:163,0,6,141
BRDA:163,0,7,0
BRDA:216,1,0,329
BRDA:216,1,1,0
BRF:10
BRH:8
end_of_record
